<?xml version="1.0" encoding="UTF-8"?>
<testsuite xmlns:xsi="http://www.w3.org/2001/XMLSchema-instance" xsi:noNamespaceSchemaLocation="https://maven.apache.org/surefire/maven-surefire-plugin/xsd/surefire-test-report.xsd" name="org.jboss.additional.testsuite.jdkall.present.logging.misc.LoggingServletTestCase" time="2.473" tests="4" errors="0" skipped="0" failures="0">
  <properties>
    <property name="awt.toolkit" value="sun.awt.X11.XToolkit"/>
    <property name="jboss.server.config.file.name" value="standalone-full.xml"/>
    <property name="java.specification.version" value="11"/>
    <property name="sun.cpu.isalist" value=""/>
    <property name="sun.jnu.encoding" value="UTF-8"/>
    <property name="java.class.path" value="/home/loukas/Desktop/server/wildfly/EAT/EAT/modules/testcases/jdkAll/WildflyRelease-20.0.0.Final/logging/test-configurations/target/test-classes:/home/loukas/Desktop/server/wildfly/EAT/EAT/modules/testcases/jdkAll/WildflyRelease-20.0.0.Final/logging/test-configurations/target/classes:/root/.m2/repository/org/wildfly/arquillian/wildfly-arquillian-container-managed/2.2.0.Final/wildfly-arquillian-container-managed-2.2.0.Final.jar:/root/.m2/repository/org/wildfly/arquillian/wildfly-arquillian-common/2.2.0.Final/wildfly-arquillian-common-2.2.0.Final.jar:/root/.m2/repository/org/jboss/arquillian/testenricher/arquillian-testenricher-cdi/1.4.0.Final/arquillian-testenricher-cdi-1.4.0.Final.jar:/root/.m2/repository/org/jboss/arquillian/testenricher/arquillian-testenricher-ejb/1.4.0.Final/arquillian-testenricher-ejb-1.4.0.Final.jar:/root/.m2/repository/org/jboss/arquillian/testenricher/arquillian-testenricher-initialcontext/1.4.0.Final/arquillian-testenricher-initialcontext-1.4.0.Final.jar:/root/.m2/repository/org/jboss/arquillian/testenricher/arquillian-testenricher-resource/1.4.0.Final/arquillian-testenricher-resource-1.4.0.Final.jar:/root/.m2/repository/org/jboss/arquillian/protocol/arquillian-protocol-servlet/1.4.0.Final/arquillian-protocol-servlet-1.4.0.Final.jar:/root/.m2/repository/org/wildfly/arquillian/wildfly-arquillian-testenricher-msc/2.2.0.Final/wildfly-arquillian-testenricher-msc-2.2.0.Final.jar:/root/.m2/repository/org/wildfly/plugins/wildfly-plugin-core/2.0.0.Final/wildfly-plugin-core-2.0.0.Final.jar:/root/.m2/repository/org/jboss/shrinkwrap/descriptors/shrinkwrap-descriptors-impl-base/2.0.0/shrinkwrap-descriptors-impl-base-2.0.0.jar:/root/.m2/repository/org/wildfly/arquillian/wildfly-arquillian-protocol-jmx/2.2.0.Final/wildfly-arquillian-protocol-jmx-2.2.0.Final.jar:/root/.m2/repository/org/jboss/arquillian/core/arquillian-core-spi/1.4.0.Final/arquillian-core-spi-1.4.0.Final.jar:/root/.m2/repository/org/jboss/arquillian/protocol/arquillian-protocol-jmx/1.4.0.Final/arquillian-protocol-jmx-1.4.0.Final.jar:/root/.m2/repository/org/wildfly/core/wildfly-jmx/9.0.1.Final/wildfly-jmx-9.0.1.Final.jar:/root/.m2/repository/org/jboss/xnio/xnio-api/3.7.2.Final/xnio-api-3.7.2.Final.jar:/root/.m2/repository/org/jboss/xnio/xnio-nio/3.7.2.Final/xnio-nio-3.7.2.Final.jar:/root/.m2/repository/org/jboss/logging/jboss-logging/3.4.0.Final/jboss-logging-3.4.0.Final.jar:/root/.m2/repository/org/jboss/marshalling/jboss-marshalling/2.0.7.Final/jboss-marshalling-2.0.7.Final.jar:/root/.m2/repository/org/jboss/marshalling/jboss-marshalling-river/2.0.7.Final/jboss-marshalling-river-2.0.7.Final.jar:/root/.m2/repository/org/jboss/remoting/jboss-remoting/5.0.12.Final/jboss-remoting-5.0.12.Final.jar:/root/.m2/repository/org/jboss/remotingjmx/remoting-jmx/3.0.3.Final/remoting-jmx-3.0.3.Final.jar:/root/.m2/repository/javax/inject/javax.inject/1/javax.inject-1.jar:/root/.m2/repository/org/wildfly/core/wildfly-launcher/9.0.1.Final/wildfly-launcher-9.0.1.Final.jar:/root/.m2/repository/org/jboss/arquillian/core/arquillian-core-api/1.4.0.Final/arquillian-core-api-1.4.0.Final.jar:/root/.m2/repository/org/jboss/shrinkwrap/shrinkwrap-api/1.2.6/shrinkwrap-api-1.2.6.jar:/root/.m2/repository/org/wildfly/wildfly-testsuite-shared/20.0.0.Final/wildfly-testsuite-shared-20.0.0.Final.jar:/root/.m2/repository/javax/enterprise/cdi-api/2.0.SP1/cdi-api-2.0.SP1.jar:/root/.m2/repository/org/jboss/spec/javax/ejb/jboss-ejb-api_3.2_spec/1.0.2.Final/jboss-ejb-api_3.2_spec-1.0.2.Final.jar:/root/.m2/repository/org/jboss/spec/javax/servlet/jboss-servlet-api_4.0_spec/1.0.0.Final/jboss-servlet-api_4.0_spec-1.0.0.Final.jar:/root/.m2/repository/org/jboss/spec/javax/transaction/jboss-transaction-api_1.2_spec/1.1.1.Final/jboss-transaction-api_1.2_spec-1.1.1.Final.jar:/root/.m2/repository/org/wildfly/wildfly-security-api/20.0.0.Final/wildfly-security-api-20.0.0.Final.jar:/root/.m2/repository/org/apache/directory/server/apacheds-all/2.0.0-M24/apacheds-all-2.0.0-M24.jar:/root/.m2/repository/org/wildfly/core/wildfly-core-testsuite-shared/9.0.1.Final/wildfly-core-testsuite-shared-9.0.1.Final.jar:/root/.m2/repository/commons-lang/commons-lang/2.6/commons-lang-2.6.jar:/root/.m2/repository/commons-io/commons-io/2.5/commons-io-2.5.jar:/root/.m2/repository/org/jboss/shrinkwrap/shrinkwrap-impl-base/1.2.6/shrinkwrap-impl-base-1.2.6.jar:/root/.m2/repository/org/jboss/shrinkwrap/shrinkwrap-spi/1.2.6/shrinkwrap-spi-1.2.6.jar:/root/.m2/repository/org/jboss/logging/commons-logging-jboss-logging/1.0.0.Final/commons-logging-jboss-logging-1.0.0.Final.jar:/root/.m2/repository/org/wildfly/core/wildfly-elytron-integration/9.0.1.Final/wildfly-elytron-integration-9.0.1.Final.jar:/root/.m2/repository/org/glassfish/javax.json/1.1.2/javax.json-1.1.2.jar:/root/.m2/repository/org/wildfly/core/wildfly-server/9.0.1.Final/wildfly-server-9.0.1.Final.jar:/root/.m2/repository/org/wildfly/core/wildfly-domain-http-interface/9.0.1.Final/wildfly-domain-http-interface-9.0.1.Final.jar:/root/.m2/repository/org/wildfly/core/wildfly-deployment-repository/9.0.1.Final/wildfly-deployment-repository-9.0.1.Final.jar:/root/.m2/repository/org/wildfly/core/wildfly-platform-mbean/9.0.1.Final/wildfly-platform-mbean-9.0.1.Final.jar:/root/.m2/repository/org/wildfly/core/wildfly-process-controller/9.0.1.Final/wildfly-process-controller-9.0.1.Final.jar:/root/.m2/repository/org/wildfly/core/wildfly-remoting/9.0.1.Final/wildfly-remoting-9.0.1.Final.jar:/root/.m2/repository/org/wildfly/core/wildfly-io/9.0.1.Final/wildfly-io-9.0.1.Final.jar:/root/.m2/repository/org/wildfly/core/wildfly-version/9.0.1.Final/wildfly-version-9.0.1.Final.jar:/root/.m2/repository/com/jcraft/jsch/0.1.54/jsch-0.1.54.jar:/root/.m2/repository/org/wildfly/core/wildfly-controller/9.0.1.Final/wildfly-controller-9.0.1.Final.jar:/root/.m2/repository/org/wildfly/core/wildfly-core-security/9.0.1.Final/wildfly-core-security-9.0.1.Final.jar:/root/.m2/repository/org/wildfly/core/wildfly-core-security-api/9.0.1.Final/wildfly-core-security-api-9.0.1.Final.jar:/root/.m2/repository/org/projectodd/vdx/vdx-wildfly/1.1.6/vdx-wildfly-1.1.6.jar:/root/.m2/repository/org/projectodd/vdx/vdx-core/1.1.6/vdx-core-1.1.6.jar:/root/.m2/repository/org/eclipse/jgit/org.eclipse.jgit/5.0.2.201807311906-r/org.eclipse.jgit-5.0.2.201807311906-r.jar:/root/.m2/repository/com/jcraft/jzlib/1.1.1/jzlib-1.1.1.jar:/root/.m2/repository/com/googlecode/javaewah/JavaEWAH/1.1.6/JavaEWAH-1.1.6.jar:/root/.m2/repository/org/wildfly/core/wildfly-controller-client/9.0.1.Final/wildfly-controller-client-9.0.1.Final.jar:/root/.m2/repository/org/wildfly/core/wildfly-protocol/9.0.1.Final/wildfly-protocol-9.0.1.Final.jar:/root/.m2/repository/org/wildfly/core/wildfly-host-controller/9.0.1.Final/wildfly-host-controller-9.0.1.Final.jar:/root/.m2/repository/org/wildfly/core/wildfly-management-client-content/9.0.1.Final/wildfly-management-client-content-9.0.1.Final.jar:/root/.m2/repository/org/jboss/jandex/2.0.5.Final/jandex-2.0.5.Final.jar:/root/.m2/repository/org/wildfly/core/wildfly-cli/9.0.1.Final/wildfly-cli-9.0.1.Final.jar:/root/.m2/repository/org/aesh/aesh-readline/1.17/aesh-readline-1.17.jar:/root/.m2/repository/org/fusesource/jansi/jansi/1.18/jansi-1.18.jar:/root/.m2/repository/org/aesh/aesh/2.3/aesh-2.3.jar:/root/.m2/repository/org/aesh/aesh-extensions/1.7/aesh-extensions-1.7.jar:/root/.m2/repository/org/wildfly/core/wildfly-embedded/9.0.1.Final/wildfly-embedded-9.0.1.Final.jar:/root/.m2/repository/org/wildfly/core/wildfly-network/9.0.1.Final/wildfly-network-9.0.1.Final.jar:/root/.m2/repository/org/wildfly/core/wildfly-request-controller/9.0.1.Final/wildfly-request-controller-9.0.1.Final.jar:/root/.m2/repository/org/wildfly/core/wildfly-subsystem-test-framework/9.0.1.Final/wildfly-subsystem-test-framework-9.0.1.Final.jar:/root/.m2/repository/org/apache/maven/maven-resolver-provider/3.5.0/maven-resolver-provider-3.5.0.jar:/root/.m2/repository/org/apache/maven/maven-model/3.5.0/maven-model-3.5.0.jar:/root/.m2/repository/org/apache/maven/maven-model-builder/3.5.0/maven-model-builder-3.5.0.jar:/root/.m2/repository/org/codehaus/plexus/plexus-interpolation/1.24/plexus-interpolation-1.24.jar:/root/.m2/repository/org/apache/maven/maven-artifact/3.5.0/maven-artifact-3.5.0.jar:/root/.m2/repository/org/apache/maven/maven-builder-support/3.5.0/maven-builder-support-3.5.0.jar:/root/.m2/repository/com/google/guava/guava/25.0-jre/guava-25.0-jre.jar:/root/.m2/repository/org/apache/maven/maven-repository-metadata/3.5.0/maven-repository-metadata-3.5.0.jar:/root/.m2/repository/org/apache/maven/resolver/maven-resolver-api/1.1.0/maven-resolver-api-1.1.0.jar:/root/.m2/repository/org/apache/maven/resolver/maven-resolver-spi/1.1.0/maven-resolver-spi-1.1.0.jar:/root/.m2/repository/org/apache/maven/resolver/maven-resolver-util/1.1.0/maven-resolver-util-1.1.0.jar:/root/.m2/repository/org/apache/maven/resolver/maven-resolver-impl/1.1.0/maven-resolver-impl-1.1.0.jar:/root/.m2/repository/org/codehaus/plexus/plexus-component-annotations/1.7.1/plexus-component-annotations-1.7.1.jar:/root/.m2/repository/org/codehaus/plexus/plexus-utils/3.1.0/plexus-utils-3.1.0.jar:/root/.m2/repository/org/apache/commons/commons-lang3/3.9/commons-lang3-3.9.jar:/root/.m2/repository/org/wildfly/legacy/test/wildfly-legacy-spi/4.0.1.Final/wildfly-legacy-spi-4.0.1.Final.jar:/root/.m2/repository/xerces/xercesImpl/2.12.0.SP02/xercesImpl-2.12.0.SP02.jar:/root/.m2/repository/org/wildfly/core/wildfly-model-test/9.0.1.Final/wildfly-model-test-9.0.1.Final.jar:/root/.m2/repository/org/apache/maven/resolver/maven-resolver-connector-basic/1.1.0/maven-resolver-connector-basic-1.1.0.jar:/root/.m2/repository/org/apache/maven/resolver/maven-resolver-transport-file/1.1.0/maven-resolver-transport-file-1.1.0.jar:/root/.m2/repository/org/apache/maven/resolver/maven-resolver-transport-http/1.1.0/maven-resolver-transport-http-1.1.0.jar:/root/.m2/repository/org/slf4j/jcl-over-slf4j/1.7.22.jbossorg-1/jcl-over-slf4j-1.7.22.jbossorg-1.jar:/root/.m2/repository/org/wildfly/legacy/test/wildfly-legacy-versions/4.0.1.Final/wildfly-legacy-versions-4.0.1.Final.jar:/root/.m2/repository/org/wildfly/core/wildfly-core-management-client/9.0.1.Final/wildfly-core-management-client-9.0.1.Final.jar:/root/.m2/repository/org/wildfly/core/wildfly-core-test-runner/9.0.1.Final/wildfly-core-test-runner-9.0.1.Final.jar:/root/.m2/repository/com/io7m/xom/xom/1.2.10/xom-1.2.10.jar:/root/.m2/repository/org/jboss/arquillian/junit/arquillian-junit-container/1.4.0.Final/arquillian-junit-container-1.4.0.Final.jar:/root/.m2/repository/org/jboss/arquillian/junit/arquillian-junit-core/1.4.0.Final/arquillian-junit-core-1.4.0.Final.jar:/root/.m2/repository/org/jboss/arquillian/test/arquillian-test-api/1.4.0.Final/arquillian-test-api-1.4.0.Final.jar:/root/.m2/repository/org/jboss/arquillian/test/arquillian-test-spi/1.4.0.Final/arquillian-test-spi-1.4.0.Final.jar:/root/.m2/repository/org/jboss/arquillian/container/arquillian-container-test-api/1.4.0.Final/arquillian-container-test-api-1.4.0.Final.jar:/root/.m2/repository/org/jboss/shrinkwrap/descriptors/shrinkwrap-descriptors-api-base/2.0.0/shrinkwrap-descriptors-api-base-2.0.0.jar:/root/.m2/repository/org/jboss/arquillian/container/arquillian-container-test-spi/1.4.0.Final/arquillian-container-test-spi-1.4.0.Final.jar:/root/.m2/repository/org/jboss/arquillian/container/arquillian-container-spi/1.4.0.Final/arquillian-container-spi-1.4.0.Final.jar:/root/.m2/repository/org/jboss/arquillian/core/arquillian-core-impl-base/1.4.0.Final/arquillian-core-impl-base-1.4.0.Final.jar:/root/.m2/repository/org/jboss/arquillian/test/arquillian-test-impl-base/1.4.0.Final/arquillian-test-impl-base-1.4.0.Final.jar:/root/.m2/repository/org/jboss/arquillian/container/arquillian-container-impl-base/1.4.0.Final/arquillian-container-impl-base-1.4.0.Final.jar:/root/.m2/repository/org/jboss/arquillian/config/arquillian-config-api/1.4.0.Final/arquillian-config-api-1.4.0.Final.jar:/root/.m2/repository/org/jboss/arquillian/config/arquillian-config-impl-base/1.4.0.Final/arquillian-config-impl-base-1.4.0.Final.jar:/root/.m2/repository/org/jboss/arquillian/config/arquillian-config-spi/1.4.0.Final/arquillian-config-spi-1.4.0.Final.jar:/root/.m2/repository/org/jboss/shrinkwrap/descriptors/shrinkwrap-descriptors-spi/2.0.0/shrinkwrap-descriptors-spi-2.0.0.jar:/root/.m2/repository/org/jboss/arquillian/container/arquillian-container-test-impl-base/1.4.0.Final/arquillian-container-test-impl-base-1.4.0.Final.jar:/root/.m2/repository/org/apache/httpcomponents/httpclient/4.5.4/httpclient-4.5.4.jar:/root/.m2/repository/org/apache/httpcomponents/httpcore/4.4.5/httpcore-4.4.5.jar:/root/.m2/repository/commons-codec/commons-codec/1.11/commons-codec-1.11.jar:/root/.m2/repository/org/jboss/spec/javax/servlet/jboss-servlet-api_3.1_spec/1.0.2.Final/jboss-servlet-api_3.1_spec-1.0.2.Final.jar:/root/.m2/repository/org/wildfly/wildfly-weld/20.0.0.Final/wildfly-weld-20.0.0.Final.jar:/root/.m2/repository/org/wildfly/wildfly-ee/20.0.0.Final/wildfly-ee-20.0.0.Final.jar:/root/.m2/repository/org/glassfish/javax.enterprise.concurrent/1.0/javax.enterprise.concurrent-1.0.jar:/root/.m2/repository/org/jboss/metadata/jboss-metadata-common/13.0.0.Final/jboss-metadata-common-13.0.0.Final.jar:/root/.m2/repository/org/jboss/metadata/jboss-metadata-ear/13.0.0.Final/jboss-metadata-ear-13.0.0.Final.jar:/root/.m2/repository/org/jboss/spec/javax/enterprise/concurrent/jboss-concurrency-api_1.0_spec/1.0.2.Final/jboss-concurrency-api_1.0_spec-1.0.2.Final.jar:/root/.m2/repository/org/jboss/spec/javax/interceptor/jboss-interceptors-api_1.2_spec/1.0.1.Final/jboss-interceptors-api_1.2_spec-1.0.1.Final.jar:/root/.m2/repository/org/wildfly/wildfly-naming/20.0.0.Final/wildfly-naming-20.0.0.Final.jar:/root/.m2/repository/org/wildfly/wildfly-http-client/wildfly-http-naming-client/1.0.15.Final/wildfly-http-naming-client-1.0.15.Final.jar:/root/.m2/repository/org/wildfly/security/wildfly-elytron/1.9.1.Final/wildfly-elytron-1.9.1.Final.jar:/root/.m2/repository/org/wildfly/wildfly-web-common/20.0.0.Final/wildfly-web-common-20.0.0.Final.jar:/root/.m2/repository/org/wildfly/wildfly-security/20.0.0.Final/wildfly-security-20.0.0.Final.jar:/root/.m2/repository/org/wildfly/core/wildfly-domain-management/9.0.1.Final/wildfly-domain-management-9.0.1.Final.jar:/root/.m2/repository/org/wildfly/wildfly-clustering-infinispan-spi/20.0.0.Final/wildfly-clustering-infinispan-spi-20.0.0.Final.jar:/root/.m2/repository/com/github/ben-manes/caffeine/caffeine/2.6.2/caffeine-2.6.2.jar:/root/.m2/repository/org/jboss/security/jboss-negotiation-extras/3.0.6.Final/jboss-negotiation-extras-3.0.6.Final.jar:/root/.m2/repository/org/jboss/security/jboss-negotiation-common/3.0.6.Final/jboss-negotiation-common-3.0.6.Final.jar:/root/.m2/repository/org/jboss/security/jboss-negotiation-spnego/3.0.6.Final/jboss-negotiation-spnego-3.0.6.Final.jar:/root/.m2/repository/org/jboss/spec/javax/security/jacc/jboss-jacc-api_1.5_spec/1.0.2.Final/jboss-jacc-api_1.5_spec-1.0.2.Final.jar:/root/.m2/repository/org/picketbox/picketbox-infinispan/5.0.3.Final/picketbox-infinispan-5.0.3.Final.jar:/root/.m2/repository/org/picketbox/picketbox-commons/1.0.0.final/picketbox-commons-1.0.0.final.jar:/root/.m2/repository/commons-cli/commons-cli/1.3.1/commons-cli-1.3.1.jar:/root/.m2/repository/org/jboss/metadata/jboss-metadata-web/13.0.0.Final/jboss-metadata-web-13.0.0.Final.jar:/root/.m2/repository/org/jboss/msc/jboss-msc/1.4.7.Final/jboss-msc-1.4.7.Final.jar:/root/.m2/repository/org/jboss/threads/jboss-threads/2.3.3.Final/jboss-threads-2.3.3.Final.jar:/root/.m2/repository/org/jboss/spec/javax/el/jboss-el-api_3.0_spec/1.0.13.Final/jboss-el-api_3.0_spec-1.0.13.Final.jar:/root/.m2/repository/org/jboss/spec/javax/servlet/jsp/jboss-jsp-api_2.3_spec/1.0.3.Final/jboss-jsp-api_2.3_spec-1.0.3.Final.jar:/root/.m2/repository/org/jboss/weld/module/weld-ejb/3.1.1.Final/weld-ejb-3.1.1.Final.jar:/root/.m2/repository/org/jboss/weld/module/weld-web/3.1.1.Final/weld-web-3.1.1.Final.jar:/root/.m2/repository/org/jboss/weld/module/weld-jta/3.1.1.Final/weld-jta-3.1.1.Final.jar:/root/.m2/repository/org/wildfly/wildfly-weld-spi/20.0.0.Final/wildfly-weld-spi-20.0.0.Final.jar:/root/.m2/repository/org/wildfly/wildfly-weld-common/20.0.0.Final/wildfly-weld-common-20.0.0.Final.jar:/root/.m2/repository/org/jboss/jboss-ejb-client/4.0.18.Final/jboss-ejb-client-4.0.18.Final.jar:/root/.m2/repository/org/wildfly/client/wildfly-client-config/1.0.1.Final/wildfly-client-config-1.0.1.Final.jar:/root/.m2/repository/org/wildfly/common/wildfly-common/1.5.1.Final/wildfly-common-1.5.1.Final.jar:/root/.m2/repository/org/wildfly/discovery/wildfly-discovery-client/1.2.0.Final/wildfly-discovery-client-1.2.0.Final.jar:/root/.m2/repository/org/wildfly/transaction/wildfly-transaction-client/1.1.3.Final/wildfly-transaction-client-1.1.3.Final.jar:/root/.m2/repository/org/wildfly/wildfly-naming-client/1.0.10.Final/wildfly-naming-client-1.0.10.Final.jar:/root/.m2/repository/org/infinispan/infinispan-core/9.4.14.Final/infinispan-core-9.4.14.Final.jar:/root/.m2/repository/org/infinispan/infinispan-commons/9.4.14.Final/infinispan-commons-9.4.14.Final.jar:/root/.m2/repository/org/apache/activemq/artemis-server/2.8.1/artemis-server-2.8.1.jar:/root/.m2/repository/org/jboss/logmanager/jboss-logmanager/2.1.11.Final/jboss-logmanager-2.1.11.Final.jar:/root/.m2/repository/org/apache/activemq/artemis-selector/2.8.1/artemis-selector-2.8.1.jar:/root/.m2/repository/org/apache/activemq/artemis-jdbc-store/2.8.1/artemis-jdbc-store-2.8.1.jar:/root/.m2/repository/org/apache/activemq/activemq-artemis-native/1.0.0/activemq-artemis-native-1.0.0.jar:/root/.m2/repository/commons-beanutils/commons-beanutils/1.9.3/commons-beanutils-1.9.3.jar:/root/.m2/repository/org/apache/activemq/artemis-service-extensions/2.8.1/artemis-service-extensions-2.8.1.jar:/root/.m2/repository/org/jgroups/jgroups/4.0.19.Final/jgroups-4.0.19.Final.jar:/root/.m2/repository/org/apache/activemq/artemis-commons/2.8.1/artemis-commons-2.8.1.jar:/root/.m2/repository/org/apache/activemq/artemis-journal/2.8.1/artemis-journal-2.8.1.jar:/root/.m2/repository/org/apache/activemq/artemis-core-client/2.8.1/artemis-core-client-2.8.1.jar:/root/.m2/repository/org/apache/activemq/artemis-jms-server/2.8.1/artemis-jms-server-2.8.1.jar:/root/.m2/repository/org/apache/activemq/artemis-cli/2.8.1/artemis-cli-2.8.1.jar:/root/.m2/repository/org/apache/activemq/artemis-tools/2.8.1/artemis-tools-2.8.1.jar:/root/.m2/repository/org/apache/activemq/artemis-dto/2.8.1/artemis-dto-2.8.1.jar:/root/.m2/repository/org/apache/activemq/artemis-jms-client/2.8.1/artemis-jms-client-2.8.1.jar:/root/.m2/repository/com/fasterxml/jackson/core/jackson-databind/2.9.9/jackson-databind-2.9.9.jar:/root/.m2/repository/com/fasterxml/jackson/core/jackson-annotations/2.9.9/jackson-annotations-2.9.9.jar:/root/.m2/repository/com/fasterxml/jackson/core/jackson-core/2.9.9/jackson-core-2.9.9.jar:/root/.m2/repository/org/wildfly/wildfly-batch-jberet/20.0.0.Final/wildfly-batch-jberet-20.0.0.Final.jar:/root/.m2/repository/org/jberet/jberet-core/1.3.4.Final/jberet-core-1.3.4.Final.jar:/root/.m2/repository/org/wildfly/wildfly-transactions/20.0.0.Final/wildfly-transactions-20.0.0.Final.jar:/root/.m2/repository/org/jboss/openjdk-orb/openjdk-orb/8.1.4.Final/openjdk-orb-8.1.4.Final.jar:/root/.m2/repository/org/jboss/narayana/jts/narayana-jts-idlj/5.9.5.Final/narayana-jts-idlj-5.9.5.Final.jar:/root/.m2/repository/org/jboss/narayana/jts/narayana-jts-integration/5.9.5.Final/narayana-jts-integration-5.9.5.Final.jar:/root/.m2/repository/org/jboss/spec/javax/resource/jboss-connector-api_1.7_spec/1.0.1.Final/jboss-connector-api_1.7_spec-1.0.1.Final.jar:/root/.m2/repository/org/wildfly/wildfly-http-client/wildfly-http-transaction-client/1.0.15.Final/wildfly-http-transaction-client-1.0.15.Final.jar:/root/.m2/repository/org/wildfly/core/wildfly-threads/9.0.1.Final/wildfly-threads-9.0.1.Final.jar:/root/.m2/repository/joda-time/joda-time/2.9.7/joda-time-2.9.7.jar:/root/.m2/repository/org/jboss/spec/javax/batch/jboss-batch-api_1.0_spec/1.0.2.Final/jboss-batch-api_1.0_spec-1.0.2.Final.jar:/root/.m2/repository/org/jboss/spec/javax/jms/jboss-jms-api_2.0_spec/1.0.2.Final/jboss-jms-api_2.0_spec-1.0.2.Final.jar:/root/.m2/repository/org/jboss/spec/javax/xml/bind/jboss-jaxb-api_2.3_spec/1.0.1.Final/jboss-jaxb-api_2.3_spec-1.0.1.Final.jar:/root/.m2/repository/org/jboss/osgi/metadata/jbosgi-metadata/2.2.0.Final/jbosgi-metadata-2.2.0.Final.jar:/root/.m2/repository/javax/ws/rs/javax.ws.rs-api/2.0.1/javax.ws.rs-api-2.0.1.jar:/root/.m2/repository/javax/json/javax.json-api/1.0/javax.json-api-1.0.jar:/root/.m2/repository/junit/junit/4.12/junit-4.12.jar:/root/.m2/repository/org/hamcrest/hamcrest-core/1.3/hamcrest-core-1.3.jar:/root/.m2/repository/javax/enterprise/concurrent/javax.enterprise.concurrent-api/1.0/javax.enterprise.concurrent-api-1.0.jar:/root/.m2/repository/org/jboss/ws/cxf/jbossws-cxf-client/5.3.0.Final/jbossws-cxf-client-5.3.0.Final.jar:/root/.m2/repository/org/jboss/modules/jboss-modules/1.9.1.Final/jboss-modules-1.9.1.Final.jar:/root/.m2/repository/org/jboss/ws/jbossws-api/1.1.2.Final/jbossws-api-1.1.2.Final.jar:/root/.m2/repository/org/jboss/ws/jbossws-common/3.2.3.Final/jbossws-common-3.2.3.Final.jar:/root/.m2/repository/org/jboss/ws/jbossws-common-tools/1.3.2.Final/jbossws-common-tools-1.3.2.Final.jar:/root/.m2/repository/org/jboss/ws/jbossws-spi/3.2.3.Final/jbossws-spi-3.2.3.Final.jar:/root/.m2/repository/org/jboss/ws/cxf/jbossws-cxf-factories/5.3.0.Final/jbossws-cxf-factories-5.3.0.Final.jar:/root/.m2/repository/org/jboss/ws/cxf/jbossws-cxf-transports-udp/5.3.0.Final/jbossws-cxf-transports-udp-5.3.0.Final.jar:/root/.m2/repository/org/jboss/ws/cxf/jbossws-cxf-transports-undertow/5.3.0.Final/jbossws-cxf-transports-undertow-5.3.0.Final.jar:/root/.m2/repository/org/apache/cxf/cxf-rt-features-logging/3.3.2/cxf-rt-features-logging-3.3.2.jar:/root/.m2/repository/org/apache/cxf/cxf-rt-wsdl/3.3.2/cxf-rt-wsdl-3.3.2.jar:/root/.m2/repository/wsdl4j/wsdl4j/1.6.3/wsdl4j-1.6.3.jar:/root/.m2/repository/org/apache/cxf/services/ws-discovery/cxf-services-ws-discovery-api/3.3.2/cxf-services-ws-discovery-api-3.3.2.jar:/root/.m2/repository/org/apache/cxf/xjcplugins/cxf-xjc-bug986/3.3.0/cxf-xjc-bug986-3.3.0.jar:/root/.m2/repository/org/apache/cxf/xjc-utils/cxf-xjc-runtime/3.3.0/cxf-xjc-runtime-3.3.0.jar:/root/.m2/repository/org/apache/velocity/velocity-engine-core/2.0/velocity-engine-core-2.0.jar:/root/.m2/repository/com/fasterxml/woodstox/woodstox-core/5.0.3/woodstox-core-5.0.3.jar:/root/.m2/repository/org/codehaus/woodstox/stax2-api/3.1.4/stax2-api-3.1.4.jar:/root/.m2/repository/org/jboss/spec/javax/xml/soap/jboss-saaj-api_1.3_spec/1.0.6.Final/jboss-saaj-api_1.3_spec-1.0.6.Final.jar:/root/.m2/repository/org/glassfish/jaxb/jaxb-runtime/2.3.1/jaxb-runtime-2.3.1.jar:/root/.m2/repository/org/glassfish/jaxb/txw2/2.3.1/txw2-2.3.1.jar:/root/.m2/repository/com/sun/istack/istack-commons-runtime/3.0.7/istack-commons-runtime-3.0.7.jar:/root/.m2/repository/org/jvnet/staxex/stax-ex/1.8/stax-ex-1.8.jar:/root/.m2/repository/org/glassfish/jaxb/jaxb-xjc/2.3.1/jaxb-xjc-2.3.1.jar:/root/.m2/repository/org/glassfish/jaxb/xsom/2.3.1/xsom-2.3.1.jar:/root/.m2/repository/com/sun/istack/istack-commons-tools/3.0.7/istack-commons-tools-3.0.7.jar:/root/.m2/repository/com/sun/xml/bind/external/relaxng-datatype/2.3.1/relaxng-datatype-2.3.1.jar:/root/.m2/repository/org/glassfish/jaxb/codemodel/2.3.1/codemodel-2.3.1.jar:/root/.m2/repository/com/sun/xml/bind/external/rngom/2.3.1/rngom-2.3.1.jar:/root/.m2/repository/com/sun/xml/messaging/saaj/saaj-impl/1.3.16-jbossorg-1/saaj-impl-1.3.16-jbossorg-1.jar:/root/.m2/repository/io/undertow/undertow-servlet/2.0.21.Final/undertow-servlet-2.0.21.Final.jar:/root/.m2/repository/io/undertow/undertow-core/2.0.21.Final/undertow-core-2.0.21.Final.jar:/root/.m2/repository/javax/activation/activation/1.1.1/activation-1.1.1.jar:/root/.m2/repository/javax/jws/jsr181-api/1.0-MR1/jsr181-api-1.0-MR1.jar:/root/.m2/repository/javax/persistence/javax.persistence-api/2.2/javax.persistence-api-2.2.jar:/root/.m2/repository/javax/security/enterprise/javax.security.enterprise-api/1.0/javax.security.enterprise-api-1.0.jar:/root/.m2/repository/javax/validation/validation-api/2.0.1.Final/validation-api-2.0.1.Final.jar:/root/.m2/repository/log4j/log4j/1.2.17/log4j-1.2.17.jar:/root/.m2/repository/org/apache/lucene/lucene-core/5.5.5/lucene-core-5.5.5.jar:/root/.m2/repository/org/apache/cxf/cxf-rt-databinding-jaxb/3.3.2/cxf-rt-databinding-jaxb-3.3.2.jar:/root/.m2/repository/org/apache/cxf/cxf-core/3.3.2/cxf-core-3.3.2.jar:/root/.m2/repository/org/apache/cxf/cxf-rt-frontend-jaxws/3.3.2/cxf-rt-frontend-jaxws-3.3.2.jar:/root/.m2/repository/xml-resolver/xml-resolver/1.2/xml-resolver-1.2.jar:/root/.m2/repository/org/apache/cxf/cxf-rt-bindings-soap/3.3.2/cxf-rt-bindings-soap-3.3.2.jar:/root/.m2/repository/org/apache/cxf/cxf-rt-bindings-xml/3.3.2/cxf-rt-bindings-xml-3.3.2.jar:/root/.m2/repository/org/apache/cxf/cxf-rt-frontend-simple/3.3.2/cxf-rt-frontend-simple-3.3.2.jar:/root/.m2/repository/org/apache/cxf/cxf-rt-transports-http/3.3.2/cxf-rt-transports-http-3.3.2.jar:/root/.m2/repository/org/apache/ws/xmlschema/xmlschema-core/2.2.4/xmlschema-core-2.2.4.jar:/root/.m2/repository/org/codehaus/jackson/jackson-core-asl/1.9.13/jackson-core-asl-1.9.13.jar:/root/.m2/repository/org/hibernate/hibernate-core/5.3.10.Final/hibernate-core-5.3.10.Final.jar:/root/.m2/repository/org/javassist/javassist/3.23.2-GA/javassist-3.23.2-GA.jar:/root/.m2/repository/net/bytebuddy/byte-buddy/1.9.5/byte-buddy-1.9.5.jar:/root/.m2/repository/antlr/antlr/2.7.7/antlr-2.7.7.jar:/root/.m2/repository/javax/activation/javax.activation-api/1.2.0/javax.activation-api-1.2.0.jar:/root/.m2/repository/org/dom4j/dom4j/2.1.1/dom4j-2.1.1.jar:/root/.m2/repository/org/hibernate/common/hibernate-commons-annotations/5.0.5.Final/hibernate-commons-annotations-5.0.5.Final.jar:/root/.m2/repository/org/hibernate/hibernate-envers/5.3.10.Final/hibernate-envers-5.3.10.Final.jar:/root/.m2/repository/org/hibernate/hibernate-search-engine/5.10.5.Final/hibernate-search-engine-5.10.5.Final.jar:/root/.m2/repository/org/apache/lucene/lucene-misc/5.5.5/lucene-misc-5.5.5.jar:/root/.m2/repository/org/apache/lucene/lucene-analyzers-common/5.5.5/lucene-analyzers-common-5.5.5.jar:/root/.m2/repository/org/apache/lucene/lucene-facet/5.5.5/lucene-facet-5.5.5.jar:/root/.m2/repository/org/apache/lucene/lucene-queries/5.5.5/lucene-queries-5.5.5.jar:/root/.m2/repository/org/apache/lucene/lucene-queryparser/5.5.5/lucene-queryparser-5.5.5.jar:/root/.m2/repository/org/hibernate/hibernate-search-orm/5.10.5.Final/hibernate-search-orm-5.10.5.Final.jar:/root/.m2/repository/javax/xml/bind/jaxb-api/2.3.0/jaxb-api-2.3.0.jar:/root/.m2/repository/org/hibernate/validator/hibernate-validator/6.0.16.Final/hibernate-validator-6.0.16.Final.jar:/root/.m2/repository/com/fasterxml/classmate/1.3.4/classmate-1.3.4.jar:/root/.m2/repository/org/jboss/classfilewriter/jboss-classfilewriter/1.2.4.Final/jboss-classfilewriter-1.2.4.Final.jar:/root/.m2/repository/org/jboss/ejb3/jboss-ejb3-ext-api/2.3.0.Final/jboss-ejb3-ext-api-2.3.0.Final.jar:/root/.m2/repository/org/jboss/ironjacamar/ironjacamar-core-impl/1.4.16.Final/ironjacamar-core-impl-1.4.16.Final.jar:/root/.m2/repository/org/jboss/ironjacamar/ironjacamar-common-impl/1.4.16.Final/ironjacamar-common-impl-1.4.16.Final.jar:/root/.m2/repository/org/jboss/ironjacamar/ironjacamar-core-api/1.4.16.Final/ironjacamar-core-api-1.4.16.Final.jar:/root/.m2/repository/org/jboss/jboss-transaction-spi/7.6.0.Final/jboss-transaction-spi-7.6.0.Final.jar:/root/.m2/repository/org/picketbox/picketbox/5.0.3.Final/picketbox-5.0.3.Final.jar:/root/.m2/repository/org/jboss/ironjacamar/ironjacamar-jdbc/1.4.16.Final/ironjacamar-jdbc-1.4.16.Final.jar:/root/.m2/repository/org/jboss/resteasy/resteasy-jackson-provider/3.7.0.Final/resteasy-jackson-provider-3.7.0.Final.jar:/root/.m2/repository/org/jboss/resteasy/resteasy-jaxrs/3.7.0.Final/resteasy-jaxrs-3.7.0.Final.jar:/root/.m2/repository/org/reactivestreams/reactive-streams/1.0.2/reactive-streams-1.0.2.jar:/root/.m2/repository/org/jboss/resteasy/resteasy-multipart-provider/3.7.0.Final/resteasy-multipart-provider-3.7.0.Final.jar:/root/.m2/repository/org/jboss/resteasy/resteasy-client/3.7.0.Final/resteasy-client-3.7.0.Final.jar:/root/.m2/repository/org/jboss/resteasy/resteasy-jaxb-provider/3.7.0.Final/resteasy-jaxb-provider-3.7.0.Final.jar:/root/.m2/repository/com/sun/mail/javax.mail/1.6.2/javax.mail-1.6.2.jar:/root/.m2/repository/org/apache/james/apache-mime4j/0.6/apache-mime4j-0.6.jar:/root/.m2/repository/org/jboss/security/jbossxacml/2.0.8.Final/jbossxacml-2.0.8.Final.jar:/root/.m2/repository/org/slf4j/slf4j-ext/1.7.22.jbossorg-1/slf4j-ext-1.7.22.jbossorg-1.jar:/root/.m2/repository/org/slf4j/slf4j-api/1.7.22.jbossorg-1/slf4j-api-1.7.22.jbossorg-1.jar:/root/.m2/repository/ch/qos/cal10n/cal10n-api/0.8.1/cal10n-api-0.8.1.jar:/root/.m2/repository/org/jboss/spec/javax/annotation/jboss-annotations-api_1.3_spec/1.0.1.Final/jboss-annotations-api_1.3_spec-1.0.1.Final.jar:/root/.m2/repository/org/jboss/spec/javax/faces/jboss-jsf-api_2.3_spec/2.3.9.SP02/jboss-jsf-api_2.3_spec-2.3.9.SP02.jar:/root/.m2/repository/org/jboss/spec/javax/management/j2ee/jboss-j2eemgmt-api_1.1_spec/1.0.2.Final/jboss-j2eemgmt-api_1.1_spec-1.0.2.Final.jar:/root/.m2/repository/org/jboss/spec/javax/security/auth/message/jboss-jaspi-api_1.1_spec/1.0.2.Final/jboss-jaspi-api_1.1_spec-1.0.2.Final.jar:/root/.m2/repository/org/jboss/spec/javax/websocket/jboss-websocket-api_1.1_spec/1.1.4.Final/jboss-websocket-api_1.1_spec-1.1.4.Final.jar:/root/.m2/repository/org/jboss/spec/javax/ws/rs/jboss-jaxrs-api_2.1_spec/1.0.2.Final/jboss-jaxrs-api_2.1_spec-1.0.2.Final.jar:/root/.m2/repository/org/jboss/spec/javax/xml/ws/jboss-jaxws-api_2.3_spec/1.0.0.Final/jboss-jaxws-api_2.3_spec-1.0.0.Final.jar:/root/.m2/repository/org/jboss/weld/weld-api/3.1.Final/weld-api-3.1.Final.jar:/root/.m2/repository/org/jboss/weld/weld-core-impl/3.1.1.Final/weld-core-impl-3.1.1.Final.jar:/root/.m2/repository/org/jboss/weld/weld-spi/3.1.Final/weld-spi-3.1.Final.jar:/root/.m2/repository/org/jsoup/jsoup/1.8.3/jsoup-1.8.3.jar:/root/.m2/repository/org/syslog4j/syslog4j/0.9.30/syslog4j-0.9.30.jar:/root/.m2/repository/org/wildfly/jipijapa-spi/20.0.0.Final/jipijapa-spi-20.0.0.Final.jar:/root/.m2/repository/org/wildfly/wildfly-connector/20.0.0.Final/wildfly-connector-20.0.0.Final.jar:/root/.m2/repository/org/wildfly/wildfly-clustering-marshalling-jboss/20.0.0.Final/wildfly-clustering-marshalling-jboss-20.0.0.Final.jar:/root/.m2/repository/org/wildfly/wildfly-clustering-marshalling-api/20.0.0.Final/wildfly-clustering-marshalling-api-20.0.0.Final.jar:/root/.m2/repository/org/wildfly/wildfly-clustering-marshalling-spi/20.0.0.Final/wildfly-clustering-marshalling-spi-20.0.0.Final.jar:/root/.m2/repository/org/wildfly/wildfly-clustering-spi/20.0.0.Final/wildfly-clustering-spi-20.0.0.Final.jar:/root/.m2/repository/org/jboss/ironjacamar/ironjacamar-common-api/1.4.16.Final/ironjacamar-common-api-1.4.16.Final.jar:/root/.m2/repository/org/jboss/ironjacamar/ironjacamar-common-spi/1.4.16.Final/ironjacamar-common-spi-1.4.16.Final.jar:/root/.m2/repository/org/jboss/ironjacamar/ironjacamar-deployers-common/1.4.16.Final/ironjacamar-deployers-common-1.4.16.Final.jar:/root/.m2/repository/org/jboss/ironjacamar/ironjacamar-validator/1.4.16.Final/ironjacamar-validator-1.4.16.Final.jar:/root/.m2/repository/org/wildfly/wildfly-ejb3/20.0.0.Final/wildfly-ejb3-20.0.0.Final.jar:/root/.m2/repository/org/jboss/common/jboss-common-beans/2.0.1.Final/jboss-common-beans-2.0.1.Final.jar:/root/.m2/repository/org/wildfly/wildfly-clustering-api/20.0.0.Final/wildfly-clustering-api-20.0.0.Final.jar:/root/.m2/repository/org/wildfly/wildfly-clustering-common/20.0.0.Final/wildfly-clustering-common-20.0.0.Final.jar:/root/.m2/repository/org/wildfly/wildfly-clustering-service/20.0.0.Final/wildfly-clustering-service-20.0.0.Final.jar:/root/.m2/repository/org/wildfly/wildfly-clustering-ejb-spi/20.0.0.Final/wildfly-clustering-ejb-spi-20.0.0.Final.jar:/root/.m2/repository/org/wildfly/wildfly-clustering-ee-spi/20.0.0.Final/wildfly-clustering-ee-spi-20.0.0.Final.jar:/root/.m2/repository/net/jcip/jcip-annotations/1.0/jcip-annotations-1.0.jar:/root/.m2/repository/org/wildfly/wildfly-clustering-singleton-api/20.0.0.Final/wildfly-clustering-singleton-api-20.0.0.Final.jar:/root/.m2/repository/org/wildfly/wildfly-iiop-openjdk/20.0.0.Final/wildfly-iiop-openjdk-20.0.0.Final.jar:/root/.m2/repository/org/wildfly/wildfly-http-client/wildfly-http-ejb-client/1.0.15.Final/wildfly-http-ejb-client-1.0.15.Final.jar:/root/.m2/repository/org/wildfly/wildfly-http-client/wildfly-http-client-common/1.0.15.Final/wildfly-http-client-common-1.0.15.Final.jar:/root/.m2/repository/org/jboss/jboss-iiop-client/1.0.1.Final/jboss-iiop-client-1.0.1.Final.jar:/root/.m2/repository/org/jboss/invocation/jboss-invocation/1.5.2.Final/jboss-invocation-1.5.2.Final.jar:/root/.m2/repository/org/jboss/metadata/jboss-metadata-ejb/13.0.0.Final/jboss-metadata-ejb-13.0.0.Final.jar:/root/.m2/repository/org/jboss/spec/javax/xml/rpc/jboss-jaxrpc-api_1.1_spec/1.0.2.Final/jboss-jaxrpc-api_1.1_spec-1.0.2.Final.jar:/root/.m2/repository/org/wildfly/security/elytron-web/undertow-server/1.5.0.Final/undertow-server-1.5.0.Final.jar:/root/.m2/repository/org/wildfly/wildfly-messaging-activemq/20.0.0.Final/wildfly-messaging-activemq-20.0.0.Final.jar:/root/.m2/repository/org/jboss/activemq/artemis/integration/artemis-wildfly-integration/1.0.2/artemis-wildfly-integration-1.0.2.jar:/root/.m2/repository/org/apache/activemq/artemis-ra/2.8.1/artemis-ra-2.8.1.jar:/root/.m2/repository/org/hornetq/hornetq-jms-client/2.4.7.Final/hornetq-jms-client-2.4.7.Final.jar:/root/.m2/repository/org/hornetq/hornetq-core-client/2.4.7.Final/hornetq-core-client-2.4.7.Final.jar:/root/.m2/repository/org/hornetq/hornetq-commons/2.4.7.Final/hornetq-commons-2.4.7.Final.jar:/root/.m2/repository/io/netty/netty-all/4.1.29.Final/netty-all-4.1.29.Final.jar:/root/.m2/repository/org/jboss/xnio/netty/netty-xnio-transport/0.1.6.Final/netty-xnio-transport-0.1.6.Final.jar:/root/.m2/repository/org/wildfly/wildfly-pojo/20.0.0.Final/wildfly-pojo-20.0.0.Final.jar:/root/.m2/repository/org/jboss/jboss-vfs/3.2.14.Final/jboss-vfs-3.2.14.Final.jar:/root/.m2/repository/org/wildfly/wildfly-system-jmx/20.0.0.Final/wildfly-system-jmx-20.0.0.Final.jar:/root/.m2/repository/org/wildfly/core/wildfly-logging/9.0.1.Final/wildfly-logging-9.0.1.Final.jar:/root/.m2/repository/org/jboss/jboss-dmr/1.5.0.Final/jboss-dmr-1.5.0.Final.jar:/root/.m2/repository/org/jboss/staxmapper/1.3.0.Final/staxmapper-1.3.0.Final.jar:/root/.m2/repository/org/jboss/logmanager/log4j-jboss-logmanager/1.2.0.Final/log4j-jboss-logmanager-1.2.0.Final.jar:/root/.m2/repository/org/jboss/stdio/jboss-stdio/1.1.0.Final/jboss-stdio-1.1.0.Final.jar:/root/.m2/repository/xalan/xalan/2.7.1.jbossorg-4/xalan-2.7.1.jbossorg-4.jar:/root/.m2/repository/xalan/serializer/2.7.1.jbossorg-4/serializer-2.7.1.jbossorg-4.jar:/root/.m2/repository/org/apache/openjpa/openjpa/3.0.0/openjpa-3.0.0.jar:/root/.m2/repository/commons-collections/commons-collections/3.2.2/commons-collections-3.2.2.jar:/root/.m2/repository/net/sourceforge/serp/serp/1.15.1/serp-1.15.1.jar:/root/.m2/repository/org/apache/geronimo/specs/geronimo-jms_1.1_spec/1.1.1/geronimo-jms_1.1_spec-1.1.1.jar:/root/.m2/repository/org/apache/geronimo/specs/geronimo-jta_1.1_spec/1.1.1/geronimo-jta_1.1_spec-1.1.1.jar:/root/.m2/repository/commons-pool/commons-pool/1.6/commons-pool-1.6.jar:/root/.m2/repository/org/apache/xbean/xbean-asm6-shaded/4.8/xbean-asm6-shaded-4.8.jar:/root/.m2/repository/org/apache/geronimo/specs/geronimo-jpa_2.1_spec/1.0-alpha-1/geronimo-jpa_2.1_spec-1.0-alpha-1.jar:/root/.m2/repository/org/apache/axis2/axis2-jaxws/1.7.8/axis2-jaxws-1.7.8.jar:/root/.m2/repository/org/apache/geronimo/specs/geronimo-annotation_1.0_spec/1.1/geronimo-annotation_1.0_spec-1.1.jar:/root/.m2/repository/org/apache/geronimo/specs/geronimo-jaxws_2.2_spec/1.0/geronimo-jaxws_2.2_spec-1.0.jar:/root/.m2/repository/org/apache/axis2/axis2-kernel/1.7.8/axis2-kernel-1.7.8.jar:/root/.m2/repository/org/apache/ws/commons/axiom/axiom-api/1.2.20/axiom-api-1.2.20.jar:/root/.m2/repository/org/apache/geronimo/specs/geronimo-activation_1.1_spec/1.1/geronimo-activation_1.1_spec-1.1.jar:/root/.m2/repository/jaxen/jaxen/1.1.6/jaxen-1.1.6.jar:/root/.m2/repository/org/apache/geronimo/specs/geronimo-stax-api_1.0_spec/1.0.1/geronimo-stax-api_1.0_spec-1.0.1.jar:/root/.m2/repository/org/apache/james/apache-mime4j-core/0.7.2/apache-mime4j-core-0.7.2.jar:/root/.m2/repository/org/apache/ws/commons/axiom/axiom-impl/1.2.20/axiom-impl-1.2.20.jar:/root/.m2/repository/org/codehaus/woodstox/woodstox-core-asl/4.2.0/woodstox-core-asl-4.2.0.jar:/root/.m2/repository/org/apache/geronimo/specs/geronimo-ws-metadata_2.0_spec/1.1.2/geronimo-ws-metadata_2.0_spec-1.1.2.jar:/root/.m2/repository/javax/servlet/servlet-api/2.3/servlet-api-2.3.jar:/root/.m2/repository/commons-fileupload/commons-fileupload/1.3.3/commons-fileupload-1.3.3.jar:/root/.m2/repository/org/apache/neethi/neethi/3.1.1/neethi-3.1.1.jar:/root/.m2/repository/org/apache/woden/woden-core/1.0M10/woden-core-1.0M10.jar:/root/.m2/repository/commons-logging/commons-logging/1.1.1/commons-logging-1.1.1.jar:/root/.m2/repository/javax/ws/rs/jsr311-api/1.1.1/jsr311-api-1.1.1.jar:/root/.m2/repository/org/apache/axis2/axis2-saaj/1.7.8/axis2-saaj-1.7.8.jar:/root/.m2/repository/org/apache/geronimo/specs/geronimo-saaj_1.3_spec/1.0.1/geronimo-saaj_1.3_spec-1.0.1.jar:/root/.m2/repository/org/apache/ws/commons/axiom/axiom-dom/1.2.20/axiom-dom-1.2.20.jar:/root/.m2/repository/org/apache/axis2/axis2-metadata/1.7.8/axis2-metadata-1.7.8.jar:/root/.m2/repository/com/sun/xml/ws/jaxws-tools/2.1.3/jaxws-tools-2.1.3.jar:/root/.m2/repository/org/apache/geronimo/specs/geronimo-javamail_1.4_spec/1.6/geronimo-javamail_1.4_spec-1.6.jar:/root/.m2/repository/com/sun/xml/bind/jaxb-impl/2.2.6/jaxb-impl-2.2.6.jar:/root/.m2/repository/com/sun/xml/bind/jaxb-xjc/2.2.6/jaxb-xjc-2.2.6.jar:/root/.m2/repository/org/apache/axis2/axis2-transport-http/1.7.8/axis2-transport-http-1.7.8.jar:/root/.m2/repository/commons-httpclient/commons-httpclient/3.1/commons-httpclient-3.1.jar:/root/.m2/repository/org/jboss/util/com.springsource.org.jboss.util/2.2.13.GA/com.springsource.org.jboss.util-2.2.13.GA.jar:/root/.m2/repository/org/jboss/logging/com.springsource.org.jboss.logging/2.0.5.GA/com.springsource.org.jboss.logging-2.0.5.GA.jar:/root/.m2/repository/org/apache/axis2/axis2-transport-jms/1.7.9/axis2-transport-jms-1.7.9.jar:/root/.m2/repository/org/apache/axis2/axis2-transport-base/1.7.9/axis2-transport-base-1.7.9.jar:/root/.m2/repository/org/apache/geronimo/specs/geronimo-jta_1.0.1B_spec/1.0/geronimo-jta_1.0.1B_spec-1.0.jar:/root/.m2/repository/org/jboss/eap/additional/testsuite/EAT-source-distribution/2.9.0.Final/EAT-source-distribution-2.9.0.Final.jar:/root/.m2/repository/org/jboss/eap/additional/testsuite/EAT-annotations/2.9.0.Final/EAT-annotations-2.9.0.Final.jar:/home/loukas/Desktop/server/wildfly/EAT/EAT/modules/testcases/jdkAll/WildflyRelease-20.0.0.Final/logging/test-configurations/../../../../../src/config/arqWildfly:"/>
    <property name="java.vm.vendor" value="Oracle Corporation"/>
    <property name="sun.arch.data.model" value="64"/>
    <property name="java.vendor.url" value="http://java.oracle.com/"/>
    <property name="user.timezone" value=""/>
    <property name="java.vm.specification.version" value="11"/>
    <property name="os.name" value="Linux"/>
    <property name="sun.java.launcher" value="SUN_STANDARD"/>
    <property name="user.country" value="US"/>
    <property name="sun.boot.library.path" value="/usr/lib/jvm/java-11-openjdk-amd64/lib"/>
    <property name="sun.java.command" value="/home/loukas/Desktop/server/wildfly/EAT/EAT/modules/testcases/jdkAll/WildflyRelease-20.0.0.Final/logging/test-configurations/target/surefire/surefirebooter18212826672206741323.jar /home/loukas/Desktop/server/wildfly/EAT/EAT/modules/testcases/jdkAll/WildflyRelease-20.0.0.Final/logging/test-configurations/target/surefire 2019-06-10T12-24-04_551-jvmRun1 surefire9464777034525178650tmp surefire_814023080371541865183tmp"/>
    <property name="jdk.debug" value="release"/>
    <property name="surefire.test.class.path" value="/home/loukas/Desktop/server/wildfly/EAT/EAT/modules/testcases/jdkAll/WildflyRelease-20.0.0.Final/logging/test-configurations/target/test-classes:/home/loukas/Desktop/server/wildfly/EAT/EAT/modules/testcases/jdkAll/WildflyRelease-20.0.0.Final/logging/test-configurations/target/classes:/root/.m2/repository/org/wildfly/arquillian/wildfly-arquillian-container-managed/2.2.0.Final/wildfly-arquillian-container-managed-2.2.0.Final.jar:/root/.m2/repository/org/wildfly/arquillian/wildfly-arquillian-common/2.2.0.Final/wildfly-arquillian-common-2.2.0.Final.jar:/root/.m2/repository/org/jboss/arquillian/testenricher/arquillian-testenricher-cdi/1.4.0.Final/arquillian-testenricher-cdi-1.4.0.Final.jar:/root/.m2/repository/org/jboss/arquillian/testenricher/arquillian-testenricher-ejb/1.4.0.Final/arquillian-testenricher-ejb-1.4.0.Final.jar:/root/.m2/repository/org/jboss/arquillian/testenricher/arquillian-testenricher-initialcontext/1.4.0.Final/arquillian-testenricher-initialcontext-1.4.0.Final.jar:/root/.m2/repository/org/jboss/arquillian/testenricher/arquillian-testenricher-resource/1.4.0.Final/arquillian-testenricher-resource-1.4.0.Final.jar:/root/.m2/repository/org/jboss/arquillian/protocol/arquillian-protocol-servlet/1.4.0.Final/arquillian-protocol-servlet-1.4.0.Final.jar:/root/.m2/repository/org/wildfly/arquillian/wildfly-arquillian-testenricher-msc/2.2.0.Final/wildfly-arquillian-testenricher-msc-2.2.0.Final.jar:/root/.m2/repository/org/wildfly/plugins/wildfly-plugin-core/2.0.0.Final/wildfly-plugin-core-2.0.0.Final.jar:/root/.m2/repository/org/jboss/shrinkwrap/descriptors/shrinkwrap-descriptors-impl-base/2.0.0/shrinkwrap-descriptors-impl-base-2.0.0.jar:/root/.m2/repository/org/wildfly/arquillian/wildfly-arquillian-protocol-jmx/2.2.0.Final/wildfly-arquillian-protocol-jmx-2.2.0.Final.jar:/root/.m2/repository/org/jboss/arquillian/core/arquillian-core-spi/1.4.0.Final/arquillian-core-spi-1.4.0.Final.jar:/root/.m2/repository/org/jboss/arquillian/protocol/arquillian-protocol-jmx/1.4.0.Final/arquillian-protocol-jmx-1.4.0.Final.jar:/root/.m2/repository/org/wildfly/core/wildfly-jmx/9.0.1.Final/wildfly-jmx-9.0.1.Final.jar:/root/.m2/repository/org/jboss/xnio/xnio-api/3.7.2.Final/xnio-api-3.7.2.Final.jar:/root/.m2/repository/org/jboss/xnio/xnio-nio/3.7.2.Final/xnio-nio-3.7.2.Final.jar:/root/.m2/repository/org/jboss/logging/jboss-logging/3.4.0.Final/jboss-logging-3.4.0.Final.jar:/root/.m2/repository/org/jboss/marshalling/jboss-marshalling/2.0.7.Final/jboss-marshalling-2.0.7.Final.jar:/root/.m2/repository/org/jboss/marshalling/jboss-marshalling-river/2.0.7.Final/jboss-marshalling-river-2.0.7.Final.jar:/root/.m2/repository/org/jboss/remoting/jboss-remoting/5.0.12.Final/jboss-remoting-5.0.12.Final.jar:/root/.m2/repository/org/jboss/remotingjmx/remoting-jmx/3.0.3.Final/remoting-jmx-3.0.3.Final.jar:/root/.m2/repository/javax/inject/javax.inject/1/javax.inject-1.jar:/root/.m2/repository/org/wildfly/core/wildfly-launcher/9.0.1.Final/wildfly-launcher-9.0.1.Final.jar:/root/.m2/repository/org/jboss/arquillian/core/arquillian-core-api/1.4.0.Final/arquillian-core-api-1.4.0.Final.jar:/root/.m2/repository/org/jboss/shrinkwrap/shrinkwrap-api/1.2.6/shrinkwrap-api-1.2.6.jar:/root/.m2/repository/org/wildfly/wildfly-testsuite-shared/20.0.0.Final/wildfly-testsuite-shared-20.0.0.Final.jar:/root/.m2/repository/javax/enterprise/cdi-api/2.0.SP1/cdi-api-2.0.SP1.jar:/root/.m2/repository/org/jboss/spec/javax/ejb/jboss-ejb-api_3.2_spec/1.0.2.Final/jboss-ejb-api_3.2_spec-1.0.2.Final.jar:/root/.m2/repository/org/jboss/spec/javax/servlet/jboss-servlet-api_4.0_spec/1.0.0.Final/jboss-servlet-api_4.0_spec-1.0.0.Final.jar:/root/.m2/repository/org/jboss/spec/javax/transaction/jboss-transaction-api_1.2_spec/1.1.1.Final/jboss-transaction-api_1.2_spec-1.1.1.Final.jar:/root/.m2/repository/org/wildfly/wildfly-security-api/20.0.0.Final/wildfly-security-api-20.0.0.Final.jar:/root/.m2/repository/org/apache/directory/server/apacheds-all/2.0.0-M24/apacheds-all-2.0.0-M24.jar:/root/.m2/repository/org/wildfly/core/wildfly-core-testsuite-shared/9.0.1.Final/wildfly-core-testsuite-shared-9.0.1.Final.jar:/root/.m2/repository/commons-lang/commons-lang/2.6/commons-lang-2.6.jar:/root/.m2/repository/commons-io/commons-io/2.5/commons-io-2.5.jar:/root/.m2/repository/org/jboss/shrinkwrap/shrinkwrap-impl-base/1.2.6/shrinkwrap-impl-base-1.2.6.jar:/root/.m2/repository/org/jboss/shrinkwrap/shrinkwrap-spi/1.2.6/shrinkwrap-spi-1.2.6.jar:/root/.m2/repository/org/jboss/logging/commons-logging-jboss-logging/1.0.0.Final/commons-logging-jboss-logging-1.0.0.Final.jar:/root/.m2/repository/org/wildfly/core/wildfly-elytron-integration/9.0.1.Final/wildfly-elytron-integration-9.0.1.Final.jar:/root/.m2/repository/org/glassfish/javax.json/1.1.2/javax.json-1.1.2.jar:/root/.m2/repository/org/wildfly/core/wildfly-server/9.0.1.Final/wildfly-server-9.0.1.Final.jar:/root/.m2/repository/org/wildfly/core/wildfly-domain-http-interface/9.0.1.Final/wildfly-domain-http-interface-9.0.1.Final.jar:/root/.m2/repository/org/wildfly/core/wildfly-deployment-repository/9.0.1.Final/wildfly-deployment-repository-9.0.1.Final.jar:/root/.m2/repository/org/wildfly/core/wildfly-platform-mbean/9.0.1.Final/wildfly-platform-mbean-9.0.1.Final.jar:/root/.m2/repository/org/wildfly/core/wildfly-process-controller/9.0.1.Final/wildfly-process-controller-9.0.1.Final.jar:/root/.m2/repository/org/wildfly/core/wildfly-remoting/9.0.1.Final/wildfly-remoting-9.0.1.Final.jar:/root/.m2/repository/org/wildfly/core/wildfly-io/9.0.1.Final/wildfly-io-9.0.1.Final.jar:/root/.m2/repository/org/wildfly/core/wildfly-version/9.0.1.Final/wildfly-version-9.0.1.Final.jar:/root/.m2/repository/com/jcraft/jsch/0.1.54/jsch-0.1.54.jar:/root/.m2/repository/org/wildfly/core/wildfly-controller/9.0.1.Final/wildfly-controller-9.0.1.Final.jar:/root/.m2/repository/org/wildfly/core/wildfly-core-security/9.0.1.Final/wildfly-core-security-9.0.1.Final.jar:/root/.m2/repository/org/wildfly/core/wildfly-core-security-api/9.0.1.Final/wildfly-core-security-api-9.0.1.Final.jar:/root/.m2/repository/org/projectodd/vdx/vdx-wildfly/1.1.6/vdx-wildfly-1.1.6.jar:/root/.m2/repository/org/projectodd/vdx/vdx-core/1.1.6/vdx-core-1.1.6.jar:/root/.m2/repository/org/eclipse/jgit/org.eclipse.jgit/5.0.2.201807311906-r/org.eclipse.jgit-5.0.2.201807311906-r.jar:/root/.m2/repository/com/jcraft/jzlib/1.1.1/jzlib-1.1.1.jar:/root/.m2/repository/com/googlecode/javaewah/JavaEWAH/1.1.6/JavaEWAH-1.1.6.jar:/root/.m2/repository/org/wildfly/core/wildfly-controller-client/9.0.1.Final/wildfly-controller-client-9.0.1.Final.jar:/root/.m2/repository/org/wildfly/core/wildfly-protocol/9.0.1.Final/wildfly-protocol-9.0.1.Final.jar:/root/.m2/repository/org/wildfly/core/wildfly-host-controller/9.0.1.Final/wildfly-host-controller-9.0.1.Final.jar:/root/.m2/repository/org/wildfly/core/wildfly-management-client-content/9.0.1.Final/wildfly-management-client-content-9.0.1.Final.jar:/root/.m2/repository/org/jboss/jandex/2.0.5.Final/jandex-2.0.5.Final.jar:/root/.m2/repository/org/wildfly/core/wildfly-cli/9.0.1.Final/wildfly-cli-9.0.1.Final.jar:/root/.m2/repository/org/aesh/aesh-readline/1.17/aesh-readline-1.17.jar:/root/.m2/repository/org/fusesource/jansi/jansi/1.18/jansi-1.18.jar:/root/.m2/repository/org/aesh/aesh/2.3/aesh-2.3.jar:/root/.m2/repository/org/aesh/aesh-extensions/1.7/aesh-extensions-1.7.jar:/root/.m2/repository/org/wildfly/core/wildfly-embedded/9.0.1.Final/wildfly-embedded-9.0.1.Final.jar:/root/.m2/repository/org/wildfly/core/wildfly-network/9.0.1.Final/wildfly-network-9.0.1.Final.jar:/root/.m2/repository/org/wildfly/core/wildfly-request-controller/9.0.1.Final/wildfly-request-controller-9.0.1.Final.jar:/root/.m2/repository/org/wildfly/core/wildfly-subsystem-test-framework/9.0.1.Final/wildfly-subsystem-test-framework-9.0.1.Final.jar:/root/.m2/repository/org/apache/maven/maven-resolver-provider/3.5.0/maven-resolver-provider-3.5.0.jar:/root/.m2/repository/org/apache/maven/maven-model/3.5.0/maven-model-3.5.0.jar:/root/.m2/repository/org/apache/maven/maven-model-builder/3.5.0/maven-model-builder-3.5.0.jar:/root/.m2/repository/org/codehaus/plexus/plexus-interpolation/1.24/plexus-interpolation-1.24.jar:/root/.m2/repository/org/apache/maven/maven-artifact/3.5.0/maven-artifact-3.5.0.jar:/root/.m2/repository/org/apache/maven/maven-builder-support/3.5.0/maven-builder-support-3.5.0.jar:/root/.m2/repository/com/google/guava/guava/25.0-jre/guava-25.0-jre.jar:/root/.m2/repository/org/apache/maven/maven-repository-metadata/3.5.0/maven-repository-metadata-3.5.0.jar:/root/.m2/repository/org/apache/maven/resolver/maven-resolver-api/1.1.0/maven-resolver-api-1.1.0.jar:/root/.m2/repository/org/apache/maven/resolver/maven-resolver-spi/1.1.0/maven-resolver-spi-1.1.0.jar:/root/.m2/repository/org/apache/maven/resolver/maven-resolver-util/1.1.0/maven-resolver-util-1.1.0.jar:/root/.m2/repository/org/apache/maven/resolver/maven-resolver-impl/1.1.0/maven-resolver-impl-1.1.0.jar:/root/.m2/repository/org/codehaus/plexus/plexus-component-annotations/1.7.1/plexus-component-annotations-1.7.1.jar:/root/.m2/repository/org/codehaus/plexus/plexus-utils/3.1.0/plexus-utils-3.1.0.jar:/root/.m2/repository/org/apache/commons/commons-lang3/3.9/commons-lang3-3.9.jar:/root/.m2/repository/org/wildfly/legacy/test/wildfly-legacy-spi/4.0.1.Final/wildfly-legacy-spi-4.0.1.Final.jar:/root/.m2/repository/xerces/xercesImpl/2.12.0.SP02/xercesImpl-2.12.0.SP02.jar:/root/.m2/repository/org/wildfly/core/wildfly-model-test/9.0.1.Final/wildfly-model-test-9.0.1.Final.jar:/root/.m2/repository/org/apache/maven/resolver/maven-resolver-connector-basic/1.1.0/maven-resolver-connector-basic-1.1.0.jar:/root/.m2/repository/org/apache/maven/resolver/maven-resolver-transport-file/1.1.0/maven-resolver-transport-file-1.1.0.jar:/root/.m2/repository/org/apache/maven/resolver/maven-resolver-transport-http/1.1.0/maven-resolver-transport-http-1.1.0.jar:/root/.m2/repository/org/slf4j/jcl-over-slf4j/1.7.22.jbossorg-1/jcl-over-slf4j-1.7.22.jbossorg-1.jar:/root/.m2/repository/org/wildfly/legacy/test/wildfly-legacy-versions/4.0.1.Final/wildfly-legacy-versions-4.0.1.Final.jar:/root/.m2/repository/org/wildfly/core/wildfly-core-management-client/9.0.1.Final/wildfly-core-management-client-9.0.1.Final.jar:/root/.m2/repository/org/wildfly/core/wildfly-core-test-runner/9.0.1.Final/wildfly-core-test-runner-9.0.1.Final.jar:/root/.m2/repository/com/io7m/xom/xom/1.2.10/xom-1.2.10.jar:/root/.m2/repository/org/jboss/arquillian/junit/arquillian-junit-container/1.4.0.Final/arquillian-junit-container-1.4.0.Final.jar:/root/.m2/repository/org/jboss/arquillian/junit/arquillian-junit-core/1.4.0.Final/arquillian-junit-core-1.4.0.Final.jar:/root/.m2/repository/org/jboss/arquillian/test/arquillian-test-api/1.4.0.Final/arquillian-test-api-1.4.0.Final.jar:/root/.m2/repository/org/jboss/arquillian/test/arquillian-test-spi/1.4.0.Final/arquillian-test-spi-1.4.0.Final.jar:/root/.m2/repository/org/jboss/arquillian/container/arquillian-container-test-api/1.4.0.Final/arquillian-container-test-api-1.4.0.Final.jar:/root/.m2/repository/org/jboss/shrinkwrap/descriptors/shrinkwrap-descriptors-api-base/2.0.0/shrinkwrap-descriptors-api-base-2.0.0.jar:/root/.m2/repository/org/jboss/arquillian/container/arquillian-container-test-spi/1.4.0.Final/arquillian-container-test-spi-1.4.0.Final.jar:/root/.m2/repository/org/jboss/arquillian/container/arquillian-container-spi/1.4.0.Final/arquillian-container-spi-1.4.0.Final.jar:/root/.m2/repository/org/jboss/arquillian/core/arquillian-core-impl-base/1.4.0.Final/arquillian-core-impl-base-1.4.0.Final.jar:/root/.m2/repository/org/jboss/arquillian/test/arquillian-test-impl-base/1.4.0.Final/arquillian-test-impl-base-1.4.0.Final.jar:/root/.m2/repository/org/jboss/arquillian/container/arquillian-container-impl-base/1.4.0.Final/arquillian-container-impl-base-1.4.0.Final.jar:/root/.m2/repository/org/jboss/arquillian/config/arquillian-config-api/1.4.0.Final/arquillian-config-api-1.4.0.Final.jar:/root/.m2/repository/org/jboss/arquillian/config/arquillian-config-impl-base/1.4.0.Final/arquillian-config-impl-base-1.4.0.Final.jar:/root/.m2/repository/org/jboss/arquillian/config/arquillian-config-spi/1.4.0.Final/arquillian-config-spi-1.4.0.Final.jar:/root/.m2/repository/org/jboss/shrinkwrap/descriptors/shrinkwrap-descriptors-spi/2.0.0/shrinkwrap-descriptors-spi-2.0.0.jar:/root/.m2/repository/org/jboss/arquillian/container/arquillian-container-test-impl-base/1.4.0.Final/arquillian-container-test-impl-base-1.4.0.Final.jar:/root/.m2/repository/org/apache/httpcomponents/httpclient/4.5.4/httpclient-4.5.4.jar:/root/.m2/repository/org/apache/httpcomponents/httpcore/4.4.5/httpcore-4.4.5.jar:/root/.m2/repository/commons-codec/commons-codec/1.11/commons-codec-1.11.jar:/root/.m2/repository/org/jboss/spec/javax/servlet/jboss-servlet-api_3.1_spec/1.0.2.Final/jboss-servlet-api_3.1_spec-1.0.2.Final.jar:/root/.m2/repository/org/wildfly/wildfly-weld/20.0.0.Final/wildfly-weld-20.0.0.Final.jar:/root/.m2/repository/org/wildfly/wildfly-ee/20.0.0.Final/wildfly-ee-20.0.0.Final.jar:/root/.m2/repository/org/glassfish/javax.enterprise.concurrent/1.0/javax.enterprise.concurrent-1.0.jar:/root/.m2/repository/org/jboss/metadata/jboss-metadata-common/13.0.0.Final/jboss-metadata-common-13.0.0.Final.jar:/root/.m2/repository/org/jboss/metadata/jboss-metadata-ear/13.0.0.Final/jboss-metadata-ear-13.0.0.Final.jar:/root/.m2/repository/org/jboss/spec/javax/enterprise/concurrent/jboss-concurrency-api_1.0_spec/1.0.2.Final/jboss-concurrency-api_1.0_spec-1.0.2.Final.jar:/root/.m2/repository/org/jboss/spec/javax/interceptor/jboss-interceptors-api_1.2_spec/1.0.1.Final/jboss-interceptors-api_1.2_spec-1.0.1.Final.jar:/root/.m2/repository/org/wildfly/wildfly-naming/20.0.0.Final/wildfly-naming-20.0.0.Final.jar:/root/.m2/repository/org/wildfly/wildfly-http-client/wildfly-http-naming-client/1.0.15.Final/wildfly-http-naming-client-1.0.15.Final.jar:/root/.m2/repository/org/wildfly/security/wildfly-elytron/1.9.1.Final/wildfly-elytron-1.9.1.Final.jar:/root/.m2/repository/org/wildfly/wildfly-web-common/20.0.0.Final/wildfly-web-common-20.0.0.Final.jar:/root/.m2/repository/org/wildfly/wildfly-security/20.0.0.Final/wildfly-security-20.0.0.Final.jar:/root/.m2/repository/org/wildfly/core/wildfly-domain-management/9.0.1.Final/wildfly-domain-management-9.0.1.Final.jar:/root/.m2/repository/org/wildfly/wildfly-clustering-infinispan-spi/20.0.0.Final/wildfly-clustering-infinispan-spi-20.0.0.Final.jar:/root/.m2/repository/com/github/ben-manes/caffeine/caffeine/2.6.2/caffeine-2.6.2.jar:/root/.m2/repository/org/jboss/security/jboss-negotiation-extras/3.0.6.Final/jboss-negotiation-extras-3.0.6.Final.jar:/root/.m2/repository/org/jboss/security/jboss-negotiation-common/3.0.6.Final/jboss-negotiation-common-3.0.6.Final.jar:/root/.m2/repository/org/jboss/security/jboss-negotiation-spnego/3.0.6.Final/jboss-negotiation-spnego-3.0.6.Final.jar:/root/.m2/repository/org/jboss/spec/javax/security/jacc/jboss-jacc-api_1.5_spec/1.0.2.Final/jboss-jacc-api_1.5_spec-1.0.2.Final.jar:/root/.m2/repository/org/picketbox/picketbox-infinispan/5.0.3.Final/picketbox-infinispan-5.0.3.Final.jar:/root/.m2/repository/org/picketbox/picketbox-commons/1.0.0.final/picketbox-commons-1.0.0.final.jar:/root/.m2/repository/commons-cli/commons-cli/1.3.1/commons-cli-1.3.1.jar:/root/.m2/repository/org/jboss/metadata/jboss-metadata-web/13.0.0.Final/jboss-metadata-web-13.0.0.Final.jar:/root/.m2/repository/org/jboss/msc/jboss-msc/1.4.7.Final/jboss-msc-1.4.7.Final.jar:/root/.m2/repository/org/jboss/threads/jboss-threads/2.3.3.Final/jboss-threads-2.3.3.Final.jar:/root/.m2/repository/org/jboss/spec/javax/el/jboss-el-api_3.0_spec/1.0.13.Final/jboss-el-api_3.0_spec-1.0.13.Final.jar:/root/.m2/repository/org/jboss/spec/javax/servlet/jsp/jboss-jsp-api_2.3_spec/1.0.3.Final/jboss-jsp-api_2.3_spec-1.0.3.Final.jar:/root/.m2/repository/org/jboss/weld/module/weld-ejb/3.1.1.Final/weld-ejb-3.1.1.Final.jar:/root/.m2/repository/org/jboss/weld/module/weld-web/3.1.1.Final/weld-web-3.1.1.Final.jar:/root/.m2/repository/org/jboss/weld/module/weld-jta/3.1.1.Final/weld-jta-3.1.1.Final.jar:/root/.m2/repository/org/wildfly/wildfly-weld-spi/20.0.0.Final/wildfly-weld-spi-20.0.0.Final.jar:/root/.m2/repository/org/wildfly/wildfly-weld-common/20.0.0.Final/wildfly-weld-common-20.0.0.Final.jar:/root/.m2/repository/org/jboss/jboss-ejb-client/4.0.18.Final/jboss-ejb-client-4.0.18.Final.jar:/root/.m2/repository/org/wildfly/client/wildfly-client-config/1.0.1.Final/wildfly-client-config-1.0.1.Final.jar:/root/.m2/repository/org/wildfly/common/wildfly-common/1.5.1.Final/wildfly-common-1.5.1.Final.jar:/root/.m2/repository/org/wildfly/discovery/wildfly-discovery-client/1.2.0.Final/wildfly-discovery-client-1.2.0.Final.jar:/root/.m2/repository/org/wildfly/transaction/wildfly-transaction-client/1.1.3.Final/wildfly-transaction-client-1.1.3.Final.jar:/root/.m2/repository/org/wildfly/wildfly-naming-client/1.0.10.Final/wildfly-naming-client-1.0.10.Final.jar:/root/.m2/repository/org/infinispan/infinispan-core/9.4.14.Final/infinispan-core-9.4.14.Final.jar:/root/.m2/repository/org/infinispan/infinispan-commons/9.4.14.Final/infinispan-commons-9.4.14.Final.jar:/root/.m2/repository/org/apache/activemq/artemis-server/2.8.1/artemis-server-2.8.1.jar:/root/.m2/repository/org/jboss/logmanager/jboss-logmanager/2.1.11.Final/jboss-logmanager-2.1.11.Final.jar:/root/.m2/repository/org/apache/activemq/artemis-selector/2.8.1/artemis-selector-2.8.1.jar:/root/.m2/repository/org/apache/activemq/artemis-jdbc-store/2.8.1/artemis-jdbc-store-2.8.1.jar:/root/.m2/repository/org/apache/activemq/activemq-artemis-native/1.0.0/activemq-artemis-native-1.0.0.jar:/root/.m2/repository/commons-beanutils/commons-beanutils/1.9.3/commons-beanutils-1.9.3.jar:/root/.m2/repository/org/apache/activemq/artemis-service-extensions/2.8.1/artemis-service-extensions-2.8.1.jar:/root/.m2/repository/org/jgroups/jgroups/4.0.19.Final/jgroups-4.0.19.Final.jar:/root/.m2/repository/org/apache/activemq/artemis-commons/2.8.1/artemis-commons-2.8.1.jar:/root/.m2/repository/org/apache/activemq/artemis-journal/2.8.1/artemis-journal-2.8.1.jar:/root/.m2/repository/org/apache/activemq/artemis-core-client/2.8.1/artemis-core-client-2.8.1.jar:/root/.m2/repository/org/apache/activemq/artemis-jms-server/2.8.1/artemis-jms-server-2.8.1.jar:/root/.m2/repository/org/apache/activemq/artemis-cli/2.8.1/artemis-cli-2.8.1.jar:/root/.m2/repository/org/apache/activemq/artemis-tools/2.8.1/artemis-tools-2.8.1.jar:/root/.m2/repository/org/apache/activemq/artemis-dto/2.8.1/artemis-dto-2.8.1.jar:/root/.m2/repository/org/apache/activemq/artemis-jms-client/2.8.1/artemis-jms-client-2.8.1.jar:/root/.m2/repository/com/fasterxml/jackson/core/jackson-databind/2.9.9/jackson-databind-2.9.9.jar:/root/.m2/repository/com/fasterxml/jackson/core/jackson-annotations/2.9.9/jackson-annotations-2.9.9.jar:/root/.m2/repository/com/fasterxml/jackson/core/jackson-core/2.9.9/jackson-core-2.9.9.jar:/root/.m2/repository/org/wildfly/wildfly-batch-jberet/20.0.0.Final/wildfly-batch-jberet-20.0.0.Final.jar:/root/.m2/repository/org/jberet/jberet-core/1.3.4.Final/jberet-core-1.3.4.Final.jar:/root/.m2/repository/org/wildfly/wildfly-transactions/20.0.0.Final/wildfly-transactions-20.0.0.Final.jar:/root/.m2/repository/org/jboss/openjdk-orb/openjdk-orb/8.1.4.Final/openjdk-orb-8.1.4.Final.jar:/root/.m2/repository/org/jboss/narayana/jts/narayana-jts-idlj/5.9.5.Final/narayana-jts-idlj-5.9.5.Final.jar:/root/.m2/repository/org/jboss/narayana/jts/narayana-jts-integration/5.9.5.Final/narayana-jts-integration-5.9.5.Final.jar:/root/.m2/repository/org/jboss/spec/javax/resource/jboss-connector-api_1.7_spec/1.0.1.Final/jboss-connector-api_1.7_spec-1.0.1.Final.jar:/root/.m2/repository/org/wildfly/wildfly-http-client/wildfly-http-transaction-client/1.0.15.Final/wildfly-http-transaction-client-1.0.15.Final.jar:/root/.m2/repository/org/wildfly/core/wildfly-threads/9.0.1.Final/wildfly-threads-9.0.1.Final.jar:/root/.m2/repository/joda-time/joda-time/2.9.7/joda-time-2.9.7.jar:/root/.m2/repository/org/jboss/spec/javax/batch/jboss-batch-api_1.0_spec/1.0.2.Final/jboss-batch-api_1.0_spec-1.0.2.Final.jar:/root/.m2/repository/org/jboss/spec/javax/jms/jboss-jms-api_2.0_spec/1.0.2.Final/jboss-jms-api_2.0_spec-1.0.2.Final.jar:/root/.m2/repository/org/jboss/spec/javax/xml/bind/jboss-jaxb-api_2.3_spec/1.0.1.Final/jboss-jaxb-api_2.3_spec-1.0.1.Final.jar:/root/.m2/repository/org/jboss/osgi/metadata/jbosgi-metadata/2.2.0.Final/jbosgi-metadata-2.2.0.Final.jar:/root/.m2/repository/javax/ws/rs/javax.ws.rs-api/2.0.1/javax.ws.rs-api-2.0.1.jar:/root/.m2/repository/javax/json/javax.json-api/1.0/javax.json-api-1.0.jar:/root/.m2/repository/junit/junit/4.12/junit-4.12.jar:/root/.m2/repository/org/hamcrest/hamcrest-core/1.3/hamcrest-core-1.3.jar:/root/.m2/repository/javax/enterprise/concurrent/javax.enterprise.concurrent-api/1.0/javax.enterprise.concurrent-api-1.0.jar:/root/.m2/repository/org/jboss/ws/cxf/jbossws-cxf-client/5.3.0.Final/jbossws-cxf-client-5.3.0.Final.jar:/root/.m2/repository/org/jboss/modules/jboss-modules/1.9.1.Final/jboss-modules-1.9.1.Final.jar:/root/.m2/repository/org/jboss/ws/jbossws-api/1.1.2.Final/jbossws-api-1.1.2.Final.jar:/root/.m2/repository/org/jboss/ws/jbossws-common/3.2.3.Final/jbossws-common-3.2.3.Final.jar:/root/.m2/repository/org/jboss/ws/jbossws-common-tools/1.3.2.Final/jbossws-common-tools-1.3.2.Final.jar:/root/.m2/repository/org/jboss/ws/jbossws-spi/3.2.3.Final/jbossws-spi-3.2.3.Final.jar:/root/.m2/repository/org/jboss/ws/cxf/jbossws-cxf-factories/5.3.0.Final/jbossws-cxf-factories-5.3.0.Final.jar:/root/.m2/repository/org/jboss/ws/cxf/jbossws-cxf-transports-udp/5.3.0.Final/jbossws-cxf-transports-udp-5.3.0.Final.jar:/root/.m2/repository/org/jboss/ws/cxf/jbossws-cxf-transports-undertow/5.3.0.Final/jbossws-cxf-transports-undertow-5.3.0.Final.jar:/root/.m2/repository/org/apache/cxf/cxf-rt-features-logging/3.3.2/cxf-rt-features-logging-3.3.2.jar:/root/.m2/repository/org/apache/cxf/cxf-rt-wsdl/3.3.2/cxf-rt-wsdl-3.3.2.jar:/root/.m2/repository/wsdl4j/wsdl4j/1.6.3/wsdl4j-1.6.3.jar:/root/.m2/repository/org/apache/cxf/services/ws-discovery/cxf-services-ws-discovery-api/3.3.2/cxf-services-ws-discovery-api-3.3.2.jar:/root/.m2/repository/org/apache/cxf/xjcplugins/cxf-xjc-bug986/3.3.0/cxf-xjc-bug986-3.3.0.jar:/root/.m2/repository/org/apache/cxf/xjc-utils/cxf-xjc-runtime/3.3.0/cxf-xjc-runtime-3.3.0.jar:/root/.m2/repository/org/apache/velocity/velocity-engine-core/2.0/velocity-engine-core-2.0.jar:/root/.m2/repository/com/fasterxml/woodstox/woodstox-core/5.0.3/woodstox-core-5.0.3.jar:/root/.m2/repository/org/codehaus/woodstox/stax2-api/3.1.4/stax2-api-3.1.4.jar:/root/.m2/repository/org/jboss/spec/javax/xml/soap/jboss-saaj-api_1.3_spec/1.0.6.Final/jboss-saaj-api_1.3_spec-1.0.6.Final.jar:/root/.m2/repository/org/glassfish/jaxb/jaxb-runtime/2.3.1/jaxb-runtime-2.3.1.jar:/root/.m2/repository/org/glassfish/jaxb/txw2/2.3.1/txw2-2.3.1.jar:/root/.m2/repository/com/sun/istack/istack-commons-runtime/3.0.7/istack-commons-runtime-3.0.7.jar:/root/.m2/repository/org/jvnet/staxex/stax-ex/1.8/stax-ex-1.8.jar:/root/.m2/repository/org/glassfish/jaxb/jaxb-xjc/2.3.1/jaxb-xjc-2.3.1.jar:/root/.m2/repository/org/glassfish/jaxb/xsom/2.3.1/xsom-2.3.1.jar:/root/.m2/repository/com/sun/istack/istack-commons-tools/3.0.7/istack-commons-tools-3.0.7.jar:/root/.m2/repository/com/sun/xml/bind/external/relaxng-datatype/2.3.1/relaxng-datatype-2.3.1.jar:/root/.m2/repository/org/glassfish/jaxb/codemodel/2.3.1/codemodel-2.3.1.jar:/root/.m2/repository/com/sun/xml/bind/external/rngom/2.3.1/rngom-2.3.1.jar:/root/.m2/repository/com/sun/xml/messaging/saaj/saaj-impl/1.3.16-jbossorg-1/saaj-impl-1.3.16-jbossorg-1.jar:/root/.m2/repository/io/undertow/undertow-servlet/2.0.21.Final/undertow-servlet-2.0.21.Final.jar:/root/.m2/repository/io/undertow/undertow-core/2.0.21.Final/undertow-core-2.0.21.Final.jar:/root/.m2/repository/javax/activation/activation/1.1.1/activation-1.1.1.jar:/root/.m2/repository/javax/jws/jsr181-api/1.0-MR1/jsr181-api-1.0-MR1.jar:/root/.m2/repository/javax/persistence/javax.persistence-api/2.2/javax.persistence-api-2.2.jar:/root/.m2/repository/javax/security/enterprise/javax.security.enterprise-api/1.0/javax.security.enterprise-api-1.0.jar:/root/.m2/repository/javax/validation/validation-api/2.0.1.Final/validation-api-2.0.1.Final.jar:/root/.m2/repository/log4j/log4j/1.2.17/log4j-1.2.17.jar:/root/.m2/repository/org/apache/lucene/lucene-core/5.5.5/lucene-core-5.5.5.jar:/root/.m2/repository/org/apache/cxf/cxf-rt-databinding-jaxb/3.3.2/cxf-rt-databinding-jaxb-3.3.2.jar:/root/.m2/repository/org/apache/cxf/cxf-core/3.3.2/cxf-core-3.3.2.jar:/root/.m2/repository/org/apache/cxf/cxf-rt-frontend-jaxws/3.3.2/cxf-rt-frontend-jaxws-3.3.2.jar:/root/.m2/repository/xml-resolver/xml-resolver/1.2/xml-resolver-1.2.jar:/root/.m2/repository/org/apache/cxf/cxf-rt-bindings-soap/3.3.2/cxf-rt-bindings-soap-3.3.2.jar:/root/.m2/repository/org/apache/cxf/cxf-rt-bindings-xml/3.3.2/cxf-rt-bindings-xml-3.3.2.jar:/root/.m2/repository/org/apache/cxf/cxf-rt-frontend-simple/3.3.2/cxf-rt-frontend-simple-3.3.2.jar:/root/.m2/repository/org/apache/cxf/cxf-rt-transports-http/3.3.2/cxf-rt-transports-http-3.3.2.jar:/root/.m2/repository/org/apache/ws/xmlschema/xmlschema-core/2.2.4/xmlschema-core-2.2.4.jar:/root/.m2/repository/org/codehaus/jackson/jackson-core-asl/1.9.13/jackson-core-asl-1.9.13.jar:/root/.m2/repository/org/hibernate/hibernate-core/5.3.10.Final/hibernate-core-5.3.10.Final.jar:/root/.m2/repository/org/javassist/javassist/3.23.2-GA/javassist-3.23.2-GA.jar:/root/.m2/repository/net/bytebuddy/byte-buddy/1.9.5/byte-buddy-1.9.5.jar:/root/.m2/repository/antlr/antlr/2.7.7/antlr-2.7.7.jar:/root/.m2/repository/javax/activation/javax.activation-api/1.2.0/javax.activation-api-1.2.0.jar:/root/.m2/repository/org/dom4j/dom4j/2.1.1/dom4j-2.1.1.jar:/root/.m2/repository/org/hibernate/common/hibernate-commons-annotations/5.0.5.Final/hibernate-commons-annotations-5.0.5.Final.jar:/root/.m2/repository/org/hibernate/hibernate-envers/5.3.10.Final/hibernate-envers-5.3.10.Final.jar:/root/.m2/repository/org/hibernate/hibernate-search-engine/5.10.5.Final/hibernate-search-engine-5.10.5.Final.jar:/root/.m2/repository/org/apache/lucene/lucene-misc/5.5.5/lucene-misc-5.5.5.jar:/root/.m2/repository/org/apache/lucene/lucene-analyzers-common/5.5.5/lucene-analyzers-common-5.5.5.jar:/root/.m2/repository/org/apache/lucene/lucene-facet/5.5.5/lucene-facet-5.5.5.jar:/root/.m2/repository/org/apache/lucene/lucene-queries/5.5.5/lucene-queries-5.5.5.jar:/root/.m2/repository/org/apache/lucene/lucene-queryparser/5.5.5/lucene-queryparser-5.5.5.jar:/root/.m2/repository/org/hibernate/hibernate-search-orm/5.10.5.Final/hibernate-search-orm-5.10.5.Final.jar:/root/.m2/repository/javax/xml/bind/jaxb-api/2.3.0/jaxb-api-2.3.0.jar:/root/.m2/repository/org/hibernate/validator/hibernate-validator/6.0.16.Final/hibernate-validator-6.0.16.Final.jar:/root/.m2/repository/com/fasterxml/classmate/1.3.4/classmate-1.3.4.jar:/root/.m2/repository/org/jboss/classfilewriter/jboss-classfilewriter/1.2.4.Final/jboss-classfilewriter-1.2.4.Final.jar:/root/.m2/repository/org/jboss/ejb3/jboss-ejb3-ext-api/2.3.0.Final/jboss-ejb3-ext-api-2.3.0.Final.jar:/root/.m2/repository/org/jboss/ironjacamar/ironjacamar-core-impl/1.4.16.Final/ironjacamar-core-impl-1.4.16.Final.jar:/root/.m2/repository/org/jboss/ironjacamar/ironjacamar-common-impl/1.4.16.Final/ironjacamar-common-impl-1.4.16.Final.jar:/root/.m2/repository/org/jboss/ironjacamar/ironjacamar-core-api/1.4.16.Final/ironjacamar-core-api-1.4.16.Final.jar:/root/.m2/repository/org/jboss/jboss-transaction-spi/7.6.0.Final/jboss-transaction-spi-7.6.0.Final.jar:/root/.m2/repository/org/picketbox/picketbox/5.0.3.Final/picketbox-5.0.3.Final.jar:/root/.m2/repository/org/jboss/ironjacamar/ironjacamar-jdbc/1.4.16.Final/ironjacamar-jdbc-1.4.16.Final.jar:/root/.m2/repository/org/jboss/resteasy/resteasy-jackson-provider/3.7.0.Final/resteasy-jackson-provider-3.7.0.Final.jar:/root/.m2/repository/org/jboss/resteasy/resteasy-jaxrs/3.7.0.Final/resteasy-jaxrs-3.7.0.Final.jar:/root/.m2/repository/org/reactivestreams/reactive-streams/1.0.2/reactive-streams-1.0.2.jar:/root/.m2/repository/org/jboss/resteasy/resteasy-multipart-provider/3.7.0.Final/resteasy-multipart-provider-3.7.0.Final.jar:/root/.m2/repository/org/jboss/resteasy/resteasy-client/3.7.0.Final/resteasy-client-3.7.0.Final.jar:/root/.m2/repository/org/jboss/resteasy/resteasy-jaxb-provider/3.7.0.Final/resteasy-jaxb-provider-3.7.0.Final.jar:/root/.m2/repository/com/sun/mail/javax.mail/1.6.2/javax.mail-1.6.2.jar:/root/.m2/repository/org/apache/james/apache-mime4j/0.6/apache-mime4j-0.6.jar:/root/.m2/repository/org/jboss/security/jbossxacml/2.0.8.Final/jbossxacml-2.0.8.Final.jar:/root/.m2/repository/org/slf4j/slf4j-ext/1.7.22.jbossorg-1/slf4j-ext-1.7.22.jbossorg-1.jar:/root/.m2/repository/org/slf4j/slf4j-api/1.7.22.jbossorg-1/slf4j-api-1.7.22.jbossorg-1.jar:/root/.m2/repository/ch/qos/cal10n/cal10n-api/0.8.1/cal10n-api-0.8.1.jar:/root/.m2/repository/org/jboss/spec/javax/annotation/jboss-annotations-api_1.3_spec/1.0.1.Final/jboss-annotations-api_1.3_spec-1.0.1.Final.jar:/root/.m2/repository/org/jboss/spec/javax/faces/jboss-jsf-api_2.3_spec/2.3.9.SP02/jboss-jsf-api_2.3_spec-2.3.9.SP02.jar:/root/.m2/repository/org/jboss/spec/javax/management/j2ee/jboss-j2eemgmt-api_1.1_spec/1.0.2.Final/jboss-j2eemgmt-api_1.1_spec-1.0.2.Final.jar:/root/.m2/repository/org/jboss/spec/javax/security/auth/message/jboss-jaspi-api_1.1_spec/1.0.2.Final/jboss-jaspi-api_1.1_spec-1.0.2.Final.jar:/root/.m2/repository/org/jboss/spec/javax/websocket/jboss-websocket-api_1.1_spec/1.1.4.Final/jboss-websocket-api_1.1_spec-1.1.4.Final.jar:/root/.m2/repository/org/jboss/spec/javax/ws/rs/jboss-jaxrs-api_2.1_spec/1.0.2.Final/jboss-jaxrs-api_2.1_spec-1.0.2.Final.jar:/root/.m2/repository/org/jboss/spec/javax/xml/ws/jboss-jaxws-api_2.3_spec/1.0.0.Final/jboss-jaxws-api_2.3_spec-1.0.0.Final.jar:/root/.m2/repository/org/jboss/weld/weld-api/3.1.Final/weld-api-3.1.Final.jar:/root/.m2/repository/org/jboss/weld/weld-core-impl/3.1.1.Final/weld-core-impl-3.1.1.Final.jar:/root/.m2/repository/org/jboss/weld/weld-spi/3.1.Final/weld-spi-3.1.Final.jar:/root/.m2/repository/org/jsoup/jsoup/1.8.3/jsoup-1.8.3.jar:/root/.m2/repository/org/syslog4j/syslog4j/0.9.30/syslog4j-0.9.30.jar:/root/.m2/repository/org/wildfly/jipijapa-spi/20.0.0.Final/jipijapa-spi-20.0.0.Final.jar:/root/.m2/repository/org/wildfly/wildfly-connector/20.0.0.Final/wildfly-connector-20.0.0.Final.jar:/root/.m2/repository/org/wildfly/wildfly-clustering-marshalling-jboss/20.0.0.Final/wildfly-clustering-marshalling-jboss-20.0.0.Final.jar:/root/.m2/repository/org/wildfly/wildfly-clustering-marshalling-api/20.0.0.Final/wildfly-clustering-marshalling-api-20.0.0.Final.jar:/root/.m2/repository/org/wildfly/wildfly-clustering-marshalling-spi/20.0.0.Final/wildfly-clustering-marshalling-spi-20.0.0.Final.jar:/root/.m2/repository/org/wildfly/wildfly-clustering-spi/20.0.0.Final/wildfly-clustering-spi-20.0.0.Final.jar:/root/.m2/repository/org/jboss/ironjacamar/ironjacamar-common-api/1.4.16.Final/ironjacamar-common-api-1.4.16.Final.jar:/root/.m2/repository/org/jboss/ironjacamar/ironjacamar-common-spi/1.4.16.Final/ironjacamar-common-spi-1.4.16.Final.jar:/root/.m2/repository/org/jboss/ironjacamar/ironjacamar-deployers-common/1.4.16.Final/ironjacamar-deployers-common-1.4.16.Final.jar:/root/.m2/repository/org/jboss/ironjacamar/ironjacamar-validator/1.4.16.Final/ironjacamar-validator-1.4.16.Final.jar:/root/.m2/repository/org/wildfly/wildfly-ejb3/20.0.0.Final/wildfly-ejb3-20.0.0.Final.jar:/root/.m2/repository/org/jboss/common/jboss-common-beans/2.0.1.Final/jboss-common-beans-2.0.1.Final.jar:/root/.m2/repository/org/wildfly/wildfly-clustering-api/20.0.0.Final/wildfly-clustering-api-20.0.0.Final.jar:/root/.m2/repository/org/wildfly/wildfly-clustering-common/20.0.0.Final/wildfly-clustering-common-20.0.0.Final.jar:/root/.m2/repository/org/wildfly/wildfly-clustering-service/20.0.0.Final/wildfly-clustering-service-20.0.0.Final.jar:/root/.m2/repository/org/wildfly/wildfly-clustering-ejb-spi/20.0.0.Final/wildfly-clustering-ejb-spi-20.0.0.Final.jar:/root/.m2/repository/org/wildfly/wildfly-clustering-ee-spi/20.0.0.Final/wildfly-clustering-ee-spi-20.0.0.Final.jar:/root/.m2/repository/net/jcip/jcip-annotations/1.0/jcip-annotations-1.0.jar:/root/.m2/repository/org/wildfly/wildfly-clustering-singleton-api/20.0.0.Final/wildfly-clustering-singleton-api-20.0.0.Final.jar:/root/.m2/repository/org/wildfly/wildfly-iiop-openjdk/20.0.0.Final/wildfly-iiop-openjdk-20.0.0.Final.jar:/root/.m2/repository/org/wildfly/wildfly-http-client/wildfly-http-ejb-client/1.0.15.Final/wildfly-http-ejb-client-1.0.15.Final.jar:/root/.m2/repository/org/wildfly/wildfly-http-client/wildfly-http-client-common/1.0.15.Final/wildfly-http-client-common-1.0.15.Final.jar:/root/.m2/repository/org/jboss/jboss-iiop-client/1.0.1.Final/jboss-iiop-client-1.0.1.Final.jar:/root/.m2/repository/org/jboss/invocation/jboss-invocation/1.5.2.Final/jboss-invocation-1.5.2.Final.jar:/root/.m2/repository/org/jboss/metadata/jboss-metadata-ejb/13.0.0.Final/jboss-metadata-ejb-13.0.0.Final.jar:/root/.m2/repository/org/jboss/spec/javax/xml/rpc/jboss-jaxrpc-api_1.1_spec/1.0.2.Final/jboss-jaxrpc-api_1.1_spec-1.0.2.Final.jar:/root/.m2/repository/org/wildfly/security/elytron-web/undertow-server/1.5.0.Final/undertow-server-1.5.0.Final.jar:/root/.m2/repository/org/wildfly/wildfly-messaging-activemq/20.0.0.Final/wildfly-messaging-activemq-20.0.0.Final.jar:/root/.m2/repository/org/jboss/activemq/artemis/integration/artemis-wildfly-integration/1.0.2/artemis-wildfly-integration-1.0.2.jar:/root/.m2/repository/org/apache/activemq/artemis-ra/2.8.1/artemis-ra-2.8.1.jar:/root/.m2/repository/org/hornetq/hornetq-jms-client/2.4.7.Final/hornetq-jms-client-2.4.7.Final.jar:/root/.m2/repository/org/hornetq/hornetq-core-client/2.4.7.Final/hornetq-core-client-2.4.7.Final.jar:/root/.m2/repository/org/hornetq/hornetq-commons/2.4.7.Final/hornetq-commons-2.4.7.Final.jar:/root/.m2/repository/io/netty/netty-all/4.1.29.Final/netty-all-4.1.29.Final.jar:/root/.m2/repository/org/jboss/xnio/netty/netty-xnio-transport/0.1.6.Final/netty-xnio-transport-0.1.6.Final.jar:/root/.m2/repository/org/wildfly/wildfly-pojo/20.0.0.Final/wildfly-pojo-20.0.0.Final.jar:/root/.m2/repository/org/jboss/jboss-vfs/3.2.14.Final/jboss-vfs-3.2.14.Final.jar:/root/.m2/repository/org/wildfly/wildfly-system-jmx/20.0.0.Final/wildfly-system-jmx-20.0.0.Final.jar:/root/.m2/repository/org/wildfly/core/wildfly-logging/9.0.1.Final/wildfly-logging-9.0.1.Final.jar:/root/.m2/repository/org/jboss/jboss-dmr/1.5.0.Final/jboss-dmr-1.5.0.Final.jar:/root/.m2/repository/org/jboss/staxmapper/1.3.0.Final/staxmapper-1.3.0.Final.jar:/root/.m2/repository/org/jboss/logmanager/log4j-jboss-logmanager/1.2.0.Final/log4j-jboss-logmanager-1.2.0.Final.jar:/root/.m2/repository/org/jboss/stdio/jboss-stdio/1.1.0.Final/jboss-stdio-1.1.0.Final.jar:/root/.m2/repository/xalan/xalan/2.7.1.jbossorg-4/xalan-2.7.1.jbossorg-4.jar:/root/.m2/repository/xalan/serializer/2.7.1.jbossorg-4/serializer-2.7.1.jbossorg-4.jar:/root/.m2/repository/org/apache/openjpa/openjpa/3.0.0/openjpa-3.0.0.jar:/root/.m2/repository/commons-collections/commons-collections/3.2.2/commons-collections-3.2.2.jar:/root/.m2/repository/net/sourceforge/serp/serp/1.15.1/serp-1.15.1.jar:/root/.m2/repository/org/apache/geronimo/specs/geronimo-jms_1.1_spec/1.1.1/geronimo-jms_1.1_spec-1.1.1.jar:/root/.m2/repository/org/apache/geronimo/specs/geronimo-jta_1.1_spec/1.1.1/geronimo-jta_1.1_spec-1.1.1.jar:/root/.m2/repository/commons-pool/commons-pool/1.6/commons-pool-1.6.jar:/root/.m2/repository/org/apache/xbean/xbean-asm6-shaded/4.8/xbean-asm6-shaded-4.8.jar:/root/.m2/repository/org/apache/geronimo/specs/geronimo-jpa_2.1_spec/1.0-alpha-1/geronimo-jpa_2.1_spec-1.0-alpha-1.jar:/root/.m2/repository/org/apache/axis2/axis2-jaxws/1.7.8/axis2-jaxws-1.7.8.jar:/root/.m2/repository/org/apache/geronimo/specs/geronimo-annotation_1.0_spec/1.1/geronimo-annotation_1.0_spec-1.1.jar:/root/.m2/repository/org/apache/geronimo/specs/geronimo-jaxws_2.2_spec/1.0/geronimo-jaxws_2.2_spec-1.0.jar:/root/.m2/repository/org/apache/axis2/axis2-kernel/1.7.8/axis2-kernel-1.7.8.jar:/root/.m2/repository/org/apache/ws/commons/axiom/axiom-api/1.2.20/axiom-api-1.2.20.jar:/root/.m2/repository/org/apache/geronimo/specs/geronimo-activation_1.1_spec/1.1/geronimo-activation_1.1_spec-1.1.jar:/root/.m2/repository/jaxen/jaxen/1.1.6/jaxen-1.1.6.jar:/root/.m2/repository/org/apache/geronimo/specs/geronimo-stax-api_1.0_spec/1.0.1/geronimo-stax-api_1.0_spec-1.0.1.jar:/root/.m2/repository/org/apache/james/apache-mime4j-core/0.7.2/apache-mime4j-core-0.7.2.jar:/root/.m2/repository/org/apache/ws/commons/axiom/axiom-impl/1.2.20/axiom-impl-1.2.20.jar:/root/.m2/repository/org/codehaus/woodstox/woodstox-core-asl/4.2.0/woodstox-core-asl-4.2.0.jar:/root/.m2/repository/org/apache/geronimo/specs/geronimo-ws-metadata_2.0_spec/1.1.2/geronimo-ws-metadata_2.0_spec-1.1.2.jar:/root/.m2/repository/javax/servlet/servlet-api/2.3/servlet-api-2.3.jar:/root/.m2/repository/commons-fileupload/commons-fileupload/1.3.3/commons-fileupload-1.3.3.jar:/root/.m2/repository/org/apache/neethi/neethi/3.1.1/neethi-3.1.1.jar:/root/.m2/repository/org/apache/woden/woden-core/1.0M10/woden-core-1.0M10.jar:/root/.m2/repository/commons-logging/commons-logging/1.1.1/commons-logging-1.1.1.jar:/root/.m2/repository/javax/ws/rs/jsr311-api/1.1.1/jsr311-api-1.1.1.jar:/root/.m2/repository/org/apache/axis2/axis2-saaj/1.7.8/axis2-saaj-1.7.8.jar:/root/.m2/repository/org/apache/geronimo/specs/geronimo-saaj_1.3_spec/1.0.1/geronimo-saaj_1.3_spec-1.0.1.jar:/root/.m2/repository/org/apache/ws/commons/axiom/axiom-dom/1.2.20/axiom-dom-1.2.20.jar:/root/.m2/repository/org/apache/axis2/axis2-metadata/1.7.8/axis2-metadata-1.7.8.jar:/root/.m2/repository/com/sun/xml/ws/jaxws-tools/2.1.3/jaxws-tools-2.1.3.jar:/root/.m2/repository/org/apache/geronimo/specs/geronimo-javamail_1.4_spec/1.6/geronimo-javamail_1.4_spec-1.6.jar:/root/.m2/repository/com/sun/xml/bind/jaxb-impl/2.2.6/jaxb-impl-2.2.6.jar:/root/.m2/repository/com/sun/xml/bind/jaxb-xjc/2.2.6/jaxb-xjc-2.2.6.jar:/root/.m2/repository/org/apache/axis2/axis2-transport-http/1.7.8/axis2-transport-http-1.7.8.jar:/root/.m2/repository/commons-httpclient/commons-httpclient/3.1/commons-httpclient-3.1.jar:/root/.m2/repository/org/jboss/util/com.springsource.org.jboss.util/2.2.13.GA/com.springsource.org.jboss.util-2.2.13.GA.jar:/root/.m2/repository/org/jboss/logging/com.springsource.org.jboss.logging/2.0.5.GA/com.springsource.org.jboss.logging-2.0.5.GA.jar:/root/.m2/repository/org/apache/axis2/axis2-transport-jms/1.7.9/axis2-transport-jms-1.7.9.jar:/root/.m2/repository/org/apache/axis2/axis2-transport-base/1.7.9/axis2-transport-base-1.7.9.jar:/root/.m2/repository/org/apache/geronimo/specs/geronimo-jta_1.0.1B_spec/1.0/geronimo-jta_1.0.1B_spec-1.0.jar:/root/.m2/repository/org/jboss/eap/additional/testsuite/EAT-source-distribution/2.9.0.Final/EAT-source-distribution-2.9.0.Final.jar:/root/.m2/repository/org/jboss/eap/additional/testsuite/EAT-annotations/2.9.0.Final/EAT-annotations-2.9.0.Final.jar:/home/loukas/Desktop/server/wildfly/EAT/EAT/modules/testcases/jdkAll/WildflyRelease-20.0.0.Final/logging/test-configurations/../../../../../src/config/arqWildfly:"/>
    <property name="sun.cpu.endian" value="little"/>
    <property name="user.home" value="/root"/>
    <property name="user.language" value="en"/>
    <property name="standalone" value="true"/>
    <property name="java.specification.vendor" value="Oracle Corporation"/>
    <property name="java.version.date" value="2019-04-16"/>
    <property name="java.home" value="/usr/lib/jvm/java-11-openjdk-amd64"/>
    <property name="file.separator" value="/"/>
    <property name="basedir" value="/home/loukas/Desktop/server/wildfly/EAT/EAT/modules/testcases/jdkAll/WildflyRelease-20.0.0.Final/logging/test-configurations"/>
    <property name="java.vm.compressedOopsMode" value="32-bit"/>
    <property name="line.separator" value="&#10;"/>
    <property name="java.specification.name" value="Java Platform API Specification"/>
    <property name="java.vm.specification.vendor" value="Oracle Corporation"/>
    <property name="java.awt.graphicsenv" value="sun.awt.X11GraphicsEnvironment"/>
    <property name="surefire.real.class.path" value="/home/loukas/Desktop/server/wildfly/EAT/EAT/modules/testcases/jdkAll/WildflyRelease-20.0.0.Final/logging/test-configurations/target/surefire/surefirebooter18212826672206741323.jar"/>
    <property name="sun.management.compiler" value="HotSpot 64-Bit Tiered Compilers"/>
    <property name="java.runtime.version" value="11.0.3+7-Ubuntu-1ubuntu218.04.1"/>
    <property name="user.name" value="root"/>
    <property name="path.separator" value=":"/>
    <property name="os.version" value="4.18.0-21-generic"/>
    <property name="java.runtime.name" value="OpenJDK Runtime Environment"/>
    <property name="file.encoding" value="UTF-8"/>
    <property name="wildfly-release-20.0.0.Final" value="true"/>
    <property name="java.vm.name" value="OpenJDK 64-Bit Server VM"/>
    <property name="localRepository" value="/root/.m2/repository"/>
    <property name="java.vendor.url.bug" value="http://bugreport.java.com/bugreport/"/>
    <property name="java.io.tmpdir" value="/home/loukas/Desktop/server/wildfly/EAT/EAT/modules/testcases/jdkAll/WildflyRelease-20.0.0.Final/logging/test-configurations/target"/>
    <property name="java.version" value="11.0.3"/>
    <property name="user.dir" value="/home/loukas/Desktop/server/wildfly/EAT/EAT/modules/testcases/jdkAll/WildflyRelease-20.0.0.Final/logging/test-configurations"/>
    <property name="os.arch" value="amd64"/>
    <property name="java.vm.specification.name" value="Java Virtual Machine Specification"/>
    <property name="java.awt.printerjob" value="sun.print.PSPrinterJob"/>
    <property name="sun.os.patch.level" value="unknown"/>
    <property name="java.library.path" value="/usr/java/packages/lib:/usr/lib/x86_64-linux-gnu/jni:/lib/x86_64-linux-gnu:/usr/lib/x86_64-linux-gnu:/usr/lib/jni:/lib:/usr/lib"/>
    <property name="java.vendor" value="Oracle Corporation"/>
    <property name="java.vm.info" value="mixed mode, sharing"/>
    <property name="java.vm.version" value="11.0.3+7-Ubuntu-1ubuntu218.04.1"/>
    <property name="sun.io.unicode.encoding" value="UnicodeLittle"/>
    <property name="server.dir" value="/home/loukas/Desktop/server/wildfly/EAT/EAT/modules/testcases/jdkAll/WildflyRelease-20.0.0.Final/logging/test-configurations/../../../../../servers/wildfly/build/target/jbossas"/>
    <property name="java.class.version" value="55.0"/>
  </properties>
  <testcase name="testProfiles1" classname="org.jboss.additional.testsuite.jdkall.present.logging.misc.LoggingServletTestCase" time="0.448"/>
  <testcase name="testProfiles2" classname="org.jboss.additional.testsuite.jdkall.present.logging.misc.LoggingServletTestCase" time="0.046"/>
  <testcase name="testServlet" classname="org.jboss.additional.testsuite.jdkall.present.logging.misc.LoggingServletTestCase" time="0.034"/>
  <testcase name="testServlet2" classname="org.jboss.additional.testsuite.jdkall.present.logging.misc.LoggingServletTestCase" time="0.017"/>
</testsuite>