<?xml version="1.0" encoding="UTF-8"?>
<testsuite xmlns:xsi="http://www.w3.org/2001/XMLSchema-instance" xsi:noNamespaceSchemaLocation="https://maven.apache.org/surefire/maven-surefire-plugin/xsd/surefire-test-report.xsd" name="org.jboss.additional.testsuite.jdk8.present.logging.LoggingDeploymentResourceTestCase" time="15.198" tests="3" errors="0" skipped="0" failures="0">
  <properties>
    <property name="awt.toolkit" value="sun.awt.X11.XToolkit"/>
    <property name="jboss.server.config.file.name" value="standalone-full.xml"/>
    <property name="java.specification.version" value="11"/>
    <property name="sun.cpu.isalist" value=""/>
    <property name="sun.jnu.encoding" value="UTF-8"/>
    <property name="java.class.path" value="/home/loukas/Desktop/server/wildfly/EAT/EAT/modules/testcases/jdk8/WildflyRelease-17.0.0.Final/logging/test-configurations/target/test-classes:/home/loukas/Desktop/server/wildfly/EAT/EAT/modules/testcases/jdk8/WildflyRelease-17.0.0.Final/logging/test-configurations/target/classes:/root/.m2/repository/org/wildfly/arquillian/wildfly-arquillian-container-managed/2.2.0.Final/wildfly-arquillian-container-managed-2.2.0.Final.jar:/root/.m2/repository/org/wildfly/arquillian/wildfly-arquillian-common/2.2.0.Final/wildfly-arquillian-common-2.2.0.Final.jar:/root/.m2/repository/org/jboss/arquillian/testenricher/arquillian-testenricher-cdi/1.4.0.Final/arquillian-testenricher-cdi-1.4.0.Final.jar:/root/.m2/repository/org/jboss/arquillian/testenricher/arquillian-testenricher-ejb/1.4.0.Final/arquillian-testenricher-ejb-1.4.0.Final.jar:/root/.m2/repository/org/jboss/arquillian/testenricher/arquillian-testenricher-initialcontext/1.4.0.Final/arquillian-testenricher-initialcontext-1.4.0.Final.jar:/root/.m2/repository/org/jboss/arquillian/testenricher/arquillian-testenricher-resource/1.4.0.Final/arquillian-testenricher-resource-1.4.0.Final.jar:/root/.m2/repository/org/jboss/arquillian/protocol/arquillian-protocol-servlet/1.4.0.Final/arquillian-protocol-servlet-1.4.0.Final.jar:/root/.m2/repository/org/wildfly/arquillian/wildfly-arquillian-testenricher-msc/2.2.0.Final/wildfly-arquillian-testenricher-msc-2.2.0.Final.jar:/root/.m2/repository/org/wildfly/core/wildfly-controller-client/9.0.1.Final/wildfly-controller-client-9.0.1.Final.jar:/root/.m2/repository/org/wildfly/core/wildfly-protocol/9.0.1.Final/wildfly-protocol-9.0.1.Final.jar:/root/.m2/repository/org/jboss/jboss-dmr/1.5.0.Final/jboss-dmr-1.5.0.Final.jar:/root/.m2/repository/org/wildfly/plugins/wildfly-plugin-core/2.0.0.Final/wildfly-plugin-core-2.0.0.Final.jar:/root/.m2/repository/org/jboss/shrinkwrap/descriptors/shrinkwrap-descriptors-impl-base/2.0.0/shrinkwrap-descriptors-impl-base-2.0.0.jar:/root/.m2/repository/org/wildfly/common/wildfly-common/1.5.1.Final/wildfly-common-1.5.1.Final.jar:/root/.m2/repository/org/wildfly/arquillian/wildfly-arquillian-protocol-jmx/2.2.0.Final/wildfly-arquillian-protocol-jmx-2.2.0.Final.jar:/root/.m2/repository/org/wildfly/security/wildfly-elytron/1.9.1.Final/wildfly-elytron-1.9.1.Final.jar:/root/.m2/repository/org/jboss/arquillian/core/arquillian-core-spi/1.4.0.Final/arquillian-core-spi-1.4.0.Final.jar:/root/.m2/repository/org/jboss/arquillian/protocol/arquillian-protocol-jmx/1.4.0.Final/arquillian-protocol-jmx-1.4.0.Final.jar:/root/.m2/repository/org/wildfly/core/wildfly-jmx/9.0.1.Final/wildfly-jmx-9.0.1.Final.jar:/root/.m2/repository/org/jboss/msc/jboss-msc/1.4.7.Final/jboss-msc-1.4.7.Final.jar:/root/.m2/repository/org/wildfly/core/wildfly-remoting/9.0.1.Final/wildfly-remoting-9.0.1.Final.jar:/root/.m2/repository/org/wildfly/core/wildfly-io/9.0.1.Final/wildfly-io-9.0.1.Final.jar:/root/.m2/repository/org/jboss/xnio/xnio-api/3.7.2.Final/xnio-api-3.7.2.Final.jar:/root/.m2/repository/org/wildfly/client/wildfly-client-config/1.0.1.Final/wildfly-client-config-1.0.1.Final.jar:/root/.m2/repository/org/jboss/threads/jboss-threads/2.3.3.Final/jboss-threads-2.3.3.Final.jar:/root/.m2/repository/org/jboss/xnio/xnio-nio/3.7.2.Final/xnio-nio-3.7.2.Final.jar:/root/.m2/repository/org/jboss/logging/jboss-logging/3.4.0.Final/jboss-logging-3.4.0.Final.jar:/root/.m2/repository/org/jboss/marshalling/jboss-marshalling/2.0.7.Final/jboss-marshalling-2.0.7.Final.jar:/root/.m2/repository/org/jboss/marshalling/jboss-marshalling-river/2.0.7.Final/jboss-marshalling-river-2.0.7.Final.jar:/root/.m2/repository/org/jboss/remoting/jboss-remoting/5.0.12.Final/jboss-remoting-5.0.12.Final.jar:/root/.m2/repository/org/jboss/remotingjmx/remoting-jmx/3.0.3.Final/remoting-jmx-3.0.3.Final.jar:/root/.m2/repository/javax/inject/javax.inject/1/javax.inject-1.jar:/root/.m2/repository/org/wildfly/core/wildfly-launcher/9.0.1.Final/wildfly-launcher-9.0.1.Final.jar:/root/.m2/repository/org/jboss/arquillian/core/arquillian-core-api/1.4.0.Final/arquillian-core-api-1.4.0.Final.jar:/root/.m2/repository/org/jboss/shrinkwrap/shrinkwrap-api/1.2.6/shrinkwrap-api-1.2.6.jar:/root/.m2/repository/org/wildfly/wildfly-testsuite-shared/17.0.0.Final/wildfly-testsuite-shared-17.0.0.Final.jar:/root/.m2/repository/javax/enterprise/cdi-api/2.0.SP1/cdi-api-2.0.SP1.jar:/root/.m2/repository/org/jboss/spec/javax/annotation/jboss-annotations-api_1.3_spec/1.0.1.Final/jboss-annotations-api_1.3_spec-1.0.1.Final.jar:/root/.m2/repository/org/jboss/spec/javax/ejb/jboss-ejb-api_3.2_spec/1.0.2.Final/jboss-ejb-api_3.2_spec-1.0.2.Final.jar:/root/.m2/repository/org/jboss/spec/javax/servlet/jboss-servlet-api_4.0_spec/1.0.0.Final/jboss-servlet-api_4.0_spec-1.0.0.Final.jar:/root/.m2/repository/org/jboss/spec/javax/transaction/jboss-transaction-api_1.2_spec/1.1.1.Final/jboss-transaction-api_1.2_spec-1.1.1.Final.jar:/root/.m2/repository/org/wildfly/core/wildfly-core-testsuite-shared/9.0.1.Final/wildfly-core-testsuite-shared-9.0.1.Final.jar:/root/.m2/repository/commons-lang/commons-lang/2.6/commons-lang-2.6.jar:/root/.m2/repository/org/apache/httpcomponents/httpclient/4.5.4/httpclient-4.5.4.jar:/root/.m2/repository/org/apache/httpcomponents/httpcore/4.4.5/httpcore-4.4.5.jar:/root/.m2/repository/commons-codec/commons-codec/1.11/commons-codec-1.11.jar:/root/.m2/repository/org/jboss/logging/commons-logging-jboss-logging/1.0.0.Final/commons-logging-jboss-logging-1.0.0.Final.jar:/root/.m2/repository/org/wildfly/core/wildfly-elytron-integration/9.0.1.Final/wildfly-elytron-integration-9.0.1.Final.jar:/root/.m2/repository/org/picketbox/picketbox/5.0.3.Final/picketbox-5.0.3.Final.jar:/root/.m2/repository/javax/json/javax.json-api/1.1.2/javax.json-api-1.1.2.jar:/root/.m2/repository/org/glassfish/javax.json/1.1.2/javax.json-1.1.2.jar:/root/.m2/repository/org/wildfly/core/wildfly-server/9.0.1.Final/wildfly-server-9.0.1.Final.jar:/root/.m2/repository/org/wildfly/core/wildfly-domain-http-interface/9.0.1.Final/wildfly-domain-http-interface-9.0.1.Final.jar:/root/.m2/repository/org/wildfly/security/elytron-web/undertow-server/1.5.0.Final/undertow-server-1.5.0.Final.jar:/root/.m2/repository/org/wildfly/core/wildfly-deployment-repository/9.0.1.Final/wildfly-deployment-repository-9.0.1.Final.jar:/root/.m2/repository/org/wildfly/core/wildfly-platform-mbean/9.0.1.Final/wildfly-platform-mbean-9.0.1.Final.jar:/root/.m2/repository/org/wildfly/core/wildfly-process-controller/9.0.1.Final/wildfly-process-controller-9.0.1.Final.jar:/root/.m2/repository/org/wildfly/core/wildfly-version/9.0.1.Final/wildfly-version-9.0.1.Final.jar:/root/.m2/repository/org/jboss/classfilewriter/jboss-classfilewriter/1.2.4.Final/jboss-classfilewriter-1.2.4.Final.jar:/root/.m2/repository/org/jboss/invocation/jboss-invocation/1.5.2.Final/jboss-invocation-1.5.2.Final.jar:/root/.m2/repository/org/jboss/modules/jboss-modules/1.9.1.Final/jboss-modules-1.9.1.Final.jar:/root/.m2/repository/org/jboss/stdio/jboss-stdio/1.1.0.Final/jboss-stdio-1.1.0.Final.jar:/root/.m2/repository/org/jboss/jboss-vfs/3.2.14.Final/jboss-vfs-3.2.14.Final.jar:/root/.m2/repository/io/undertow/undertow-core/2.0.21.Final/undertow-core-2.0.21.Final.jar:/root/.m2/repository/com/jcraft/jsch/0.1.54/jsch-0.1.54.jar:/root/.m2/repository/org/wildfly/core/wildfly-controller/9.0.1.Final/wildfly-controller-9.0.1.Final.jar:/root/.m2/repository/org/wildfly/core/wildfly-core-security/9.0.1.Final/wildfly-core-security-9.0.1.Final.jar:/root/.m2/repository/org/wildfly/core/wildfly-core-security-api/9.0.1.Final/wildfly-core-security-api-9.0.1.Final.jar:/root/.m2/repository/org/jboss/logmanager/jboss-logmanager/2.1.11.Final/jboss-logmanager-2.1.11.Final.jar:/root/.m2/repository/org/jboss/staxmapper/1.3.0.Final/staxmapper-1.3.0.Final.jar:/root/.m2/repository/org/projectodd/vdx/vdx-wildfly/1.1.6/vdx-wildfly-1.1.6.jar:/root/.m2/repository/org/projectodd/vdx/vdx-core/1.1.6/vdx-core-1.1.6.jar:/root/.m2/repository/org/eclipse/jgit/org.eclipse.jgit/5.0.2.201807311906-r/org.eclipse.jgit-5.0.2.201807311906-r.jar:/root/.m2/repository/com/jcraft/jzlib/1.1.1/jzlib-1.1.1.jar:/root/.m2/repository/com/googlecode/javaewah/JavaEWAH/1.1.6/JavaEWAH-1.1.6.jar:/root/.m2/repository/org/wildfly/core/wildfly-host-controller/9.0.1.Final/wildfly-host-controller-9.0.1.Final.jar:/root/.m2/repository/org/wildfly/core/wildfly-management-client-content/9.0.1.Final/wildfly-management-client-content-9.0.1.Final.jar:/root/.m2/repository/org/jboss/jandex/2.0.5.Final/jandex-2.0.5.Final.jar:/root/.m2/repository/org/wildfly/core/wildfly-cli/9.0.1.Final/wildfly-cli-9.0.1.Final.jar:/root/.m2/repository/org/aesh/aesh-readline/1.17/aesh-readline-1.17.jar:/root/.m2/repository/org/fusesource/jansi/jansi/1.18/jansi-1.18.jar:/root/.m2/repository/org/aesh/aesh/2.3/aesh-2.3.jar:/root/.m2/repository/org/aesh/aesh-extensions/1.7/aesh-extensions-1.7.jar:/root/.m2/repository/org/wildfly/core/wildfly-embedded/9.0.1.Final/wildfly-embedded-9.0.1.Final.jar:/root/.m2/repository/org/wildfly/core/wildfly-network/9.0.1.Final/wildfly-network-9.0.1.Final.jar:/root/.m2/repository/org/wildfly/core/wildfly-request-controller/9.0.1.Final/wildfly-request-controller-9.0.1.Final.jar:/root/.m2/repository/org/wildfly/core/wildfly-subsystem-test-framework/9.0.1.Final/wildfly-subsystem-test-framework-9.0.1.Final.jar:/root/.m2/repository/org/apache/maven/maven-resolver-provider/3.5.0/maven-resolver-provider-3.5.0.jar:/root/.m2/repository/org/apache/maven/maven-model/3.5.0/maven-model-3.5.0.jar:/root/.m2/repository/org/apache/maven/maven-model-builder/3.5.0/maven-model-builder-3.5.0.jar:/root/.m2/repository/org/codehaus/plexus/plexus-interpolation/1.24/plexus-interpolation-1.24.jar:/root/.m2/repository/org/apache/maven/maven-artifact/3.5.0/maven-artifact-3.5.0.jar:/root/.m2/repository/org/apache/maven/maven-builder-support/3.5.0/maven-builder-support-3.5.0.jar:/root/.m2/repository/com/google/guava/guava/25.0-jre/guava-25.0-jre.jar:/root/.m2/repository/org/apache/maven/maven-repository-metadata/3.5.0/maven-repository-metadata-3.5.0.jar:/root/.m2/repository/org/apache/maven/resolver/maven-resolver-api/1.1.0/maven-resolver-api-1.1.0.jar:/root/.m2/repository/org/apache/maven/resolver/maven-resolver-spi/1.1.0/maven-resolver-spi-1.1.0.jar:/root/.m2/repository/org/apache/maven/resolver/maven-resolver-util/1.1.0/maven-resolver-util-1.1.0.jar:/root/.m2/repository/org/apache/maven/resolver/maven-resolver-impl/1.1.0/maven-resolver-impl-1.1.0.jar:/root/.m2/repository/org/codehaus/plexus/plexus-component-annotations/1.7.1/plexus-component-annotations-1.7.1.jar:/root/.m2/repository/org/codehaus/plexus/plexus-utils/3.1.0/plexus-utils-3.1.0.jar:/root/.m2/repository/org/apache/commons/commons-lang3/3.9/commons-lang3-3.9.jar:/root/.m2/repository/org/wildfly/legacy/test/wildfly-legacy-spi/4.0.1.Final/wildfly-legacy-spi-4.0.1.Final.jar:/root/.m2/repository/xerces/xercesImpl/2.12.0.SP02/xercesImpl-2.12.0.SP02.jar:/root/.m2/repository/org/wildfly/core/wildfly-model-test/9.0.1.Final/wildfly-model-test-9.0.1.Final.jar:/root/.m2/repository/org/apache/maven/resolver/maven-resolver-connector-basic/1.1.0/maven-resolver-connector-basic-1.1.0.jar:/root/.m2/repository/org/apache/maven/resolver/maven-resolver-transport-file/1.1.0/maven-resolver-transport-file-1.1.0.jar:/root/.m2/repository/org/apache/maven/resolver/maven-resolver-transport-http/1.1.0/maven-resolver-transport-http-1.1.0.jar:/root/.m2/repository/org/slf4j/jcl-over-slf4j/1.7.22.jbossorg-1/jcl-over-slf4j-1.7.22.jbossorg-1.jar:/root/.m2/repository/org/wildfly/legacy/test/wildfly-legacy-versions/4.0.1.Final/wildfly-legacy-versions-4.0.1.Final.jar:/root/.m2/repository/org/wildfly/core/wildfly-core-management-client/9.0.1.Final/wildfly-core-management-client-9.0.1.Final.jar:/root/.m2/repository/org/wildfly/core/wildfly-core-test-runner/9.0.1.Final/wildfly-core-test-runner-9.0.1.Final.jar:/root/.m2/repository/com/io7m/xom/xom/1.2.10/xom-1.2.10.jar:/root/.m2/repository/org/wildfly/wildfly-security-api/17.0.0.Final/wildfly-security-api-17.0.0.Final.jar:/root/.m2/repository/org/wildfly/wildfly-security/17.0.0.Final/wildfly-security-17.0.0.Final.jar:/root/.m2/repository/org/wildfly/core/wildfly-domain-management/9.0.1.Final/wildfly-domain-management-9.0.1.Final.jar:/root/.m2/repository/org/wildfly/wildfly-naming/17.0.0.Final/wildfly-naming-17.0.0.Final.jar:/root/.m2/repository/org/wildfly/wildfly-naming-client/1.0.10.Final/wildfly-naming-client-1.0.10.Final.jar:/root/.m2/repository/org/wildfly/wildfly-http-client/wildfly-http-naming-client/1.0.15.Final/wildfly-http-naming-client-1.0.15.Final.jar:/root/.m2/repository/org/wildfly/wildfly-http-client/wildfly-http-client-common/1.0.15.Final/wildfly-http-client-common-1.0.15.Final.jar:/root/.m2/repository/org/wildfly/wildfly-clustering-infinispan-spi/17.0.0.Final/wildfly-clustering-infinispan-spi-17.0.0.Final.jar:/root/.m2/repository/org/wildfly/wildfly-clustering-common/17.0.0.Final/wildfly-clustering-common-17.0.0.Final.jar:/root/.m2/repository/org/wildfly/wildfly-clustering-service/17.0.0.Final/wildfly-clustering-service-17.0.0.Final.jar:/root/.m2/repository/org/wildfly/wildfly-clustering-marshalling-spi/17.0.0.Final/wildfly-clustering-marshalling-spi-17.0.0.Final.jar:/root/.m2/repository/org/wildfly/wildfly-clustering-marshalling-api/17.0.0.Final/wildfly-clustering-marshalling-api-17.0.0.Final.jar:/root/.m2/repository/org/infinispan/infinispan-core/9.4.14.Final/infinispan-core-9.4.14.Final.jar:/root/.m2/repository/org/infinispan/infinispan-commons/9.4.14.Final/infinispan-commons-9.4.14.Final.jar:/root/.m2/repository/com/github/ben-manes/caffeine/caffeine/2.6.2/caffeine-2.6.2.jar:/root/.m2/repository/org/wildfly/wildfly-transactions/17.0.0.Final/wildfly-transactions-17.0.0.Final.jar:/root/.m2/repository/org/wildfly/wildfly-ee/17.0.0.Final/wildfly-ee-17.0.0.Final.jar:/root/.m2/repository/org/glassfish/javax.enterprise.concurrent/1.0/javax.enterprise.concurrent-1.0.jar:/root/.m2/repository/org/jboss/metadata/jboss-metadata-common/13.0.0.Final/jboss-metadata-common-13.0.0.Final.jar:/root/.m2/repository/org/jboss/metadata/jboss-metadata-ear/13.0.0.Final/jboss-metadata-ear-13.0.0.Final.jar:/root/.m2/repository/org/jboss/spec/javax/enterprise/concurrent/jboss-concurrency-api_1.0_spec/1.0.2.Final/jboss-concurrency-api_1.0_spec-1.0.2.Final.jar:/root/.m2/repository/org/jboss/spec/javax/interceptor/jboss-interceptors-api_1.2_spec/1.0.1.Final/jboss-interceptors-api_1.2_spec-1.0.1.Final.jar:/root/.m2/repository/org/jboss/spec/javax/el/jboss-el-api_3.0_spec/1.0.13.Final/jboss-el-api_3.0_spec-1.0.13.Final.jar:/root/.m2/repository/org/wildfly/wildfly-iiop-openjdk/17.0.0.Final/wildfly-iiop-openjdk-17.0.0.Final.jar:/root/.m2/repository/org/jboss/metadata/jboss-metadata-ejb/13.0.0.Final/jboss-metadata-ejb-13.0.0.Final.jar:/root/.m2/repository/org/jboss/openjdk-orb/openjdk-orb/8.1.4.Final/openjdk-orb-8.1.4.Final.jar:/root/.m2/repository/org/jboss/jboss-transaction-spi/7.6.0.Final/jboss-transaction-spi-7.6.0.Final.jar:/root/.m2/repository/org/jboss/narayana/jts/narayana-jts-idlj/5.9.5.Final/narayana-jts-idlj-5.9.5.Final.jar:/root/.m2/repository/org/jboss/narayana/jts/narayana-jts-integration/5.9.5.Final/narayana-jts-integration-5.9.5.Final.jar:/root/.m2/repository/org/jboss/spec/javax/resource/jboss-connector-api_1.7_spec/1.0.1.Final/jboss-connector-api_1.7_spec-1.0.1.Final.jar:/root/.m2/repository/org/wildfly/transaction/wildfly-transaction-client/1.1.3.Final/wildfly-transaction-client-1.1.3.Final.jar:/root/.m2/repository/org/wildfly/wildfly-http-client/wildfly-http-transaction-client/1.0.15.Final/wildfly-http-transaction-client-1.0.15.Final.jar:/root/.m2/repository/org/jboss/security/jboss-negotiation-extras/3.0.6.Final/jboss-negotiation-extras-3.0.6.Final.jar:/root/.m2/repository/org/jboss/security/jboss-negotiation-common/3.0.6.Final/jboss-negotiation-common-3.0.6.Final.jar:/root/.m2/repository/org/jboss/security/jboss-negotiation-spnego/3.0.6.Final/jboss-negotiation-spnego-3.0.6.Final.jar:/root/.m2/repository/org/jboss/spec/javax/security/jacc/jboss-jacc-api_1.5_spec/1.0.2.Final/jboss-jacc-api_1.5_spec-1.0.2.Final.jar:/root/.m2/repository/org/picketbox/picketbox-infinispan/5.0.3.Final/picketbox-infinispan-5.0.3.Final.jar:/root/.m2/repository/org/picketbox/picketbox-commons/1.0.0.final/picketbox-commons-1.0.0.final.jar:/root/.m2/repository/commons-cli/commons-cli/1.3.1/commons-cli-1.3.1.jar:/root/.m2/repository/org/apache/directory/server/apacheds-all/2.0.0-M24/apacheds-all-2.0.0-M24.jar:/root/.m2/repository/org/slf4j/slf4j-api/1.7.22.jbossorg-1/slf4j-api-1.7.22.jbossorg-1.jar:/root/.m2/repository/org/syslog4j/syslog4j/0.9.30/syslog4j-0.9.30.jar:/root/.m2/repository/org/jboss/arquillian/junit/arquillian-junit-container/1.4.0.Final/arquillian-junit-container-1.4.0.Final.jar:/root/.m2/repository/org/jboss/arquillian/junit/arquillian-junit-core/1.4.0.Final/arquillian-junit-core-1.4.0.Final.jar:/root/.m2/repository/org/jboss/arquillian/test/arquillian-test-api/1.4.0.Final/arquillian-test-api-1.4.0.Final.jar:/root/.m2/repository/org/jboss/arquillian/test/arquillian-test-spi/1.4.0.Final/arquillian-test-spi-1.4.0.Final.jar:/root/.m2/repository/org/jboss/arquillian/container/arquillian-container-test-api/1.4.0.Final/arquillian-container-test-api-1.4.0.Final.jar:/root/.m2/repository/org/jboss/shrinkwrap/descriptors/shrinkwrap-descriptors-api-base/2.0.0/shrinkwrap-descriptors-api-base-2.0.0.jar:/root/.m2/repository/org/jboss/arquillian/container/arquillian-container-test-spi/1.4.0.Final/arquillian-container-test-spi-1.4.0.Final.jar:/root/.m2/repository/org/jboss/arquillian/container/arquillian-container-spi/1.4.0.Final/arquillian-container-spi-1.4.0.Final.jar:/root/.m2/repository/org/jboss/arquillian/core/arquillian-core-impl-base/1.4.0.Final/arquillian-core-impl-base-1.4.0.Final.jar:/root/.m2/repository/org/jboss/arquillian/test/arquillian-test-impl-base/1.4.0.Final/arquillian-test-impl-base-1.4.0.Final.jar:/root/.m2/repository/org/jboss/arquillian/container/arquillian-container-impl-base/1.4.0.Final/arquillian-container-impl-base-1.4.0.Final.jar:/root/.m2/repository/org/jboss/arquillian/config/arquillian-config-api/1.4.0.Final/arquillian-config-api-1.4.0.Final.jar:/root/.m2/repository/org/jboss/arquillian/config/arquillian-config-impl-base/1.4.0.Final/arquillian-config-impl-base-1.4.0.Final.jar:/root/.m2/repository/org/jboss/arquillian/config/arquillian-config-spi/1.4.0.Final/arquillian-config-spi-1.4.0.Final.jar:/root/.m2/repository/org/jboss/shrinkwrap/descriptors/shrinkwrap-descriptors-spi/2.0.0/shrinkwrap-descriptors-spi-2.0.0.jar:/root/.m2/repository/org/jboss/arquillian/container/arquillian-container-test-impl-base/1.4.0.Final/arquillian-container-test-impl-base-1.4.0.Final.jar:/root/.m2/repository/org/jboss/shrinkwrap/shrinkwrap-impl-base/1.2.6/shrinkwrap-impl-base-1.2.6.jar:/root/.m2/repository/org/jboss/shrinkwrap/shrinkwrap-spi/1.2.6/shrinkwrap-spi-1.2.6.jar:/root/.m2/repository/org/hibernate/hibernate-search-analyzers/4.5.3.Final/hibernate-search-analyzers-4.5.3.Final.jar:/root/.m2/repository/org/apache/lucene/lucene-core/5.5.5/lucene-core-5.5.5.jar:/root/.m2/repository/junit/junit/4.12/junit-4.12.jar:/root/.m2/repository/org/hamcrest/hamcrest-core/1.3/hamcrest-core-1.3.jar:/root/.m2/repository/javax/enterprise/concurrent/javax.enterprise.concurrent-api/1.0/javax.enterprise.concurrent-api-1.0.jar:/root/.m2/repository/org/jboss/eap/additional/testsuite/EAT-source-distribution/2.9.0.Final/EAT-source-distribution-2.9.0.Final.jar:/root/.m2/repository/commons-io/commons-io/2.5/commons-io-2.5.jar:/root/.m2/repository/org/jboss/eap/additional/testsuite/EAT-annotations/2.9.0.Final/EAT-annotations-2.9.0.Final.jar:/home/loukas/Desktop/server/wildfly/EAT/EAT/modules/testcases/jdk8/WildflyRelease-17.0.0.Final/logging/test-configurations/../../../../../src/config/arqWildfly:"/>
    <property name="java.vm.vendor" value="Oracle Corporation"/>
    <property name="sun.arch.data.model" value="64"/>
    <property name="java.vendor.url" value="http://java.oracle.com/"/>
    <property name="user.timezone" value=""/>
    <property name="java.vm.specification.version" value="11"/>
    <property name="os.name" value="Linux"/>
    <property name="wildfly-release-17.0.0.Final-jdk8" value="true"/>
    <property name="sun.java.launcher" value="SUN_STANDARD"/>
    <property name="user.country" value="US"/>
    <property name="sun.boot.library.path" value="/usr/lib/jvm/java-11-openjdk-amd64/lib"/>
    <property name="sun.java.command" value="/home/loukas/Desktop/server/wildfly/EAT/EAT/modules/testcases/jdk8/WildflyRelease-17.0.0.Final/logging/test-configurations/target/surefire/surefirebooter16867646233950861045.jar /home/loukas/Desktop/server/wildfly/EAT/EAT/modules/testcases/jdk8/WildflyRelease-17.0.0.Final/logging/test-configurations/target/surefire 2019-06-10T13-51-22_300-jvmRun1 surefire5256637625835362506tmp surefire_14132570343580901380tmp"/>
    <property name="jdk.debug" value="release"/>
    <property name="surefire.test.class.path" value="/home/loukas/Desktop/server/wildfly/EAT/EAT/modules/testcases/jdk8/WildflyRelease-17.0.0.Final/logging/test-configurations/target/test-classes:/home/loukas/Desktop/server/wildfly/EAT/EAT/modules/testcases/jdk8/WildflyRelease-17.0.0.Final/logging/test-configurations/target/classes:/root/.m2/repository/org/wildfly/arquillian/wildfly-arquillian-container-managed/2.2.0.Final/wildfly-arquillian-container-managed-2.2.0.Final.jar:/root/.m2/repository/org/wildfly/arquillian/wildfly-arquillian-common/2.2.0.Final/wildfly-arquillian-common-2.2.0.Final.jar:/root/.m2/repository/org/jboss/arquillian/testenricher/arquillian-testenricher-cdi/1.4.0.Final/arquillian-testenricher-cdi-1.4.0.Final.jar:/root/.m2/repository/org/jboss/arquillian/testenricher/arquillian-testenricher-ejb/1.4.0.Final/arquillian-testenricher-ejb-1.4.0.Final.jar:/root/.m2/repository/org/jboss/arquillian/testenricher/arquillian-testenricher-initialcontext/1.4.0.Final/arquillian-testenricher-initialcontext-1.4.0.Final.jar:/root/.m2/repository/org/jboss/arquillian/testenricher/arquillian-testenricher-resource/1.4.0.Final/arquillian-testenricher-resource-1.4.0.Final.jar:/root/.m2/repository/org/jboss/arquillian/protocol/arquillian-protocol-servlet/1.4.0.Final/arquillian-protocol-servlet-1.4.0.Final.jar:/root/.m2/repository/org/wildfly/arquillian/wildfly-arquillian-testenricher-msc/2.2.0.Final/wildfly-arquillian-testenricher-msc-2.2.0.Final.jar:/root/.m2/repository/org/wildfly/core/wildfly-controller-client/9.0.1.Final/wildfly-controller-client-9.0.1.Final.jar:/root/.m2/repository/org/wildfly/core/wildfly-protocol/9.0.1.Final/wildfly-protocol-9.0.1.Final.jar:/root/.m2/repository/org/jboss/jboss-dmr/1.5.0.Final/jboss-dmr-1.5.0.Final.jar:/root/.m2/repository/org/wildfly/plugins/wildfly-plugin-core/2.0.0.Final/wildfly-plugin-core-2.0.0.Final.jar:/root/.m2/repository/org/jboss/shrinkwrap/descriptors/shrinkwrap-descriptors-impl-base/2.0.0/shrinkwrap-descriptors-impl-base-2.0.0.jar:/root/.m2/repository/org/wildfly/common/wildfly-common/1.5.1.Final/wildfly-common-1.5.1.Final.jar:/root/.m2/repository/org/wildfly/arquillian/wildfly-arquillian-protocol-jmx/2.2.0.Final/wildfly-arquillian-protocol-jmx-2.2.0.Final.jar:/root/.m2/repository/org/wildfly/security/wildfly-elytron/1.9.1.Final/wildfly-elytron-1.9.1.Final.jar:/root/.m2/repository/org/jboss/arquillian/core/arquillian-core-spi/1.4.0.Final/arquillian-core-spi-1.4.0.Final.jar:/root/.m2/repository/org/jboss/arquillian/protocol/arquillian-protocol-jmx/1.4.0.Final/arquillian-protocol-jmx-1.4.0.Final.jar:/root/.m2/repository/org/wildfly/core/wildfly-jmx/9.0.1.Final/wildfly-jmx-9.0.1.Final.jar:/root/.m2/repository/org/jboss/msc/jboss-msc/1.4.7.Final/jboss-msc-1.4.7.Final.jar:/root/.m2/repository/org/wildfly/core/wildfly-remoting/9.0.1.Final/wildfly-remoting-9.0.1.Final.jar:/root/.m2/repository/org/wildfly/core/wildfly-io/9.0.1.Final/wildfly-io-9.0.1.Final.jar:/root/.m2/repository/org/jboss/xnio/xnio-api/3.7.2.Final/xnio-api-3.7.2.Final.jar:/root/.m2/repository/org/wildfly/client/wildfly-client-config/1.0.1.Final/wildfly-client-config-1.0.1.Final.jar:/root/.m2/repository/org/jboss/threads/jboss-threads/2.3.3.Final/jboss-threads-2.3.3.Final.jar:/root/.m2/repository/org/jboss/xnio/xnio-nio/3.7.2.Final/xnio-nio-3.7.2.Final.jar:/root/.m2/repository/org/jboss/logging/jboss-logging/3.4.0.Final/jboss-logging-3.4.0.Final.jar:/root/.m2/repository/org/jboss/marshalling/jboss-marshalling/2.0.7.Final/jboss-marshalling-2.0.7.Final.jar:/root/.m2/repository/org/jboss/marshalling/jboss-marshalling-river/2.0.7.Final/jboss-marshalling-river-2.0.7.Final.jar:/root/.m2/repository/org/jboss/remoting/jboss-remoting/5.0.12.Final/jboss-remoting-5.0.12.Final.jar:/root/.m2/repository/org/jboss/remotingjmx/remoting-jmx/3.0.3.Final/remoting-jmx-3.0.3.Final.jar:/root/.m2/repository/javax/inject/javax.inject/1/javax.inject-1.jar:/root/.m2/repository/org/wildfly/core/wildfly-launcher/9.0.1.Final/wildfly-launcher-9.0.1.Final.jar:/root/.m2/repository/org/jboss/arquillian/core/arquillian-core-api/1.4.0.Final/arquillian-core-api-1.4.0.Final.jar:/root/.m2/repository/org/jboss/shrinkwrap/shrinkwrap-api/1.2.6/shrinkwrap-api-1.2.6.jar:/root/.m2/repository/org/wildfly/wildfly-testsuite-shared/17.0.0.Final/wildfly-testsuite-shared-17.0.0.Final.jar:/root/.m2/repository/javax/enterprise/cdi-api/2.0.SP1/cdi-api-2.0.SP1.jar:/root/.m2/repository/org/jboss/spec/javax/annotation/jboss-annotations-api_1.3_spec/1.0.1.Final/jboss-annotations-api_1.3_spec-1.0.1.Final.jar:/root/.m2/repository/org/jboss/spec/javax/ejb/jboss-ejb-api_3.2_spec/1.0.2.Final/jboss-ejb-api_3.2_spec-1.0.2.Final.jar:/root/.m2/repository/org/jboss/spec/javax/servlet/jboss-servlet-api_4.0_spec/1.0.0.Final/jboss-servlet-api_4.0_spec-1.0.0.Final.jar:/root/.m2/repository/org/jboss/spec/javax/transaction/jboss-transaction-api_1.2_spec/1.1.1.Final/jboss-transaction-api_1.2_spec-1.1.1.Final.jar:/root/.m2/repository/org/wildfly/core/wildfly-core-testsuite-shared/9.0.1.Final/wildfly-core-testsuite-shared-9.0.1.Final.jar:/root/.m2/repository/commons-lang/commons-lang/2.6/commons-lang-2.6.jar:/root/.m2/repository/org/apache/httpcomponents/httpclient/4.5.4/httpclient-4.5.4.jar:/root/.m2/repository/org/apache/httpcomponents/httpcore/4.4.5/httpcore-4.4.5.jar:/root/.m2/repository/commons-codec/commons-codec/1.11/commons-codec-1.11.jar:/root/.m2/repository/org/jboss/logging/commons-logging-jboss-logging/1.0.0.Final/commons-logging-jboss-logging-1.0.0.Final.jar:/root/.m2/repository/org/wildfly/core/wildfly-elytron-integration/9.0.1.Final/wildfly-elytron-integration-9.0.1.Final.jar:/root/.m2/repository/org/picketbox/picketbox/5.0.3.Final/picketbox-5.0.3.Final.jar:/root/.m2/repository/javax/json/javax.json-api/1.1.2/javax.json-api-1.1.2.jar:/root/.m2/repository/org/glassfish/javax.json/1.1.2/javax.json-1.1.2.jar:/root/.m2/repository/org/wildfly/core/wildfly-server/9.0.1.Final/wildfly-server-9.0.1.Final.jar:/root/.m2/repository/org/wildfly/core/wildfly-domain-http-interface/9.0.1.Final/wildfly-domain-http-interface-9.0.1.Final.jar:/root/.m2/repository/org/wildfly/security/elytron-web/undertow-server/1.5.0.Final/undertow-server-1.5.0.Final.jar:/root/.m2/repository/org/wildfly/core/wildfly-deployment-repository/9.0.1.Final/wildfly-deployment-repository-9.0.1.Final.jar:/root/.m2/repository/org/wildfly/core/wildfly-platform-mbean/9.0.1.Final/wildfly-platform-mbean-9.0.1.Final.jar:/root/.m2/repository/org/wildfly/core/wildfly-process-controller/9.0.1.Final/wildfly-process-controller-9.0.1.Final.jar:/root/.m2/repository/org/wildfly/core/wildfly-version/9.0.1.Final/wildfly-version-9.0.1.Final.jar:/root/.m2/repository/org/jboss/classfilewriter/jboss-classfilewriter/1.2.4.Final/jboss-classfilewriter-1.2.4.Final.jar:/root/.m2/repository/org/jboss/invocation/jboss-invocation/1.5.2.Final/jboss-invocation-1.5.2.Final.jar:/root/.m2/repository/org/jboss/modules/jboss-modules/1.9.1.Final/jboss-modules-1.9.1.Final.jar:/root/.m2/repository/org/jboss/stdio/jboss-stdio/1.1.0.Final/jboss-stdio-1.1.0.Final.jar:/root/.m2/repository/org/jboss/jboss-vfs/3.2.14.Final/jboss-vfs-3.2.14.Final.jar:/root/.m2/repository/io/undertow/undertow-core/2.0.21.Final/undertow-core-2.0.21.Final.jar:/root/.m2/repository/com/jcraft/jsch/0.1.54/jsch-0.1.54.jar:/root/.m2/repository/org/wildfly/core/wildfly-controller/9.0.1.Final/wildfly-controller-9.0.1.Final.jar:/root/.m2/repository/org/wildfly/core/wildfly-core-security/9.0.1.Final/wildfly-core-security-9.0.1.Final.jar:/root/.m2/repository/org/wildfly/core/wildfly-core-security-api/9.0.1.Final/wildfly-core-security-api-9.0.1.Final.jar:/root/.m2/repository/org/jboss/logmanager/jboss-logmanager/2.1.11.Final/jboss-logmanager-2.1.11.Final.jar:/root/.m2/repository/org/jboss/staxmapper/1.3.0.Final/staxmapper-1.3.0.Final.jar:/root/.m2/repository/org/projectodd/vdx/vdx-wildfly/1.1.6/vdx-wildfly-1.1.6.jar:/root/.m2/repository/org/projectodd/vdx/vdx-core/1.1.6/vdx-core-1.1.6.jar:/root/.m2/repository/org/eclipse/jgit/org.eclipse.jgit/5.0.2.201807311906-r/org.eclipse.jgit-5.0.2.201807311906-r.jar:/root/.m2/repository/com/jcraft/jzlib/1.1.1/jzlib-1.1.1.jar:/root/.m2/repository/com/googlecode/javaewah/JavaEWAH/1.1.6/JavaEWAH-1.1.6.jar:/root/.m2/repository/org/wildfly/core/wildfly-host-controller/9.0.1.Final/wildfly-host-controller-9.0.1.Final.jar:/root/.m2/repository/org/wildfly/core/wildfly-management-client-content/9.0.1.Final/wildfly-management-client-content-9.0.1.Final.jar:/root/.m2/repository/org/jboss/jandex/2.0.5.Final/jandex-2.0.5.Final.jar:/root/.m2/repository/org/wildfly/core/wildfly-cli/9.0.1.Final/wildfly-cli-9.0.1.Final.jar:/root/.m2/repository/org/aesh/aesh-readline/1.17/aesh-readline-1.17.jar:/root/.m2/repository/org/fusesource/jansi/jansi/1.18/jansi-1.18.jar:/root/.m2/repository/org/aesh/aesh/2.3/aesh-2.3.jar:/root/.m2/repository/org/aesh/aesh-extensions/1.7/aesh-extensions-1.7.jar:/root/.m2/repository/org/wildfly/core/wildfly-embedded/9.0.1.Final/wildfly-embedded-9.0.1.Final.jar:/root/.m2/repository/org/wildfly/core/wildfly-network/9.0.1.Final/wildfly-network-9.0.1.Final.jar:/root/.m2/repository/org/wildfly/core/wildfly-request-controller/9.0.1.Final/wildfly-request-controller-9.0.1.Final.jar:/root/.m2/repository/org/wildfly/core/wildfly-subsystem-test-framework/9.0.1.Final/wildfly-subsystem-test-framework-9.0.1.Final.jar:/root/.m2/repository/org/apache/maven/maven-resolver-provider/3.5.0/maven-resolver-provider-3.5.0.jar:/root/.m2/repository/org/apache/maven/maven-model/3.5.0/maven-model-3.5.0.jar:/root/.m2/repository/org/apache/maven/maven-model-builder/3.5.0/maven-model-builder-3.5.0.jar:/root/.m2/repository/org/codehaus/plexus/plexus-interpolation/1.24/plexus-interpolation-1.24.jar:/root/.m2/repository/org/apache/maven/maven-artifact/3.5.0/maven-artifact-3.5.0.jar:/root/.m2/repository/org/apache/maven/maven-builder-support/3.5.0/maven-builder-support-3.5.0.jar:/root/.m2/repository/com/google/guava/guava/25.0-jre/guava-25.0-jre.jar:/root/.m2/repository/org/apache/maven/maven-repository-metadata/3.5.0/maven-repository-metadata-3.5.0.jar:/root/.m2/repository/org/apache/maven/resolver/maven-resolver-api/1.1.0/maven-resolver-api-1.1.0.jar:/root/.m2/repository/org/apache/maven/resolver/maven-resolver-spi/1.1.0/maven-resolver-spi-1.1.0.jar:/root/.m2/repository/org/apache/maven/resolver/maven-resolver-util/1.1.0/maven-resolver-util-1.1.0.jar:/root/.m2/repository/org/apache/maven/resolver/maven-resolver-impl/1.1.0/maven-resolver-impl-1.1.0.jar:/root/.m2/repository/org/codehaus/plexus/plexus-component-annotations/1.7.1/plexus-component-annotations-1.7.1.jar:/root/.m2/repository/org/codehaus/plexus/plexus-utils/3.1.0/plexus-utils-3.1.0.jar:/root/.m2/repository/org/apache/commons/commons-lang3/3.9/commons-lang3-3.9.jar:/root/.m2/repository/org/wildfly/legacy/test/wildfly-legacy-spi/4.0.1.Final/wildfly-legacy-spi-4.0.1.Final.jar:/root/.m2/repository/xerces/xercesImpl/2.12.0.SP02/xercesImpl-2.12.0.SP02.jar:/root/.m2/repository/org/wildfly/core/wildfly-model-test/9.0.1.Final/wildfly-model-test-9.0.1.Final.jar:/root/.m2/repository/org/apache/maven/resolver/maven-resolver-connector-basic/1.1.0/maven-resolver-connector-basic-1.1.0.jar:/root/.m2/repository/org/apache/maven/resolver/maven-resolver-transport-file/1.1.0/maven-resolver-transport-file-1.1.0.jar:/root/.m2/repository/org/apache/maven/resolver/maven-resolver-transport-http/1.1.0/maven-resolver-transport-http-1.1.0.jar:/root/.m2/repository/org/slf4j/jcl-over-slf4j/1.7.22.jbossorg-1/jcl-over-slf4j-1.7.22.jbossorg-1.jar:/root/.m2/repository/org/wildfly/legacy/test/wildfly-legacy-versions/4.0.1.Final/wildfly-legacy-versions-4.0.1.Final.jar:/root/.m2/repository/org/wildfly/core/wildfly-core-management-client/9.0.1.Final/wildfly-core-management-client-9.0.1.Final.jar:/root/.m2/repository/org/wildfly/core/wildfly-core-test-runner/9.0.1.Final/wildfly-core-test-runner-9.0.1.Final.jar:/root/.m2/repository/com/io7m/xom/xom/1.2.10/xom-1.2.10.jar:/root/.m2/repository/org/wildfly/wildfly-security-api/17.0.0.Final/wildfly-security-api-17.0.0.Final.jar:/root/.m2/repository/org/wildfly/wildfly-security/17.0.0.Final/wildfly-security-17.0.0.Final.jar:/root/.m2/repository/org/wildfly/core/wildfly-domain-management/9.0.1.Final/wildfly-domain-management-9.0.1.Final.jar:/root/.m2/repository/org/wildfly/wildfly-naming/17.0.0.Final/wildfly-naming-17.0.0.Final.jar:/root/.m2/repository/org/wildfly/wildfly-naming-client/1.0.10.Final/wildfly-naming-client-1.0.10.Final.jar:/root/.m2/repository/org/wildfly/wildfly-http-client/wildfly-http-naming-client/1.0.15.Final/wildfly-http-naming-client-1.0.15.Final.jar:/root/.m2/repository/org/wildfly/wildfly-http-client/wildfly-http-client-common/1.0.15.Final/wildfly-http-client-common-1.0.15.Final.jar:/root/.m2/repository/org/wildfly/wildfly-clustering-infinispan-spi/17.0.0.Final/wildfly-clustering-infinispan-spi-17.0.0.Final.jar:/root/.m2/repository/org/wildfly/wildfly-clustering-common/17.0.0.Final/wildfly-clustering-common-17.0.0.Final.jar:/root/.m2/repository/org/wildfly/wildfly-clustering-service/17.0.0.Final/wildfly-clustering-service-17.0.0.Final.jar:/root/.m2/repository/org/wildfly/wildfly-clustering-marshalling-spi/17.0.0.Final/wildfly-clustering-marshalling-spi-17.0.0.Final.jar:/root/.m2/repository/org/wildfly/wildfly-clustering-marshalling-api/17.0.0.Final/wildfly-clustering-marshalling-api-17.0.0.Final.jar:/root/.m2/repository/org/infinispan/infinispan-core/9.4.14.Final/infinispan-core-9.4.14.Final.jar:/root/.m2/repository/org/infinispan/infinispan-commons/9.4.14.Final/infinispan-commons-9.4.14.Final.jar:/root/.m2/repository/com/github/ben-manes/caffeine/caffeine/2.6.2/caffeine-2.6.2.jar:/root/.m2/repository/org/wildfly/wildfly-transactions/17.0.0.Final/wildfly-transactions-17.0.0.Final.jar:/root/.m2/repository/org/wildfly/wildfly-ee/17.0.0.Final/wildfly-ee-17.0.0.Final.jar:/root/.m2/repository/org/glassfish/javax.enterprise.concurrent/1.0/javax.enterprise.concurrent-1.0.jar:/root/.m2/repository/org/jboss/metadata/jboss-metadata-common/13.0.0.Final/jboss-metadata-common-13.0.0.Final.jar:/root/.m2/repository/org/jboss/metadata/jboss-metadata-ear/13.0.0.Final/jboss-metadata-ear-13.0.0.Final.jar:/root/.m2/repository/org/jboss/spec/javax/enterprise/concurrent/jboss-concurrency-api_1.0_spec/1.0.2.Final/jboss-concurrency-api_1.0_spec-1.0.2.Final.jar:/root/.m2/repository/org/jboss/spec/javax/interceptor/jboss-interceptors-api_1.2_spec/1.0.1.Final/jboss-interceptors-api_1.2_spec-1.0.1.Final.jar:/root/.m2/repository/org/jboss/spec/javax/el/jboss-el-api_3.0_spec/1.0.13.Final/jboss-el-api_3.0_spec-1.0.13.Final.jar:/root/.m2/repository/org/wildfly/wildfly-iiop-openjdk/17.0.0.Final/wildfly-iiop-openjdk-17.0.0.Final.jar:/root/.m2/repository/org/jboss/metadata/jboss-metadata-ejb/13.0.0.Final/jboss-metadata-ejb-13.0.0.Final.jar:/root/.m2/repository/org/jboss/openjdk-orb/openjdk-orb/8.1.4.Final/openjdk-orb-8.1.4.Final.jar:/root/.m2/repository/org/jboss/jboss-transaction-spi/7.6.0.Final/jboss-transaction-spi-7.6.0.Final.jar:/root/.m2/repository/org/jboss/narayana/jts/narayana-jts-idlj/5.9.5.Final/narayana-jts-idlj-5.9.5.Final.jar:/root/.m2/repository/org/jboss/narayana/jts/narayana-jts-integration/5.9.5.Final/narayana-jts-integration-5.9.5.Final.jar:/root/.m2/repository/org/jboss/spec/javax/resource/jboss-connector-api_1.7_spec/1.0.1.Final/jboss-connector-api_1.7_spec-1.0.1.Final.jar:/root/.m2/repository/org/wildfly/transaction/wildfly-transaction-client/1.1.3.Final/wildfly-transaction-client-1.1.3.Final.jar:/root/.m2/repository/org/wildfly/wildfly-http-client/wildfly-http-transaction-client/1.0.15.Final/wildfly-http-transaction-client-1.0.15.Final.jar:/root/.m2/repository/org/jboss/security/jboss-negotiation-extras/3.0.6.Final/jboss-negotiation-extras-3.0.6.Final.jar:/root/.m2/repository/org/jboss/security/jboss-negotiation-common/3.0.6.Final/jboss-negotiation-common-3.0.6.Final.jar:/root/.m2/repository/org/jboss/security/jboss-negotiation-spnego/3.0.6.Final/jboss-negotiation-spnego-3.0.6.Final.jar:/root/.m2/repository/org/jboss/spec/javax/security/jacc/jboss-jacc-api_1.5_spec/1.0.2.Final/jboss-jacc-api_1.5_spec-1.0.2.Final.jar:/root/.m2/repository/org/picketbox/picketbox-infinispan/5.0.3.Final/picketbox-infinispan-5.0.3.Final.jar:/root/.m2/repository/org/picketbox/picketbox-commons/1.0.0.final/picketbox-commons-1.0.0.final.jar:/root/.m2/repository/commons-cli/commons-cli/1.3.1/commons-cli-1.3.1.jar:/root/.m2/repository/org/apache/directory/server/apacheds-all/2.0.0-M24/apacheds-all-2.0.0-M24.jar:/root/.m2/repository/org/slf4j/slf4j-api/1.7.22.jbossorg-1/slf4j-api-1.7.22.jbossorg-1.jar:/root/.m2/repository/org/syslog4j/syslog4j/0.9.30/syslog4j-0.9.30.jar:/root/.m2/repository/org/jboss/arquillian/junit/arquillian-junit-container/1.4.0.Final/arquillian-junit-container-1.4.0.Final.jar:/root/.m2/repository/org/jboss/arquillian/junit/arquillian-junit-core/1.4.0.Final/arquillian-junit-core-1.4.0.Final.jar:/root/.m2/repository/org/jboss/arquillian/test/arquillian-test-api/1.4.0.Final/arquillian-test-api-1.4.0.Final.jar:/root/.m2/repository/org/jboss/arquillian/test/arquillian-test-spi/1.4.0.Final/arquillian-test-spi-1.4.0.Final.jar:/root/.m2/repository/org/jboss/arquillian/container/arquillian-container-test-api/1.4.0.Final/arquillian-container-test-api-1.4.0.Final.jar:/root/.m2/repository/org/jboss/shrinkwrap/descriptors/shrinkwrap-descriptors-api-base/2.0.0/shrinkwrap-descriptors-api-base-2.0.0.jar:/root/.m2/repository/org/jboss/arquillian/container/arquillian-container-test-spi/1.4.0.Final/arquillian-container-test-spi-1.4.0.Final.jar:/root/.m2/repository/org/jboss/arquillian/container/arquillian-container-spi/1.4.0.Final/arquillian-container-spi-1.4.0.Final.jar:/root/.m2/repository/org/jboss/arquillian/core/arquillian-core-impl-base/1.4.0.Final/arquillian-core-impl-base-1.4.0.Final.jar:/root/.m2/repository/org/jboss/arquillian/test/arquillian-test-impl-base/1.4.0.Final/arquillian-test-impl-base-1.4.0.Final.jar:/root/.m2/repository/org/jboss/arquillian/container/arquillian-container-impl-base/1.4.0.Final/arquillian-container-impl-base-1.4.0.Final.jar:/root/.m2/repository/org/jboss/arquillian/config/arquillian-config-api/1.4.0.Final/arquillian-config-api-1.4.0.Final.jar:/root/.m2/repository/org/jboss/arquillian/config/arquillian-config-impl-base/1.4.0.Final/arquillian-config-impl-base-1.4.0.Final.jar:/root/.m2/repository/org/jboss/arquillian/config/arquillian-config-spi/1.4.0.Final/arquillian-config-spi-1.4.0.Final.jar:/root/.m2/repository/org/jboss/shrinkwrap/descriptors/shrinkwrap-descriptors-spi/2.0.0/shrinkwrap-descriptors-spi-2.0.0.jar:/root/.m2/repository/org/jboss/arquillian/container/arquillian-container-test-impl-base/1.4.0.Final/arquillian-container-test-impl-base-1.4.0.Final.jar:/root/.m2/repository/org/jboss/shrinkwrap/shrinkwrap-impl-base/1.2.6/shrinkwrap-impl-base-1.2.6.jar:/root/.m2/repository/org/jboss/shrinkwrap/shrinkwrap-spi/1.2.6/shrinkwrap-spi-1.2.6.jar:/root/.m2/repository/org/hibernate/hibernate-search-analyzers/4.5.3.Final/hibernate-search-analyzers-4.5.3.Final.jar:/root/.m2/repository/org/apache/lucene/lucene-core/5.5.5/lucene-core-5.5.5.jar:/root/.m2/repository/junit/junit/4.12/junit-4.12.jar:/root/.m2/repository/org/hamcrest/hamcrest-core/1.3/hamcrest-core-1.3.jar:/root/.m2/repository/javax/enterprise/concurrent/javax.enterprise.concurrent-api/1.0/javax.enterprise.concurrent-api-1.0.jar:/root/.m2/repository/org/jboss/eap/additional/testsuite/EAT-source-distribution/2.9.0.Final/EAT-source-distribution-2.9.0.Final.jar:/root/.m2/repository/commons-io/commons-io/2.5/commons-io-2.5.jar:/root/.m2/repository/org/jboss/eap/additional/testsuite/EAT-annotations/2.9.0.Final/EAT-annotations-2.9.0.Final.jar:/home/loukas/Desktop/server/wildfly/EAT/EAT/modules/testcases/jdk8/WildflyRelease-17.0.0.Final/logging/test-configurations/../../../../../src/config/arqWildfly:"/>
    <property name="sun.cpu.endian" value="little"/>
    <property name="user.home" value="/root"/>
    <property name="user.language" value="en"/>
    <property name="standalone" value="true"/>
    <property name="java.specification.vendor" value="Oracle Corporation"/>
    <property name="java.version.date" value="2019-04-16"/>
    <property name="java.home" value="/usr/lib/jvm/java-11-openjdk-amd64"/>
    <property name="file.separator" value="/"/>
    <property name="basedir" value="/home/loukas/Desktop/server/wildfly/EAT/EAT/modules/testcases/jdk8/WildflyRelease-17.0.0.Final/logging/test-configurations"/>
    <property name="java.vm.compressedOopsMode" value="32-bit"/>
    <property name="line.separator" value="&#10;"/>
    <property name="java.specification.name" value="Java Platform API Specification"/>
    <property name="java.vm.specification.vendor" value="Oracle Corporation"/>
    <property name="java.awt.graphicsenv" value="sun.awt.X11GraphicsEnvironment"/>
    <property name="surefire.real.class.path" value="/home/loukas/Desktop/server/wildfly/EAT/EAT/modules/testcases/jdk8/WildflyRelease-17.0.0.Final/logging/test-configurations/target/surefire/surefirebooter16867646233950861045.jar"/>
    <property name="sun.management.compiler" value="HotSpot 64-Bit Tiered Compilers"/>
    <property name="java.runtime.version" value="11.0.3+7-Ubuntu-1ubuntu218.04.1"/>
    <property name="user.name" value="root"/>
    <property name="path.separator" value=":"/>
    <property name="os.version" value="4.18.0-21-generic"/>
    <property name="java.runtime.name" value="OpenJDK Runtime Environment"/>
    <property name="file.encoding" value="UTF-8"/>
    <property name="java.vm.name" value="OpenJDK 64-Bit Server VM"/>
    <property name="localRepository" value="/root/.m2/repository"/>
    <property name="java.vendor.url.bug" value="http://bugreport.java.com/bugreport/"/>
    <property name="java.io.tmpdir" value="/home/loukas/Desktop/server/wildfly/EAT/EAT/modules/testcases/jdk8/WildflyRelease-17.0.0.Final/logging/test-configurations/target"/>
    <property name="java.version" value="11.0.3"/>
    <property name="user.dir" value="/home/loukas/Desktop/server/wildfly/EAT/EAT/modules/testcases/jdk8/WildflyRelease-17.0.0.Final/logging/test-configurations"/>
    <property name="os.arch" value="amd64"/>
    <property name="java.vm.specification.name" value="Java Virtual Machine Specification"/>
    <property name="java.awt.printerjob" value="sun.print.PSPrinterJob"/>
    <property name="sun.os.patch.level" value="unknown"/>
    <property name="java.library.path" value="/usr/java/packages/lib:/usr/lib/x86_64-linux-gnu/jni:/lib/x86_64-linux-gnu:/usr/lib/x86_64-linux-gnu:/usr/lib/jni:/lib:/usr/lib"/>
    <property name="java.vendor" value="Oracle Corporation"/>
    <property name="java.vm.info" value="mixed mode, sharing"/>
    <property name="java.vm.version" value="11.0.3+7-Ubuntu-1ubuntu218.04.1"/>
    <property name="sun.io.unicode.encoding" value="UnicodeLittle"/>
    <property name="java.class.version" value="55.0"/>
  </properties>
  <testcase name="testEarDeploymentConfigurationResource" classname="org.jboss.additional.testsuite.jdk8.present.logging.LoggingDeploymentResourceTestCase" time="0.06"/>
  <testcase name="testWarDeploymentConfigurationResource" classname="org.jboss.additional.testsuite.jdk8.present.logging.LoggingDeploymentResourceTestCase" time="0.018"/>
  <testcase name="testDeploymentConfigurationResource" classname="org.jboss.additional.testsuite.jdk8.present.logging.LoggingDeploymentResourceTestCase" time="0.033"/>
</testsuite>