<?xml version="1.0" encoding="UTF-8"?>
<testsuite xmlns:xsi="http://www.w3.org/2001/XMLSchema-instance" xsi:noNamespaceSchemaLocation="https://maven.apache.org/surefire/maven-surefire-plugin/xsd/surefire-test-report.xsd" name="org.jboss.additional.testsuite.jdkall.present.jaxrs.jaxb.JaxbProviderTestCase" time="0.269" tests="1" errors="0" skipped="0" failures="0">
  <properties>
    <property name="awt.toolkit" value="sun.awt.X11.XToolkit"/>
    <property name="java.specification.version" value="11"/>
    <property name="sun.cpu.isalist" value=""/>
    <property name="sun.jnu.encoding" value="UTF-8"/>
    <property name="java.class.path" value="/home/psotirop/EAT/CI/program/wildfly/at/EAT/modules/testcases/jdkAll/WildflyJakarta/jaxrs/test-configurations/target/test-classes:/home/psotirop/EAT/CI/program/wildfly/at/EAT/modules/testcases/jdkAll/WildflyJakarta/jaxrs/test-configurations/target/classes:/home/psotirop/.m2/repository/org/wildfly/arquillian/wildfly-arquillian-container-managed/5.0.0.Alpha5/wildfly-arquillian-container-managed-5.0.0.Alpha5.jar:/home/psotirop/.m2/repository/org/wildfly/arquillian/wildfly-arquillian-common/5.0.0.Alpha5/wildfly-arquillian-common-5.0.0.Alpha5.jar:/home/psotirop/.m2/repository/org/jboss/arquillian/testenricher/arquillian-testenricher-cdi-jakarta/1.7.0.Alpha12/arquillian-testenricher-cdi-jakarta-1.7.0.Alpha12.jar:/home/psotirop/.m2/repository/org/jboss/arquillian/testenricher/arquillian-testenricher-ejb-jakarta/1.7.0.Alpha12/arquillian-testenricher-ejb-jakarta-1.7.0.Alpha12.jar:/home/psotirop/.m2/repository/org/jboss/arquillian/testenricher/arquillian-testenricher-initialcontext/1.7.0.Alpha12/arquillian-testenricher-initialcontext-1.7.0.Alpha12.jar:/home/psotirop/.m2/repository/org/jboss/arquillian/testenricher/arquillian-testenricher-resource-jakarta/1.7.0.Alpha12/arquillian-testenricher-resource-jakarta-1.7.0.Alpha12.jar:/home/psotirop/.m2/repository/org/jboss/arquillian/protocol/arquillian-protocol-servlet-jakarta/1.7.0.Alpha12/arquillian-protocol-servlet-jakarta-1.7.0.Alpha12.jar:/home/psotirop/.m2/repository/org/wildfly/plugins/wildfly-plugin-core/3.0.0.Final/wildfly-plugin-core-3.0.0.Final.jar:/home/psotirop/.m2/repository/org/jboss/shrinkwrap/descriptors/shrinkwrap-descriptors-impl-base/2.0.0/shrinkwrap-descriptors-impl-base-2.0.0.jar:/home/psotirop/.m2/repository/org/jboss/xnio/xnio-api/3.8.8.Final/xnio-api-3.8.8.Final.jar:/home/psotirop/.m2/repository/org/jboss/xnio/xnio-nio/3.8.8.Final/xnio-nio-3.8.8.Final.jar:/home/psotirop/.m2/repository/org/jboss/logging/jboss-logging/3.4.3.Final/jboss-logging-3.4.3.Final.jar:/home/psotirop/.m2/repository/org/jboss/marshalling/jboss-marshalling/2.1.0.Final/jboss-marshalling-2.1.0.Final.jar:/home/psotirop/.m2/repository/org/jboss/marshalling/jboss-marshalling-river/2.1.0.Final/jboss-marshalling-river-2.1.0.Final.jar:/home/psotirop/.m2/repository/org/jboss/remoting/jboss-remoting/5.0.25.Final/jboss-remoting-5.0.25.Final.jar:/home/psotirop/.m2/repository/org/wildfly/core/wildfly-launcher/19.0.0.Beta18/wildfly-launcher-19.0.0.Beta18.jar:/home/psotirop/.m2/repository/org/jboss/arquillian/core/arquillian-core-api/1.7.0.Alpha12/arquillian-core-api-1.7.0.Alpha12.jar:/home/psotirop/.m2/repository/org/wildfly/arquillian/wildfly-arquillian-protocol-jmx/5.0.0.Alpha5/wildfly-arquillian-protocol-jmx-5.0.0.Alpha5.jar:/home/psotirop/.m2/repository/org/jboss/jandex/2.2.3.Final/jandex-2.2.3.Final.jar:/home/psotirop/.m2/repository/org/wildfly/security/wildfly-elytron/2.0.0.Final/wildfly-elytron-2.0.0.Final.jar:/home/psotirop/.m2/repository/org/wildfly/arquillian/wildfly-arquillian-testenricher-msc/5.0.0.Alpha5/wildfly-arquillian-testenricher-msc-5.0.0.Alpha5.jar:/home/psotirop/.m2/repository/org/jboss/arquillian/core/arquillian-core-spi/1.7.0.Alpha12/arquillian-core-spi-1.7.0.Alpha12.jar:/home/psotirop/.m2/repository/org/jboss/arquillian/protocol/arquillian-protocol-jmx/1.7.0.Alpha12/arquillian-protocol-jmx-1.7.0.Alpha12.jar:/home/psotirop/.m2/repository/org/wildfly/core/wildfly-jmx/19.0.0.Beta18/wildfly-jmx-19.0.0.Beta18.jar:/home/psotirop/.m2/repository/org/jboss/shrinkwrap/shrinkwrap-api/1.2.6/shrinkwrap-api-1.2.6.jar:/home/psotirop/.m2/repository/org/wildfly/wildfly-testsuite-shared-jakarta/27.0.0.Final-SNAPSHOT/wildfly-testsuite-shared-jakarta-27.0.0.Final-SNAPSHOT.jar:/home/psotirop/.m2/repository/org/wildfly/wildfly-testsuite-shared/27.0.0.Final-SNAPSHOT/wildfly-testsuite-shared-27.0.0.Final-SNAPSHOT.jar:/home/psotirop/.m2/repository/jakarta/enterprise/jakarta.enterprise.cdi-api/4.0.0/jakarta.enterprise.cdi-api-4.0.0.jar:/home/psotirop/.m2/repository/com/nimbusds/nimbus-jose-jwt/9.23/nimbus-jose-jwt-9.23.jar:/home/psotirop/.m2/repository/com/github/stephenc/jcip/jcip-annotations/1.0-1/jcip-annotations-1.0-1.jar:/home/psotirop/.m2/repository/org/jboss/spec/javax/ejb/jboss-ejb-api_3.2_spec/2.0.0.Final/jboss-ejb-api_3.2_spec-2.0.0.Final.jar:/home/psotirop/.m2/repository/org/jboss/spec/javax/servlet/jboss-servlet-api_4.0_spec/2.0.0.Final/jboss-servlet-api_4.0_spec-2.0.0.Final.jar:/home/psotirop/.m2/repository/org/jboss/spec/javax/transaction/jboss-transaction-api_1.3_spec/2.0.0.Final/jboss-transaction-api_1.3_spec-2.0.0.Final.jar:/home/psotirop/.m2/repository/org/wildfly/wildfly-security/27.0.0.Final-SNAPSHOT/wildfly-security-27.0.0.Final-SNAPSHOT.jar:/home/psotirop/.m2/repository/org/apache/directory/server/apacheds-test-framework/2.0.0.AM26/apacheds-test-framework-2.0.0.AM26.jar:/home/psotirop/.m2/repository/org/apache/directory/server/apacheds-core-annotations/2.0.0.AM26/apacheds-core-annotations-2.0.0.AM26.jar:/home/psotirop/.m2/repository/org/apache/directory/server/apacheds-core-shared/2.0.0.AM26/apacheds-core-shared-2.0.0.AM26.jar:/home/psotirop/.m2/repository/org/apache/directory/server/apacheds-ldif-partition/2.0.0.AM26/apacheds-ldif-partition-2.0.0.AM26.jar:/home/psotirop/.m2/repository/org/apache/directory/server/apacheds-jdbm-partition/2.0.0.AM26/apacheds-jdbm-partition-2.0.0.AM26.jar:/home/psotirop/.m2/repository/org/apache/directory/server/apacheds-core-avl/2.0.0.AM26/apacheds-core-avl-2.0.0.AM26.jar:/home/psotirop/.m2/repository/org/apache/directory/server/apacheds-xdbm-partition/2.0.0.AM26/apacheds-xdbm-partition-2.0.0.AM26.jar:/home/psotirop/.m2/repository/org/apache/directory/mavibot/mavibot/1.0.0-M8/mavibot-1.0.0-M8.jar:/home/psotirop/.m2/repository/org/apache/directory/server/apacheds-mavibot-partition/2.0.0.AM26/apacheds-mavibot-partition-2.0.0.AM26.jar:/home/psotirop/.m2/repository/org/apache/directory/api/api-ldap-schema-data/2.0.0/api-ldap-schema-data-2.0.0.jar:/home/psotirop/.m2/repository/org/apache/directory/server/apacheds-core-api/2.0.0.AM26/apacheds-core-api-2.0.0.AM26.jar:/home/psotirop/.m2/repository/org/apache/directory/server/apacheds-core-constants/2.0.0.AM26/apacheds-core-constants-2.0.0.AM26.jar:/home/psotirop/.m2/repository/org/apache/directory/api/api-i18n/2.0.0/api-i18n-2.0.0.jar:/home/psotirop/.m2/repository/org/apache/directory/api/api-ldap-client-api/2.0.0/api-ldap-client-api-2.0.0.jar:/home/psotirop/.m2/repository/org/apache/commons/commons-pool2/2.7.0/commons-pool2-2.7.0.jar:/home/psotirop/.m2/repository/org/apache/directory/api/api-ldap-codec-core/2.0.0/api-ldap-codec-core-2.0.0.jar:/home/psotirop/.m2/repository/org/apache/directory/api/api-ldap-extras-aci/2.0.0/api-ldap-extras-aci-2.0.0.jar:/home/psotirop/.m2/repository/org/apache/directory/api/api-ldap-extras-util/2.0.0/api-ldap-extras-util-2.0.0.jar:/home/psotirop/.m2/repository/org/apache/mina/mina-core/2.1.3/mina-core-2.1.3.jar:/home/psotirop/.m2/repository/com/github/ben-manes/caffeine/caffeine/3.1.1/caffeine-3.1.1.jar:/home/psotirop/.m2/repository/org/apache/directory/server/apacheds-i18n/2.0.0.AM26/apacheds-i18n-2.0.0.AM26.jar:/home/psotirop/.m2/repository/org/apache/directory/server/apacheds-protocol-kerberos/2.0.0.AM26/apacheds-protocol-kerberos-2.0.0.AM26.jar:/home/psotirop/.m2/repository/org/apache/directory/server/apacheds-protocol-ldap/2.0.0.AM26/apacheds-protocol-ldap-2.0.0.AM26.jar:/home/psotirop/.m2/repository/org/apache/directory/jdbm/apacheds-jdbm1/2.0.0-M3/apacheds-jdbm1-2.0.0-M3.jar:/home/psotirop/.m2/repository/org/apache/directory/api/api-asn1-ber/2.0.0/api-asn1-ber-2.0.0.jar:/home/psotirop/.m2/repository/org/apache/directory/api/api-ldap-extras-codec-api/2.0.0/api-ldap-extras-codec-api-2.0.0.jar:/home/psotirop/.m2/repository/org/apache/directory/api/api-ldap-extras-codec/2.0.0/api-ldap-extras-codec-2.0.0.jar:/home/psotirop/.m2/repository/org/apache/directory/api/api-ldap-extras-sp/2.0.0/api-ldap-extras-sp-2.0.0.jar:/home/psotirop/.m2/repository/org/apache/directory/server/apacheds-protocol-shared/2.0.0.AM26/apacheds-protocol-shared-2.0.0.AM26.jar:/home/psotirop/.m2/repository/org/apache/directory/server/apacheds-server-annotations/2.0.0.AM26/apacheds-server-annotations-2.0.0.AM26.jar:/home/psotirop/.m2/repository/org/apache/directory/api/api-ldap-codec-standalone/2.0.0/api-ldap-codec-standalone-2.0.0.jar:/home/psotirop/.m2/repository/org/apache/directory/api/api-ldap-net-mina/2.0.0/api-ldap-net-mina-2.0.0.jar:/home/psotirop/.m2/repository/org/apache/directory/api/api-ldap-model/2.0.0/api-ldap-model-2.0.0.jar:/home/psotirop/.m2/repository/org/apache/servicemix/bundles/org.apache.servicemix.bundles.antlr/2.7.7_5/org.apache.servicemix.bundles.antlr-2.7.7_5.jar:/home/psotirop/.m2/repository/org/apache/directory/server/apacheds-interceptor-kerberos/2.0.0.AM26/apacheds-interceptor-kerberos-2.0.0.AM26.jar:/home/psotirop/.m2/repository/org/apache/directory/server/apacheds-core/2.0.0.AM26/apacheds-core-2.0.0.AM26.jar:/home/psotirop/.m2/repository/org/apache/directory/server/apacheds-interceptors-admin/2.0.0.AM26/apacheds-interceptors-admin-2.0.0.AM26.jar:/home/psotirop/.m2/repository/org/apache/directory/server/apacheds-interceptors-authn/2.0.0.AM26/apacheds-interceptors-authn-2.0.0.AM26.jar:/home/psotirop/.m2/repository/org/apache/directory/server/apacheds-interceptors-number/2.0.0.AM26/apacheds-interceptors-number-2.0.0.AM26.jar:/home/psotirop/.m2/repository/org/apache/directory/server/apacheds-interceptors-authz/2.0.0.AM26/apacheds-interceptors-authz-2.0.0.AM26.jar:/home/psotirop/.m2/repository/org/apache/directory/server/apacheds-interceptors-changelog/2.0.0.AM26/apacheds-interceptors-changelog-2.0.0.AM26.jar:/home/psotirop/.m2/repository/org/apache/directory/server/apacheds-interceptors-collective/2.0.0.AM26/apacheds-interceptors-collective-2.0.0.AM26.jar:/home/psotirop/.m2/repository/org/apache/directory/server/apacheds-interceptors-event/2.0.0.AM26/apacheds-interceptors-event-2.0.0.AM26.jar:/home/psotirop/.m2/repository/org/apache/directory/server/apacheds-interceptors-exception/2.0.0.AM26/apacheds-interceptors-exception-2.0.0.AM26.jar:/home/psotirop/.m2/repository/org/apache/directory/server/apacheds-interceptors-journal/2.0.0.AM26/apacheds-interceptors-journal-2.0.0.AM26.jar:/home/psotirop/.m2/repository/org/apache/directory/server/apacheds-interceptors-normalization/2.0.0.AM26/apacheds-interceptors-normalization-2.0.0.AM26.jar:/home/psotirop/.m2/repository/org/apache/directory/server/apacheds-interceptors-operational/2.0.0.AM26/apacheds-interceptors-operational-2.0.0.AM26.jar:/home/psotirop/.m2/repository/org/apache/directory/server/apacheds-interceptors-referral/2.0.0.AM26/apacheds-interceptors-referral-2.0.0.AM26.jar:/home/psotirop/.m2/repository/org/apache/directory/server/apacheds-interceptors-schema/2.0.0.AM26/apacheds-interceptors-schema-2.0.0.AM26.jar:/home/psotirop/.m2/repository/org/apache/directory/server/apacheds-interceptors-subtree/2.0.0.AM26/apacheds-interceptors-subtree-2.0.0.AM26.jar:/home/psotirop/.m2/repository/org/apache/directory/server/apacheds-interceptors-trigger/2.0.0.AM26/apacheds-interceptors-trigger-2.0.0.AM26.jar:/home/psotirop/.m2/repository/org/apache/directory/api/api-ldap-extras-trigger/2.0.0/api-ldap-extras-trigger-2.0.0.jar:/home/psotirop/.m2/repository/org/apache/directory/server/apacheds-kerberos-codec/2.0.0.AM26/apacheds-kerberos-codec-2.0.0.AM26.jar:/home/psotirop/.m2/repository/org/apache/directory/api/api-asn1-api/2.0.0/api-asn1-api-2.0.0.jar:/home/psotirop/.m2/repository/org/apache/directory/api/api-util/2.0.0/api-util-2.0.0.jar:/home/psotirop/.m2/repository/io/netty/netty-buffer/4.1.82.Final/netty-buffer-4.1.82.Final.jar:/home/psotirop/.m2/repository/io/netty/netty-resolver/4.1.82.Final/netty-resolver-4.1.82.Final.jar:/home/psotirop/.m2/repository/io/netty/netty-transport/4.1.82.Final/netty-transport-4.1.82.Final.jar:/home/psotirop/.m2/repository/io/netty/netty-handler/4.1.82.Final/netty-handler-4.1.82.Final.jar:/home/psotirop/.m2/repository/io/netty/netty-handler-proxy/4.1.82.Final/netty-handler-proxy-4.1.82.Final.jar:/home/psotirop/.m2/repository/io/netty/netty-codec/4.1.82.Final/netty-codec-4.1.82.Final.jar:/home/psotirop/.m2/repository/io/netty/netty-codec-socks/4.1.82.Final/netty-codec-socks-4.1.82.Final.jar:/home/psotirop/.m2/repository/io/netty/netty-common/4.1.82.Final/netty-common-4.1.82.Final.jar:/home/psotirop/.m2/repository/io/netty/netty-transport-native-unix-common/4.1.82.Final/netty-transport-native-unix-common-4.1.82.Final.jar:/home/psotirop/.m2/repository/io/netty/netty-transport-classes-epoll/4.1.82.Final/netty-transport-classes-epoll-4.1.82.Final.jar:/home/psotirop/.m2/repository/io/netty/netty-transport-classes-kqueue/4.1.82.Final/netty-transport-classes-kqueue-4.1.82.Final.jar:/home/psotirop/.m2/repository/io/netty/netty-codec-http/4.1.82.Final/netty-codec-http-4.1.82.Final.jar:/home/psotirop/.m2/repository/org/jboss/jboss-transaction-spi/7.6.1.Final/jboss-transaction-spi-7.6.1.Final.jar:/home/psotirop/.m2/repository/org/jboss/metadata/jboss-metadata-common/15.2.0.Beta3/jboss-metadata-common-15.2.0.Beta3.jar:/home/psotirop/.m2/repository/org/jboss/openjdk-orb/openjdk-orb/8.1.9.Final/openjdk-orb-8.1.9.Final.jar:/home/psotirop/.m2/repository/org/jboss/narayana/jts/narayana-jts-idlj/5.13.0.Final/narayana-jts-idlj-5.13.0.Final.jar:/home/psotirop/.m2/repository/org/wildfly/wildfly-naming-client/1.0.16.Final/wildfly-naming-client-1.0.16.Final.jar:/home/psotirop/.m2/repository/org/wildfly/security/wildfly-elytron-sasl-anonymous/2.0.0.Final/wildfly-elytron-sasl-anonymous-2.0.0.Final.jar:/home/psotirop/.m2/repository/org/wildfly/security/wildfly-elytron-sasl-auth-util/2.0.0.Final/wildfly-elytron-sasl-auth-util-2.0.0.Final.jar:/home/psotirop/.m2/repository/org/wildfly/security/wildfly-elytron-auth-server/2.0.0.Final/wildfly-elytron-auth-server-2.0.0.Final.jar:/home/psotirop/.m2/repository/org/wildfly/security/wildfly-elytron-x500/2.0.0.Final/wildfly-elytron-x500-2.0.0.Final.jar:/home/psotirop/.m2/repository/org/wildfly/security/wildfly-elytron-credential/2.0.0.Final/wildfly-elytron-credential-2.0.0.Final.jar:/home/psotirop/.m2/repository/org/wildfly/security/wildfly-elytron-asn1/2.0.0.Final/wildfly-elytron-asn1-2.0.0.Final.jar:/home/psotirop/.m2/repository/org/wildfly/security/wildfly-elytron-provider-util/2.0.0.Final/wildfly-elytron-provider-util-2.0.0.Final.jar:/home/psotirop/.m2/repository/org/wildfly/security/wildfly-elytron-credential-store/2.0.0.Final/wildfly-elytron-credential-store-2.0.0.Final.jar:/home/psotirop/.m2/repository/org/wildfly/security/wildfly-elytron-encryption/2.0.0.Final/wildfly-elytron-encryption-2.0.0.Final.jar:/home/psotirop/.m2/repository/org/wildfly/security/wildfly-elytron-permission/2.0.0.Final/wildfly-elytron-permission-2.0.0.Final.jar:/home/psotirop/.m2/repository/org/wildfly/security/wildfly-elytron-x500-cert/2.0.0.Final/wildfly-elytron-x500-cert-2.0.0.Final.jar:/home/psotirop/.m2/repository/org/wildfly/security/wildfly-elytron-x500-cert-util/2.0.0.Final/wildfly-elytron-x500-cert-util-2.0.0.Final.jar:/home/psotirop/.m2/repository/org/apache/sshd/sshd-common/2.8.0/sshd-common-2.8.0.jar:/home/psotirop/.m2/repository/org/testcontainers/testcontainers/1.16.0/testcontainers-1.16.0.jar:/home/psotirop/.m2/repository/org/rnorth/duct-tape/duct-tape/1.0.8/duct-tape-1.0.8.jar:/home/psotirop/.m2/repository/com/github/docker-java/docker-java-api/3.2.11/docker-java-api-3.2.11.jar:/home/psotirop/.m2/repository/com/github/docker-java/docker-java-transport-zerodep/3.2.11/docker-java-transport-zerodep-3.2.11.jar:/home/psotirop/.m2/repository/com/github/docker-java/docker-java-transport/3.2.11/docker-java-transport-3.2.11.jar:/home/psotirop/.m2/repository/net/java/dev/jna/jna/5.8.0/jna-5.8.0.jar:/home/psotirop/.m2/repository/xom/xom/1.3.7/xom-1.3.7.jar:/home/psotirop/.m2/repository/org/wildfly/core/wildfly-core-testsuite-shared/19.0.0.Beta18/wildfly-core-testsuite-shared-19.0.0.Beta18.jar:/home/psotirop/.m2/repository/org/jboss/arquillian/junit/arquillian-junit-container/1.7.0.Alpha12/arquillian-junit-container-1.7.0.Alpha12.jar:/home/psotirop/.m2/repository/org/jboss/arquillian/junit/arquillian-junit-core/1.7.0.Alpha12/arquillian-junit-core-1.7.0.Alpha12.jar:/home/psotirop/.m2/repository/org/jboss/arquillian/test/arquillian-test-api/1.7.0.Alpha12/arquillian-test-api-1.7.0.Alpha12.jar:/home/psotirop/.m2/repository/org/jboss/arquillian/test/arquillian-test-spi/1.7.0.Alpha12/arquillian-test-spi-1.7.0.Alpha12.jar:/home/psotirop/.m2/repository/org/jboss/arquillian/container/arquillian-container-test-api/1.7.0.Alpha12/arquillian-container-test-api-1.7.0.Alpha12.jar:/home/psotirop/.m2/repository/org/jboss/shrinkwrap/descriptors/shrinkwrap-descriptors-api-base/2.0.0/shrinkwrap-descriptors-api-base-2.0.0.jar:/home/psotirop/.m2/repository/org/jboss/arquillian/container/arquillian-container-test-spi/1.7.0.Alpha12/arquillian-container-test-spi-1.7.0.Alpha12.jar:/home/psotirop/.m2/repository/org/jboss/arquillian/container/arquillian-container-spi/1.7.0.Alpha12/arquillian-container-spi-1.7.0.Alpha12.jar:/home/psotirop/.m2/repository/org/jboss/arquillian/core/arquillian-core-impl-base/1.7.0.Alpha12/arquillian-core-impl-base-1.7.0.Alpha12.jar:/home/psotirop/.m2/repository/org/jboss/arquillian/test/arquillian-test-impl-base/1.7.0.Alpha12/arquillian-test-impl-base-1.7.0.Alpha12.jar:/home/psotirop/.m2/repository/org/jboss/arquillian/container/arquillian-container-impl-base/1.7.0.Alpha12/arquillian-container-impl-base-1.7.0.Alpha12.jar:/home/psotirop/.m2/repository/org/jboss/arquillian/config/arquillian-config-api/1.7.0.Alpha12/arquillian-config-api-1.7.0.Alpha12.jar:/home/psotirop/.m2/repository/org/jboss/arquillian/config/arquillian-config-impl-base/1.7.0.Alpha12/arquillian-config-impl-base-1.7.0.Alpha12.jar:/home/psotirop/.m2/repository/org/jboss/arquillian/config/arquillian-config-spi/1.7.0.Alpha12/arquillian-config-spi-1.7.0.Alpha12.jar:/home/psotirop/.m2/repository/org/jboss/shrinkwrap/descriptors/shrinkwrap-descriptors-spi/2.0.0/shrinkwrap-descriptors-spi-2.0.0.jar:/home/psotirop/.m2/repository/org/jboss/arquillian/container/arquillian-container-test-impl-base/1.7.0.Alpha12/arquillian-container-test-impl-base-1.7.0.Alpha12.jar:/home/psotirop/.m2/repository/org/jboss/shrinkwrap/shrinkwrap-impl-base/1.2.6/shrinkwrap-impl-base-1.2.6.jar:/home/psotirop/.m2/repository/org/jboss/shrinkwrap/shrinkwrap-spi/1.2.6/shrinkwrap-spi-1.2.6.jar:/home/psotirop/.m2/repository/org/apache/httpcomponents/httpclient/4.5.13/httpclient-4.5.13.jar:/home/psotirop/.m2/repository/org/apache/httpcomponents/httpcore/4.4.15/httpcore-4.4.15.jar:/home/psotirop/.m2/repository/org/jboss/spec/javax/servlet/jboss-servlet-api_3.1_spec/1.0.2.Final/jboss-servlet-api_3.1_spec-1.0.2.Final.jar:/home/psotirop/.m2/repository/org/wildfly/wildfly-weld/27.0.0.Alpha3/wildfly-weld-27.0.0.Alpha3.jar:/home/psotirop/.m2/repository/jakarta/inject/jakarta.inject-api/2.0.1/jakarta.inject-api-2.0.1.jar:/home/psotirop/.m2/repository/org/wildfly/wildfly-ee/27.0.0.Alpha3/wildfly-ee-27.0.0.Alpha3.jar:/home/psotirop/.m2/repository/org/glassfish/jakarta.enterprise.concurrent/3.0.0/jakarta.enterprise.concurrent-3.0.0.jar:/home/psotirop/.m2/repository/org/jboss/metadata/jboss-metadata-ear/15.2.0.Beta3/jboss-metadata-ear-15.2.0.Beta3.jar:/home/psotirop/.m2/repository/org/jboss/spec/javax/enterprise/concurrent/jboss-concurrency-api_1.0_spec/2.0.0.Final/jboss-concurrency-api_1.0_spec-2.0.0.Final.jar:/home/psotirop/.m2/repository/org/wildfly/core/wildfly-request-controller/19.0.0.Beta18/wildfly-request-controller-19.0.0.Beta18.jar:/home/psotirop/.m2/repository/org/jboss/invocation/jboss-invocation/1.7.0.Final/jboss-invocation-1.7.0.Final.jar:/home/psotirop/.m2/repository/org/jboss/spec/javax/interceptor/jboss-interceptors-api_1.2_spec/2.0.0.Final/jboss-interceptors-api_1.2_spec-2.0.0.Final.jar:/home/psotirop/.m2/repository/org/wildfly/wildfly-naming/27.0.0.Final-SNAPSHOT/wildfly-naming-27.0.0.Final-SNAPSHOT.jar:/home/psotirop/.m2/repository/org/wildfly/security/wildfly-elytron-security-manager/2.0.0.Final/wildfly-elytron-security-manager-2.0.0.Final.jar:/home/psotirop/.m2/repository/org/wildfly/security/wildfly-elytron-security-manager-action/2.0.0.Final/wildfly-elytron-security-manager-action-2.0.0.Final.jar:/home/psotirop/.m2/repository/org/wildfly/core/wildfly-server/19.0.0.Beta18/wildfly-server-19.0.0.Beta18.jar:/home/psotirop/.m2/repository/org/wildfly/core/wildfly-core-management-client/19.0.0.Beta18/wildfly-core-management-client-19.0.0.Beta18.jar:/home/psotirop/.m2/repository/org/wildfly/core/wildfly-domain-http-interface/19.0.0.Beta18/wildfly-domain-http-interface-19.0.0.Beta18.jar:/home/psotirop/.m2/repository/org/wildfly/core/wildfly-domain-management/19.0.0.Beta18/wildfly-domain-management-19.0.0.Beta18.jar:/home/psotirop/.m2/repository/org/wildfly/security/elytron-web/undertow-server/3.0.0.Final/undertow-server-3.0.0.Final.jar:/home/psotirop/.m2/repository/org/wildfly/core/wildfly-deployment-repository/19.0.0.Beta18/wildfly-deployment-repository-19.0.0.Beta18.jar:/home/psotirop/.m2/repository/org/wildfly/core/wildfly-platform-mbean/19.0.0.Beta18/wildfly-platform-mbean-19.0.0.Beta18.jar:/home/psotirop/.m2/repository/org/wildfly/core/wildfly-process-controller/19.0.0.Beta18/wildfly-process-controller-19.0.0.Beta18.jar:/home/psotirop/.m2/repository/org/wildfly/core/wildfly-remoting/19.0.0.Beta18/wildfly-remoting-19.0.0.Beta18.jar:/home/psotirop/.m2/repository/org/wildfly/core/wildfly-io/19.0.0.Beta18/wildfly-io-19.0.0.Beta18.jar:/home/psotirop/.m2/repository/org/wildfly/core/wildfly-version/19.0.0.Beta18/wildfly-version-19.0.0.Beta18.jar:/home/psotirop/.m2/repository/org/jboss/invocation/jboss-invocation-jakarta/1.7.0.Final/jboss-invocation-jakarta-1.7.0.Final.jar:/home/psotirop/.m2/repository/org/eclipse/jgit/org.eclipse.jgit.ssh.apache/6.2.0.202206071550-r/org.eclipse.jgit.ssh.apache-6.2.0.202206071550-r.jar:/home/psotirop/.m2/repository/org/eclipse/jgit/org.eclipse.jgit/6.2.0.202206071550-r/org.eclipse.jgit-6.2.0.202206071550-r.jar:/home/psotirop/.m2/repository/com/googlecode/javaewah/JavaEWAH/1.1.13/JavaEWAH-1.1.13.jar:/home/psotirop/.m2/repository/org/apache/sshd/sshd-core/2.8.0/sshd-core-2.8.0.jar:/home/psotirop/.m2/repository/org/wildfly/wildfly-web-common/27.0.0.Alpha3/wildfly-web-common-27.0.0.Alpha3.jar:/home/psotirop/.m2/repository/org/jboss/metadata/jboss-metadata-web/15.2.0.Beta3/jboss-metadata-web-15.2.0.Beta3.jar:/home/psotirop/.m2/repository/org/jboss/msc/jboss-msc/1.4.13.Final/jboss-msc-1.4.13.Final.jar:/home/psotirop/.m2/repository/org/jboss/threads/jboss-threads/2.4.0.Final/jboss-threads-2.4.0.Final.jar:/home/psotirop/.m2/repository/org/jboss/spec/javax/el/jboss-el-api_3.0_spec/2.0.0.Final/jboss-el-api_3.0_spec-2.0.0.Final.jar:/home/psotirop/.m2/repository/org/jboss/spec/javax/servlet/jsp/jboss-jsp-api_2.3_spec/2.0.0.Final/jboss-jsp-api_2.3_spec-2.0.0.Final.jar:/home/psotirop/.m2/repository/org/jboss/weld/module/weld-ejb/5.0.1.Final/weld-ejb-5.0.1.Final.jar:/home/psotirop/.m2/repository/org/jboss/weld/module/weld-web/5.0.1.Final/weld-web-5.0.1.Final.jar:/home/psotirop/.m2/repository/org/jboss/weld/module/weld-jta/5.0.1.Final/weld-jta-5.0.1.Final.jar:/home/psotirop/.m2/repository/org/wildfly/wildfly-weld-spi/27.0.0.Alpha3/wildfly-weld-spi-27.0.0.Alpha3.jar:/home/psotirop/.m2/repository/org/wildfly/wildfly-weld-common/27.0.0.Alpha3/wildfly-weld-common-27.0.0.Alpha3.jar:/home/psotirop/.m2/repository/org/infinispan/infinispan-core/13.0.10.Final/infinispan-core-13.0.10.Final.jar:/home/psotirop/.m2/repository/org/apache/activemq/artemis-server/2.25.0/artemis-server-2.25.0.jar:/home/psotirop/.m2/repository/org/jboss/logmanager/jboss-logmanager/2.1.18.Final/jboss-logmanager-2.1.18.Final.jar:/home/psotirop/.m2/repository/org/apache/activemq/artemis-selector/2.25.0/artemis-selector-2.25.0.jar:/home/psotirop/.m2/repository/org/apache/activemq/artemis-jdbc-store/2.25.0/artemis-jdbc-store-2.25.0.jar:/home/psotirop/.m2/repository/org/apache/activemq/artemis-quorum-api/2.25.0/artemis-quorum-api-2.25.0.jar:/home/psotirop/.m2/repository/org/apache/activemq/activemq-artemis-native/1.0.2/activemq-artemis-native-1.0.2.jar:/home/psotirop/.m2/repository/commons-beanutils/commons-beanutils/1.9.4/commons-beanutils-1.9.4.jar:/home/psotirop/.m2/repository/org/apache/activemq/artemis-service-extensions/2.22.0/artemis-service-extensions-2.22.0.jar:/home/psotirop/.m2/repository/jakarta/transaction/jakarta.transaction-api/2.0.0/jakarta.transaction-api-2.0.0.jar:/home/psotirop/.m2/repository/org/jgroups/jgroups/5.2.6.Final/jgroups-5.2.6.Final.jar:/home/psotirop/.m2/repository/org/apache/activemq/artemis-commons/2.25.0/artemis-commons-2.25.0.jar:/home/psotirop/.m2/repository/org/apache/activemq/artemis-journal/2.25.0/artemis-journal-2.25.0.jar:/home/psotirop/.m2/repository/org/jctools/jctools-core/2.1.2/jctools-core-2.1.2.jar:/home/psotirop/.m2/repository/org/apache/activemq/artemis-jms-server/2.22.0/artemis-jms-server-2.22.0.jar:/home/psotirop/.m2/repository/jakarta/jms/jakarta.jms-api/3.1.0/jakarta.jms-api-3.1.0.jar:/home/psotirop/.m2/repository/org/apache/activemq/artemis-cli/2.25.0/artemis-cli-2.25.0.jar:/home/psotirop/.m2/repository/org/apache/activemq/artemis-dto/2.25.0/artemis-dto-2.25.0.jar:/home/psotirop/.m2/repository/jakarta/activation/jakarta.activation-api/2.1.0/jakarta.activation-api-2.1.0.jar:/home/psotirop/.m2/repository/com/fasterxml/jackson/core/jackson-databind/2.13.4/jackson-databind-2.13.4.jar:/home/psotirop/.m2/repository/com/fasterxml/jackson/core/jackson-annotations/2.13.4/jackson-annotations-2.13.4.jar:/home/psotirop/.m2/repository/com/fasterxml/jackson/core/jackson-core/2.13.4/jackson-core-2.13.4.jar:/home/psotirop/.m2/repository/com/fasterxml/jackson/datatype/jackson-datatype-jsr310/2.13.4/jackson-datatype-jsr310-2.13.4.jar:/home/psotirop/.m2/repository/joda-time/joda-time/2.11.0/joda-time-2.11.0.jar:/home/psotirop/.m2/repository/org/jboss/spec/javax/jms/jboss-jms-api_2.0_spec/2.0.0.Final/jboss-jms-api_2.0_spec-2.0.0.Final.jar:/home/psotirop/.m2/repository/org/jboss/spec/javax/xml/bind/jboss-jaxb-api_2.3_spec/2.0.1.Final/jboss-jaxb-api_2.3_spec-2.0.1.Final.jar:/home/psotirop/.m2/repository/org/jboss/osgi/metadata/jbosgi-metadata/2.2.0.Final/jbosgi-metadata-2.2.0.Final.jar:/home/psotirop/.m2/repository/javax/ws/rs/javax.ws.rs-api/2.0.1/javax.ws.rs-api-2.0.1.jar:/home/psotirop/.m2/repository/javax/json/javax.json-api/1.0/javax.json-api-1.0.jar:/home/psotirop/.m2/repository/junit/junit/4.13.1/junit-4.13.1.jar:/home/psotirop/.m2/repository/org/hamcrest/hamcrest-core/1.3/hamcrest-core-1.3.jar:/home/psotirop/.m2/repository/jakarta/enterprise/concurrent/jakarta.enterprise.concurrent-api/3.0.0/jakarta.enterprise.concurrent-api-3.0.0.jar:/home/psotirop/.m2/repository/org/jboss/ws/cxf/jbossws-cxf-client/5.5.0.Final/jbossws-cxf-client-5.5.0.Final.jar:/home/psotirop/.m2/repository/javax/jws/jsr181-api/1.0-MR1/jsr181-api-1.0-MR1.jar:/home/psotirop/.m2/repository/org/apache/activemq/artemis-core-client/2.25.0/artemis-core-client-2.25.0.jar:/home/psotirop/.m2/repository/org/apache/activemq/artemis-jms-client/2.22.0/artemis-jms-client-2.22.0.jar:/home/psotirop/.m2/repository/org/apache/lucene/lucene-core/8.11.1/lucene-core-8.11.1.jar:/home/psotirop/.m2/repository/org/apache/cxf/cxf-rt-databinding-jaxb/3.5.2-jbossorg-3/cxf-rt-databinding-jaxb-3.5.2-jbossorg-3.jar:/home/psotirop/.m2/repository/org/apache/cxf/cxf-rt-frontend-jaxws/3.5.2-jbossorg-3/cxf-rt-frontend-jaxws-3.5.2-jbossorg-3.jar:/home/psotirop/.m2/repository/org/apache/cxf/cxf-rt-frontend-simple/3.5.2-jbossorg-3/cxf-rt-frontend-simple-3.5.2-jbossorg-3.jar:/home/psotirop/.m2/repository/org/apache/cxf/cxf-rt-transports-http/3.5.2/cxf-rt-transports-http-3.5.2.jar:/home/psotirop/.m2/repository/org/apache/ws/xmlschema/xmlschema-core/2.3.0/xmlschema-core-2.3.0.jar:/home/psotirop/.m2/repository/org/codehaus/jackson/jackson-core-asl/1.9.13/jackson-core-asl-1.9.13.jar:/home/psotirop/.m2/repository/org/hibernate/orm/hibernate-core/6.0.2.Final/hibernate-core-6.0.2.Final.jar:/home/psotirop/.m2/repository/org/hibernate/orm/hibernate-envers/6.0.2.Final/hibernate-envers-6.0.2.Final.jar:/home/psotirop/.m2/repository/org/hibernate/hibernate-search-engine/5.11.10.Final/hibernate-search-engine-5.11.10.Final.jar:/home/psotirop/.m2/repository/org/hibernate/common/hibernate-commons-annotations/6.0.1.Final/hibernate-commons-annotations-6.0.1.Final.jar:/home/psotirop/.m2/repository/org/apache/lucene/lucene-misc/5.5.5/lucene-misc-5.5.5.jar:/home/psotirop/.m2/repository/org/apache/lucene/lucene-analyzers-common/8.11.1/lucene-analyzers-common-8.11.1.jar:/home/psotirop/.m2/repository/org/apache/lucene/lucene-facet/8.11.1/lucene-facet-8.11.1.jar:/home/psotirop/.m2/repository/org/apache/lucene/lucene-queryparser/8.11.1/lucene-queryparser-8.11.1.jar:/home/psotirop/.m2/repository/org/hibernate/hibernate-search-orm/5.10.11.Final/hibernate-search-orm-5.10.11.Final.jar:/home/psotirop/.m2/repository/org/hibernate/validator/hibernate-validator/8.0.0.Final/hibernate-validator-8.0.0.Final.jar:/home/psotirop/.m2/repository/org/jboss/jboss-ejb-client/4.0.44.Final/jboss-ejb-client-4.0.44.Final.jar:/home/psotirop/.m2/repository/org/jboss/spec/javax/transaction/jboss-transaction-api_1.2_spec/1.0.1.Final/jboss-transaction-api_1.2_spec-1.0.1.Final.jar:/home/psotirop/.m2/repository/org/wildfly/transaction/wildfly-transaction-client/2.0.0.Final/wildfly-transaction-client-2.0.0.Final.jar:/home/psotirop/.m2/repository/org/wildfly/client/wildfly-client-config/1.0.1.Final/wildfly-client-config-1.0.1.Final.jar:/home/psotirop/.m2/repository/org/wildfly/common/wildfly-common/1.6.0.Final/wildfly-common-1.6.0.Final.jar:/home/psotirop/.m2/repository/org/wildfly/discovery/wildfly-discovery-client/1.2.1.Final/wildfly-discovery-client-1.2.1.Final.jar:/home/psotirop/.m2/repository/org/wildfly/security/wildfly-elytron-auth/2.0.0.Final/wildfly-elytron-auth-2.0.0.Final.jar:/home/psotirop/.m2/repository/org/wildfly/security/wildfly-elytron-client/2.0.0.Final/wildfly-elytron-client-2.0.0.Final.jar:/home/psotirop/.m2/repository/org/wildfly/security/wildfly-elytron-credential-source-impl/2.0.0.Final/wildfly-elytron-credential-source-impl-2.0.0.Final.jar:/home/psotirop/.m2/repository/org/wildfly/security/wildfly-elytron-mechanism/2.0.0.Final/wildfly-elytron-mechanism-2.0.0.Final.jar:/home/psotirop/.m2/repository/org/wildfly/security/wildfly-elytron-sasl/2.0.0.Final/wildfly-elytron-sasl-2.0.0.Final.jar:/home/psotirop/.m2/repository/org/wildfly/security/wildfly-elytron-ssl/2.0.0.Final/wildfly-elytron-ssl-2.0.0.Final.jar:/home/psotirop/.m2/repository/org/wildfly/security/wildfly-elytron-realm/2.0.0.Final/wildfly-elytron-realm-2.0.0.Final.jar:/home/psotirop/.m2/repository/org/wildfly/security/wildfly-elytron-sasl-localuser/2.0.0.Final/wildfly-elytron-sasl-localuser-2.0.0.Final.jar:/home/psotirop/.m2/repository/org/wildfly/security/wildfly-elytron-http-sso/2.0.0.Final/wildfly-elytron-http-sso-2.0.0.Final.jar:/home/psotirop/.m2/repository/org/wildfly/security/wildfly-elytron-http/2.0.0.Final/wildfly-elytron-http-2.0.0.Final.jar:/home/psotirop/.m2/repository/org/wildfly/security/wildfly-elytron-http-util/2.0.0.Final/wildfly-elytron-http-util-2.0.0.Final.jar:/home/psotirop/.m2/repository/org/wildfly/security/wildfly-elytron-util/2.0.0.Final/wildfly-elytron-util-2.0.0.Final.jar:/home/psotirop/.m2/repository/org/jboss/classfilewriter/jboss-classfilewriter/1.2.5.Final/jboss-classfilewriter-1.2.5.Final.jar:/home/psotirop/.m2/repository/org/jboss/ejb3/jboss-ejb3-ext-api/2.3.0.Final/jboss-ejb3-ext-api-2.3.0.Final.jar:/home/psotirop/.m2/repository/org/jboss/ironjacamar/ironjacamar-jdbc/1.5.7.Final/ironjacamar-jdbc-1.5.7.Final.jar:/home/psotirop/.m2/repository/org/jboss/ironjacamar/ironjacamar-core-api/1.5.7.Final/ironjacamar-core-api-1.5.7.Final.jar:/home/psotirop/.m2/repository/org/jboss/ironjacamar/ironjacamar-common-api/1.5.7.Final/ironjacamar-common-api-1.5.7.Final.jar:/home/psotirop/.m2/repository/org/jboss/ironjacamar/ironjacamar-deployers-common/1.5.7.Final/ironjacamar-deployers-common-1.5.7.Final.jar:/home/psotirop/.m2/repository/org/jboss/ironjacamar/ironjacamar-core-impl/1.5.7.Final/ironjacamar-core-impl-1.5.7.Final.jar:/home/psotirop/.m2/repository/org/jboss/ironjacamar/ironjacamar-api/1.5.7.Final/ironjacamar-api-1.5.7.Final.jar:/home/psotirop/.m2/repository/org/jboss/ironjacamar/ironjacamar-common-spi/1.5.7.Final/ironjacamar-common-spi-1.5.7.Final.jar:/home/psotirop/.m2/repository/org/jboss/logging/jboss-logging-processor/2.2.1.Final/jboss-logging-processor-2.2.1.Final.jar:/home/psotirop/.m2/repository/org/jboss/jdeparser/jdeparser/2.0.3.Final/jdeparser-2.0.3.Final.jar:/home/psotirop/.m2/repository/org/picketbox/picketbox/5.0.3.Final/picketbox-5.0.3.Final.jar:/home/psotirop/.m2/repository/org/jboss/ironjacamar/ironjacamar-validator/1.5.7.Final/ironjacamar-validator-1.5.7.Final.jar:/home/psotirop/.m2/repository/org/jboss/ironjacamar/ironjacamar-common-impl/1.5.7.Final/ironjacamar-common-impl-1.5.7.Final.jar:/home/psotirop/.m2/repository/jakarta/validation/jakarta.validation-api/3.0.2/jakarta.validation-api-3.0.2.jar:/home/psotirop/.m2/repository/org/jboss/spec/javax/resource/jboss-connector-api_1.7_spec/2.0.0.Final/jboss-connector-api_1.7_spec-2.0.0.Final.jar:/home/psotirop/.m2/repository/org/jboss/resteasy/resteasy-jackson-provider/3.15.1.Final/resteasy-jackson-provider-3.15.1.Final.jar:/home/psotirop/.m2/repository/org/codehaus/jackson/jackson-mapper-asl/1.9.13.redhat-00007/jackson-mapper-asl-1.9.13.redhat-00007.jar:/home/psotirop/.m2/repository/org/codehaus/jackson/jackson-jaxrs/1.9.13.redhat-00007/jackson-jaxrs-1.9.13.redhat-00007.jar:/home/psotirop/.m2/repository/org/codehaus/jackson/jackson-xc/1.9.13.redhat-00007/jackson-xc-1.9.13.redhat-00007.jar:/home/psotirop/.m2/repository/org/jboss/resteasy/resteasy-core-spi/6.2.0.Final/resteasy-core-spi-6.2.0.Final.jar:/home/psotirop/.m2/repository/org/jboss/resteasy/resteasy-client/6.2.0.Final/resteasy-client-6.2.0.Final.jar:/home/psotirop/.m2/repository/commons-codec/commons-codec/1.15/commons-codec-1.15.jar:/home/psotirop/.m2/repository/jakarta/ws/rs/jakarta.ws.rs-api/3.1.0/jakarta.ws.rs-api-3.1.0.jar:/home/psotirop/.m2/repository/org/reactivestreams/reactive-streams/1.0.4/reactive-streams-1.0.4.jar:/home/psotirop/.m2/repository/org/jboss/resteasy/resteasy-client-api/6.2.0.Final/resteasy-client-api-6.2.0.Final.jar:/home/psotirop/.m2/repository/org/jboss/resteasy/resteasy-core/6.2.0.Final/resteasy-core-6.2.0.Final.jar:/home/psotirop/.m2/repository/org/jboss/resteasy/resteasy-multipart-provider/6.2.0.Final/resteasy-multipart-provider-6.2.0.Final.jar:/home/psotirop/.m2/repository/jakarta/mail/jakarta.mail-api/2.1.0/jakarta.mail-api-2.1.0.jar:/home/psotirop/.m2/repository/org/eclipse/angus/angus-mail/1.0.0/angus-mail-1.0.0.jar:/home/psotirop/.m2/repository/org/apache/james/apache-mime4j-dom/0.8.7/apache-mime4j-dom-0.8.7.jar:/home/psotirop/.m2/repository/org/apache/james/apache-mime4j-storage/0.8.7/apache-mime4j-storage-0.8.7.jar:/home/psotirop/.m2/repository/commons-io/commons-io/2.11.0/commons-io-2.11.0.jar:/home/psotirop/.m2/repository/org/slf4j/slf4j-ext/1.7.25/slf4j-ext-1.7.25.jar:/home/psotirop/.m2/repository/org/slf4j/slf4j-api/1.7.36/slf4j-api-1.7.36.jar:/home/psotirop/.m2/repository/org/jboss/spec/javax/annotation/jboss-annotations-api_1.3_spec/2.0.1.Final/jboss-annotations-api_1.3_spec-2.0.1.Final.jar:/home/psotirop/.m2/repository/org/jboss/spec/javax/faces/jboss-jsf-api_2.3_spec/3.0.0.Final/jboss-jsf-api_2.3_spec-3.0.0.Final.jar:/home/psotirop/.m2/repository/org/jboss/spec/javax/management/j2ee/jboss-j2eemgmt-api_1.1_spec/2.0.0.Final/jboss-j2eemgmt-api_1.1_spec-2.0.0.Final.jar:/home/psotirop/.m2/repository/org/jboss/spec/javax/security/auth/message/jboss-jaspi-api_1.1_spec/2.0.1.Final/jboss-jaspi-api_1.1_spec-2.0.1.Final.jar:/home/psotirop/.m2/repository/org/jboss/spec/javax/websocket/jboss-websocket-api_1.1_spec/2.0.0.Final/jboss-websocket-api_1.1_spec-2.0.0.Final.jar:/home/psotirop/.m2/repository/org/jboss/spec/javax/ws/rs/jboss-jaxrs-api_2.1_spec/2.0.2.Final/jboss-jaxrs-api_2.1_spec-2.0.2.Final.jar:/home/psotirop/.m2/repository/org/jboss/spec/javax/xml/ws/jboss-jaxws-api_2.3_spec/2.0.0.Final/jboss-jaxws-api_2.3_spec-2.0.0.Final.jar:/home/psotirop/.m2/repository/org/jboss/spec/javax/xml/soap/jboss-saaj-api_1.4_spec/1.0.0.Final/jboss-saaj-api_1.4_spec-1.0.0.Final.jar:/home/psotirop/.m2/repository/jakarta/jws/jakarta.jws-api/2.1.0/jakarta.jws-api-2.1.0.jar:/home/psotirop/.m2/repository/org/jboss/weld/weld-api/5.0.SP2/weld-api-5.0.SP2.jar:/home/psotirop/.m2/repository/org/jboss/weld/weld-core-impl/5.0.1.Final/weld-core-impl-5.0.1.Final.jar:/home/psotirop/.m2/repository/org/jboss/weld/weld-spi/5.0.SP2/weld-spi-5.0.SP2.jar:/home/psotirop/.m2/repository/org/jsoup/jsoup/1.15.3/jsoup-1.15.3.jar:/home/psotirop/.m2/repository/org/syslog4j/syslog4j/0.9.30/syslog4j-0.9.30.jar:/home/psotirop/.m2/repository/org/wildfly/jipijapa-spi/27.0.0.Final-SNAPSHOT/jipijapa-spi-27.0.0.Final-SNAPSHOT.jar:/home/psotirop/.m2/repository/io/smallrye/jandex/3.0.0/jandex-3.0.0.jar:/home/psotirop/.m2/repository/jakarta/persistence/jakarta.persistence-api/3.1.0/jakarta.persistence-api-3.1.0.jar:/home/psotirop/.m2/repository/org/wildfly/wildfly-pojo/27.0.0.Final-SNAPSHOT/wildfly-pojo-27.0.0.Final-SNAPSHOT.jar:/home/psotirop/.m2/repository/org/jboss/jboss-vfs/3.2.17.Final/jboss-vfs-3.2.17.Final.jar:/home/psotirop/.m2/repository/org/wildfly/core/wildfly-controller/19.0.0.Beta18/wildfly-controller-19.0.0.Beta18.jar:/home/psotirop/.m2/repository/org/wildfly/core/wildfly-core-security/19.0.0.Beta18/wildfly-core-security-19.0.0.Beta18.jar:/home/psotirop/.m2/repository/org/projectodd/vdx/vdx-wildfly/1.1.6/vdx-wildfly-1.1.6.jar:/home/psotirop/.m2/repository/org/projectodd/vdx/vdx-core/1.1.6/vdx-core-1.1.6.jar:/home/psotirop/.m2/repository/org/yaml/snakeyaml/1.31/snakeyaml-1.31.jar:/home/psotirop/.m2/repository/org/jboss/common/jboss-common-beans/2.0.1.Final/jboss-common-beans-2.0.1.Final.jar:/home/psotirop/.m2/repository/org/wildfly/wildfly-system-jmx/27.0.0.Final-SNAPSHOT/wildfly-system-jmx-27.0.0.Final-SNAPSHOT.jar:/home/psotirop/.m2/repository/org/wildfly/core/wildfly-logging/19.0.0.Beta18/wildfly-logging-19.0.0.Beta18.jar:/home/psotirop/.m2/repository/org/jboss/jboss-dmr/1.6.1.Final/jboss-dmr-1.6.1.Final.jar:/home/psotirop/.m2/repository/org/jboss/modules/jboss-modules/2.0.3.Final/jboss-modules-2.0.3.Final.jar:/home/psotirop/.m2/repository/org/jboss/staxmapper/1.3.0.Final/staxmapper-1.3.0.Final.jar:/home/psotirop/.m2/repository/org/wildfly/core/wildfly-network/19.0.0.Beta18/wildfly-network-19.0.0.Beta18.jar:/home/psotirop/.m2/repository/org/jboss/stdio/jboss-stdio/1.1.0.Final/jboss-stdio-1.1.0.Final.jar:/home/psotirop/.m2/repository/xalan/xalan/2.7.1.jbossorg-5/xalan-2.7.1.jbossorg-5.jar:/home/psotirop/.m2/repository/xalan/serializer/2.7.1.jbossorg-5/serializer-2.7.1.jbossorg-5.jar:/home/psotirop/.m2/repository/org/apache/openjpa/openjpa/3.0.0/openjpa-3.0.0.jar:/home/psotirop/.m2/repository/commons-collections/commons-collections/3.2.2/commons-collections-3.2.2.jar:/home/psotirop/.m2/repository/net/sourceforge/serp/serp/1.15.1/serp-1.15.1.jar:/home/psotirop/.m2/repository/org/apache/geronimo/specs/geronimo-jms_1.1_spec/1.1.1/geronimo-jms_1.1_spec-1.1.1.jar:/home/psotirop/.m2/repository/org/apache/geronimo/specs/geronimo-jta_1.1_spec/1.1.1/geronimo-jta_1.1_spec-1.1.1.jar:/home/psotirop/.m2/repository/commons-pool/commons-pool/1.6/commons-pool-1.6.jar:/home/psotirop/.m2/repository/org/apache/xbean/xbean-asm6-shaded/4.8/xbean-asm6-shaded-4.8.jar:/home/psotirop/.m2/repository/org/apache/geronimo/specs/geronimo-jpa_2.1_spec/1.0-alpha-1/geronimo-jpa_2.1_spec-1.0-alpha-1.jar:/home/psotirop/.m2/repository/org/apache/axis2/axis2-jaxws/1.8.2/axis2-jaxws-1.8.2.jar:/home/psotirop/.m2/repository/org/apache/geronimo/specs/geronimo-annotation_1.0_spec/1.1.1/geronimo-annotation_1.0_spec-1.1.1.jar:/home/psotirop/.m2/repository/org/apache/geronimo/specs/geronimo-jaxws_2.2_spec/1.2/geronimo-jaxws_2.2_spec-1.2.jar:/home/psotirop/.m2/repository/org/apache/axis2/axis2-kernel/1.8.2/axis2-kernel-1.8.2.jar:/home/psotirop/.m2/repository/org/apache/ws/commons/axiom/axiom-api/1.4.0/axiom-api-1.4.0.jar:/home/psotirop/.m2/repository/jaxen/jaxen/1.1.6/jaxen-1.1.6.jar:/home/psotirop/.m2/repository/org/apache/james/apache-mime4j-core/0.8.7/apache-mime4j-core-0.8.7.jar:/home/psotirop/.m2/repository/org/apache/ws/commons/axiom/axiom-impl/1.4.0/axiom-impl-1.4.0.jar:/home/psotirop/.m2/repository/org/apache/geronimo/specs/geronimo-ws-metadata_2.0_spec/1.1.3/geronimo-ws-metadata_2.0_spec-1.1.3.jar:/home/psotirop/.m2/repository/javax/servlet/javax.servlet-api/3.1.0/javax.servlet-api-3.1.0.jar:/home/psotirop/.m2/repository/commons-fileupload/commons-fileupload/1.4/commons-fileupload-1.4.jar:/home/psotirop/.m2/repository/org/apache/neethi/neethi/3.1.1/neethi-3.1.1.jar:/home/psotirop/.m2/repository/org/apache/woden/woden-core/1.0M10/woden-core-1.0M10.jar:/home/psotirop/.m2/repository/javax/ws/rs/jsr311-api/1.1.1/jsr311-api-1.1.1.jar:/home/psotirop/.m2/repository/org/apache/axis2/axis2-saaj/1.8.2/axis2-saaj-1.8.2.jar:/home/psotirop/.m2/repository/org/apache/logging/log4j/log4j-jcl/2.18.0/log4j-jcl-2.18.0.jar:/home/psotirop/.m2/repository/org/apache/logging/log4j/log4j-api/2.17.2/log4j-api-2.17.2.jar:/home/psotirop/.m2/repository/org/apache/axis2/axis2-metadata/1.8.2/axis2-metadata-1.8.2.jar:/home/psotirop/.m2/repository/com/sun/xml/ws/jaxws-tools/2.1.3/jaxws-tools-2.1.3.jar:/home/psotirop/.m2/repository/com/sun/mail/jakarta.mail/1.6.7/jakarta.mail-1.6.7.jar:/home/psotirop/.m2/repository/com/sun/activation/jakarta.activation/1.2.1/jakarta.activation-1.2.1.jar:/home/psotirop/.m2/repository/xml-resolver/xml-resolver/1.2/xml-resolver-1.2.jar:/home/psotirop/.m2/repository/org/glassfish/jaxb/jaxb-runtime/4.0.1/jaxb-runtime-4.0.1.jar:/home/psotirop/.m2/repository/org/glassfish/jaxb/jaxb-core/4.0.1/jaxb-core-4.0.1.jar:/home/psotirop/.m2/repository/org/glassfish/jaxb/jaxb-xjc/4.0.1/jaxb-xjc-4.0.1.jar:/home/psotirop/.m2/repository/org/apache/axis2/axis2-transport-http/1.8.2/axis2-transport-http-1.8.2.jar:/home/psotirop/.m2/repository/org/jboss/jboss-common-core/2.5.0.Final/jboss-common-core-2.5.0.Final.jar:/home/psotirop/.m2/repository/org/jboss/logging/jboss-logging-spi/2.1.2.GA/jboss-logging-spi-2.1.2.GA.jar:/home/psotirop/.m2/repository/org/apache/axis2/axis2-transport-jms/1.8.2/axis2-transport-jms-1.8.2.jar:/home/psotirop/.m2/repository/org/apache/axis2/axis2-transport-base/1.8.2/axis2-transport-base-1.8.2.jar:/home/psotirop/.m2/repository/javax/transaction/javax.transaction-api/1.3/javax.transaction-api-1.3.jar:/home/psotirop/.m2/repository/org/jboss/remotingjmx/remoting-jmx/3.0.4.Final/remoting-jmx-3.0.4.Final.jar:/home/psotirop/.m2/repository/log4j/apache-log4j-extras/1.2.17/apache-log4j-extras-1.2.17.jar:/home/psotirop/.m2/repository/log4j/log4j/1.2.17/log4j-1.2.17.jar:/home/psotirop/.m2/repository/io/undertow/undertow-core/2.3.0.Beta1/undertow-core-2.3.0.Beta1.jar:/home/psotirop/.m2/repository/io/undertow/undertow-websockets-jsr/2.3.0.Beta1/undertow-websockets-jsr-2.3.0.Beta1.jar:/home/psotirop/.m2/repository/io/undertow/undertow-servlet/2.3.0.Beta1/undertow-servlet-2.3.0.Beta1.jar:/home/psotirop/.m2/repository/jakarta/websocket/jakarta.websocket-api/2.1.0-jbossorg-2/jakarta.websocket-api-2.1.0-jbossorg-2.jar:/home/psotirop/.m2/repository/jakarta/websocket/jakarta.websocket-client-api/2.1.0-jbossorg-2/jakarta.websocket-client-api-2.1.0-jbossorg-2.jar:/home/psotirop/.m2/repository/io/netty/netty-all/4.1.73.Final/netty-all-4.1.73.Final.jar:/home/psotirop/.m2/repository/io/netty/netty-codec-dns/4.1.73.Final/netty-codec-dns-4.1.73.Final.jar:/home/psotirop/.m2/repository/io/netty/netty-codec-haproxy/4.1.73.Final/netty-codec-haproxy-4.1.73.Final.jar:/home/psotirop/.m2/repository/io/netty/netty-codec-http2/4.1.73.Final/netty-codec-http2-4.1.73.Final.jar:/home/psotirop/.m2/repository/io/netty/netty-codec-memcache/4.1.73.Final/netty-codec-memcache-4.1.73.Final.jar:/home/psotirop/.m2/repository/io/netty/netty-codec-mqtt/4.1.73.Final/netty-codec-mqtt-4.1.73.Final.jar:/home/psotirop/.m2/repository/io/netty/netty-codec-redis/4.1.73.Final/netty-codec-redis-4.1.73.Final.jar:/home/psotirop/.m2/repository/io/netty/netty-codec-smtp/4.1.73.Final/netty-codec-smtp-4.1.73.Final.jar:/home/psotirop/.m2/repository/io/netty/netty-codec-stomp/4.1.73.Final/netty-codec-stomp-4.1.73.Final.jar:/home/psotirop/.m2/repository/io/netty/netty-codec-xml/4.1.73.Final/netty-codec-xml-4.1.73.Final.jar:/home/psotirop/.m2/repository/io/netty/netty-tcnative-classes/2.0.46.Final/netty-tcnative-classes-2.0.46.Final.jar:/home/psotirop/.m2/repository/io/netty/netty-resolver-dns/4.1.73.Final/netty-resolver-dns-4.1.73.Final.jar:/home/psotirop/.m2/repository/io/netty/netty-transport-rxtx/4.1.73.Final/netty-transport-rxtx-4.1.73.Final.jar:/home/psotirop/.m2/repository/io/netty/netty-transport-sctp/4.1.73.Final/netty-transport-sctp-4.1.73.Final.jar:/home/psotirop/.m2/repository/io/netty/netty-transport-udt/4.1.73.Final/netty-transport-udt-4.1.73.Final.jar:/home/psotirop/.m2/repository/io/netty/netty-resolver-dns-classes-macos/4.1.73.Final/netty-resolver-dns-classes-macos-4.1.73.Final.jar:/home/psotirop/.m2/repository/io/netty/netty-transport-native-epoll/4.1.82.Final/netty-transport-native-epoll-4.1.82.Final-linux-x86_64.jar:/home/psotirop/.m2/repository/io/netty/netty-transport-native-epoll/4.1.82.Final/netty-transport-native-epoll-4.1.82.Final-linux-aarch_64.jar:/home/psotirop/.m2/repository/io/netty/netty-transport-native-kqueue/4.1.82.Final/netty-transport-native-kqueue-4.1.82.Final-osx-x86_64.jar:/home/psotirop/.m2/repository/io/netty/netty-transport-native-kqueue/4.1.82.Final/netty-transport-native-kqueue-4.1.82.Final-osx-aarch_64.jar:/home/psotirop/.m2/repository/io/netty/netty-resolver-dns-native-macos/4.1.73.Final/netty-resolver-dns-native-macos-4.1.73.Final-osx-x86_64.jar:/home/psotirop/.m2/repository/io/netty/netty-resolver-dns-native-macos/4.1.73.Final/netty-resolver-dns-native-macos-4.1.73.Final-osx-aarch_64.jar:/home/psotirop/.m2/repository/commons-configuration/commons-configuration/1.10/commons-configuration-1.10.jar:/home/psotirop/.m2/repository/commons-lang/commons-lang/2.6/commons-lang-2.6.jar:/home/psotirop/.m2/repository/commons-logging/commons-logging/1.1.1/commons-logging-1.1.1.jar:/home/psotirop/.m2/repository/org/easytesting/fest-assert/1.4/fest-assert-1.4.jar:/home/psotirop/.m2/repository/org/easytesting/fest-util/1.1.6/fest-util-1.1.6.jar:/home/psotirop/.m2/repository/org/apache/httpcomponents/fluent-hc/4.5.4/fluent-hc-4.5.4.jar:/home/psotirop/.m2/repository/commons-dbcp/commons-dbcp/1.4/commons-dbcp-1.4.jar:/home/psotirop/.m2/repository/org/mock-server/mockserver-netty/5.8.1/mockserver-netty-5.8.1.jar:/home/psotirop/.m2/repository/org/mock-server/mockserver-client-java/5.8.1/mockserver-client-java-5.8.1.jar:/home/psotirop/.m2/repository/org/mock-server/mockserver-core/5.8.1/mockserver-core-5.8.1.jar:/home/psotirop/.m2/repository/com/lmax/disruptor/3.4.2/disruptor-3.4.2.jar:/home/psotirop/.m2/repository/com/jcraft/jzlib/1.1.3/jzlib-1.1.3.jar:/home/psotirop/.m2/repository/org/bouncycastle/bcprov-jdk15on/1.64/bcprov-jdk15on-1.64.jar:/home/psotirop/.m2/repository/org/bouncycastle/bcpkix-jdk15on/1.64/bcpkix-jdk15on-1.64.jar:/home/psotirop/.m2/repository/org/apache/velocity/velocity-engine-scripting/2.1/velocity-engine-scripting-2.1.jar:/home/psotirop/.m2/repository/org/apache/velocity/velocity-engine-core/2.3/velocity-engine-core-2.3.jar:/home/psotirop/.m2/repository/org/skyscreamer/jsonassert/1.5.0/jsonassert-1.5.0.jar:/home/psotirop/.m2/repository/com/vaadin/external/google/android-json/0.0.20131108.vaadin1/android-json-0.0.20131108.vaadin1.jar:/home/psotirop/.m2/repository/com/github/java-json-tools/json-schema-validator/2.2.11/json-schema-validator-2.2.11.jar:/home/psotirop/.m2/repository/com/github/java-json-tools/json-schema-core/1.2.10/json-schema-core-1.2.10.jar:/home/psotirop/.m2/repository/com/github/java-json-tools/jackson-coreutils/1.9/jackson-coreutils-1.9.jar:/home/psotirop/.m2/repository/com/github/fge/msg-simple/1.1/msg-simple-1.1.jar:/home/psotirop/.m2/repository/com/github/fge/btf/1.2/btf-1.2.jar:/home/psotirop/.m2/repository/com/github/fge/uri-template/0.9/uri-template-0.9.jar:/home/psotirop/.m2/repository/org/mozilla/rhino/1.7.7.1/rhino-1.7.7.1.jar:/home/psotirop/.m2/repository/com/sun/mail/mailapi/1.6.1/mailapi-1.6.1.jar:/home/psotirop/.m2/repository/javax/activation/activation/1.1/activation-1.1.jar:/home/psotirop/.m2/repository/com/googlecode/libphonenumber/libphonenumber/8.0.0/libphonenumber-8.0.0.jar:/home/psotirop/.m2/repository/com/google/code/findbugs/jsr305/3.0.2/jsr305-3.0.2.jar:/home/psotirop/.m2/repository/net/sf/jopt-simple/jopt-simple/5.0.3/jopt-simple-5.0.3.jar:/home/psotirop/.m2/repository/com/jayway/jsonpath/json-path/2.4.0/json-path-2.4.0.jar:/home/psotirop/.m2/repository/net/minidev/json-smart/2.3/json-smart-2.3.jar:/home/psotirop/.m2/repository/net/minidev/accessors-smart/1.2/accessors-smart-1.2.jar:/home/psotirop/.m2/repository/org/ow2/asm/asm/9.3/asm-9.3.jar:/home/psotirop/.m2/repository/javax/xml/bind/jaxb-api/2.4.0-b180830.0359/jaxb-api-2.4.0-b180830.0359.jar:/home/psotirop/.m2/repository/javax/activation/javax.activation-api/1.2.0/javax.activation-api-1.2.0.jar:/home/psotirop/.m2/repository/org/xmlunit/xmlunit-core/2.6.3/xmlunit-core-2.6.3.jar:/home/psotirop/.m2/repository/org/apache/commons/commons-collections4/4.4/commons-collections4-4.4.jar:/home/psotirop/.m2/repository/com/google/guava/guava/31.1-jre/guava-31.1-jre.jar:/home/psotirop/.m2/repository/org/jboss/logging/jboss-logging-annotations/2.2.1.Final/jboss-logging-annotations-2.2.1.Final.jar:/home/psotirop/.m2/repository/org/codehaus/plexus/plexus-utils/3.1.1/plexus-utils-3.1.1.jar:/home/psotirop/.m2/repository/org/wildfly/core/wildfly-elytron-integration/19.0.0.Beta18/wildfly-elytron-integration-19.0.0.Beta18.jar:/home/psotirop/.m2/repository/org/wildfly/core/wildfly-controller-client/19.0.0.Beta18/wildfly-controller-client-19.0.0.Beta18.jar:/home/psotirop/.m2/repository/org/wildfly/core/wildfly-protocol/19.0.0.Beta18/wildfly-protocol-19.0.0.Beta18.jar:/home/psotirop/.m2/repository/org/wildfly/security/wildfly-elytron-keystore/2.0.0.Final/wildfly-elytron-keystore-2.0.0.Final.jar:/home/psotirop/.m2/repository/org/jboss/spec/javax/security/jacc/jboss-jacc-api_1.5_spec/2.0.0.Final/jboss-jacc-api_1.5_spec-2.0.0.Final.jar:/home/psotirop/.m2/repository/org/glassfish/jakarta.json/1.1.6/jakarta.json-1.1.6.jar:/home/psotirop/.m2/repository/org/wildfly/security/wildfly-elytron-audit/2.0.0.Final/wildfly-elytron-audit-2.0.0.Final.jar:/home/psotirop/.m2/repository/org/wildfly/security/wildfly-elytron-auth-server-http/2.0.0.Final/wildfly-elytron-auth-server-http-2.0.0.Final.jar:/home/psotirop/.m2/repository/org/wildfly/security/wildfly-elytron-auth-server-deprecated/2.0.0.Final/wildfly-elytron-auth-server-deprecated-2.0.0.Final.jar:/home/psotirop/.m2/repository/org/wildfly/security/wildfly-elytron-auth-server-sasl/2.0.0.Final/wildfly-elytron-auth-server-sasl-2.0.0.Final.jar:/home/psotirop/.m2/repository/org/wildfly/security/wildfly-elytron-auth-util/2.0.0.Final/wildfly-elytron-auth-util-2.0.0.Final.jar:/home/psotirop/.m2/repository/org/wildfly/security/wildfly-elytron-mechanism-gssapi/2.0.0.Final/wildfly-elytron-mechanism-gssapi-2.0.0.Final.jar:/home/psotirop/.m2/repository/org/wildfly/security/wildfly-elytron-realm-jdbc/2.0.0.Final/wildfly-elytron-realm-jdbc-2.0.0.Final.jar:/home/psotirop/.m2/repository/org/wildfly/security/wildfly-elytron-realm-ldap/2.0.0.Final/wildfly-elytron-realm-ldap-2.0.0.Final.jar:/home/psotirop/.m2/repository/org/wildfly/security/wildfly-elytron-realm-token/2.0.0.Final/wildfly-elytron-realm-token-2.0.0.Final.jar:/home/psotirop/.m2/repository/org/wildfly/security/wildfly-elytron-json-util/2.0.0.Final/wildfly-elytron-json-util-2.0.0.Final.jar:/home/psotirop/.m2/repository/org/wildfly/security/wildfly-elytron-sasl-digest/2.0.0.Final/wildfly-elytron-sasl-digest-2.0.0.Final.jar:/home/psotirop/.m2/repository/org/wildfly/security/wildfly-elytron-mechanism-digest/2.0.0.Final/wildfly-elytron-mechanism-digest-2.0.0.Final.jar:/home/psotirop/.m2/repository/org/wildfly/security/wildfly-elytron-sasl-plain/2.0.0.Final/wildfly-elytron-sasl-plain-2.0.0.Final.jar:/home/psotirop/.m2/repository/org/wildfly/security/wildfly-elytron-sasl-scram/2.0.0.Final/wildfly-elytron-sasl-scram-2.0.0.Final.jar:/home/psotirop/.m2/repository/org/wildfly/security/wildfly-elytron-mechanism-scram/2.0.0.Final/wildfly-elytron-mechanism-scram-2.0.0.Final.jar:/home/psotirop/.m2/repository/org/wildfly/security/wildfly-elytron-x500-cert-acme/2.0.0.Final/wildfly-elytron-x500-cert-acme-2.0.0.Final.jar:/home/psotirop/.m2/repository/org/wildfly/security/wildfly-elytron-x500-principal/2.0.0.Final/wildfly-elytron-x500-principal-2.0.0.Final.jar:/home/psotirop/.m2/repository/org/wildfly/core/wildfly-cli/19.0.0.Beta18/wildfly-cli-19.0.0.Beta18.jar:/home/psotirop/.m2/repository/org/aesh/readline/2.2/readline-2.2.jar:/home/psotirop/.m2/repository/org/fusesource/jansi/jansi/1.18/jansi-1.18.jar:/home/psotirop/.m2/repository/org/aesh/aesh/2.4/aesh-2.4.jar:/home/psotirop/.m2/repository/org/aesh/aesh-extensions/1.8/aesh-extensions-1.8.jar:/home/psotirop/.m2/repository/org/wildfly/core/wildfly-embedded/19.0.0.Beta18/wildfly-embedded-19.0.0.Beta18.jar:/home/psotirop/.m2/repository/org/wildfly/security/wildfly-elytron-base/2.0.0.Final/wildfly-elytron-base-2.0.0.Final.jar:/home/psotirop/.m2/repository/org/wildfly/security/wildfly-elytron-password-impl/2.0.0.Final/wildfly-elytron-password-impl-2.0.0.Final.jar:/home/psotirop/.m2/repository/jakarta/json/jakarta.json-api/2.1.1/jakarta.json-api-2.1.1.jar:/home/psotirop/.m2/repository/org/eclipse/parsson/parsson/1.1.1/parsson-1.1.1.jar:/home/psotirop/.m2/repository/org/eclipse/yasson/3.0.1/yasson-3.0.1.jar:/home/psotirop/.m2/repository/javax/json/bind/javax.json.bind-api/1.0/javax.json.bind-api-1.0.jar:/home/psotirop/.m2/repository/net/sourceforge/htmlunit/htmlunit/2.60.0/htmlunit-2.60.0.jar:/home/psotirop/.m2/repository/org/apache/httpcomponents/httpmime/4.5.13/httpmime-4.5.13.jar:/home/psotirop/.m2/repository/net/sourceforge/htmlunit/htmlunit-core-js/2.60.0/htmlunit-core-js-2.60.0.jar:/home/psotirop/.m2/repository/net/sourceforge/htmlunit/neko-htmlunit/2.60.0/neko-htmlunit-2.60.0.jar:/home/psotirop/.m2/repository/xerces/xercesImpl/2.12.0.SP04/xercesImpl-2.12.0.SP04.jar:/home/psotirop/.m2/repository/net/sourceforge/htmlunit/htmlunit-cssparser/1.11.0/htmlunit-cssparser-1.11.0.jar:/home/psotirop/.m2/repository/org/apache/commons/commons-lang3/3.12.0/commons-lang3-3.12.0.jar:/home/psotirop/.m2/repository/org/apache/commons/commons-text/1.9/commons-text-1.9.jar:/home/psotirop/.m2/repository/commons-net/commons-net/3.8.0/commons-net-3.8.0.jar:/home/psotirop/.m2/repository/org/brotli/dec/0.1.2/dec-0.1.2.jar:/home/psotirop/.m2/repository/com/shapesecurity/salvation2/3.0.0/salvation2-3.0.0.jar:/home/psotirop/.m2/repository/org/eclipse/jetty/websocket/websocket-client/9.4.45.v20220203/websocket-client-9.4.45.v20220203.jar:/home/psotirop/.m2/repository/org/eclipse/jetty/jetty-client/9.4.45.v20220203/jetty-client-9.4.45.v20220203.jar:/home/psotirop/.m2/repository/org/eclipse/jetty/jetty-http/9.2.30.v20200428/jetty-http-9.2.30.v20200428.jar:/home/psotirop/.m2/repository/org/eclipse/jetty/jetty-util/9.2.30.v20200428/jetty-util-9.2.30.v20200428.jar:/home/psotirop/.m2/repository/org/eclipse/jetty/jetty-io/9.2.30.v20200428/jetty-io-9.2.30.v20200428.jar:/home/psotirop/.m2/repository/org/eclipse/jetty/websocket/websocket-common/9.4.45.v20220203/websocket-common-9.4.45.v20220203.jar:/home/psotirop/.m2/repository/org/eclipse/jetty/websocket/websocket-api/9.4.45.v20220203/websocket-api-9.4.45.v20220203.jar:/home/psotirop/.m2/repository/org/seleniumhq/selenium/selenium-api/4.4.0/selenium-api-4.4.0.jar:/home/psotirop/.m2/repository/org/seleniumhq/selenium/selenium-support/4.4.0/selenium-support-4.4.0.jar:/home/psotirop/.m2/repository/com/google/auto/service/auto-service-annotations/1.0.1/auto-service-annotations-1.0.1.jar:/home/psotirop/.m2/repository/com/google/auto/service/auto-service/1.0.1/auto-service-1.0.1.jar:/home/psotirop/.m2/repository/com/google/auto/auto-common/1.2/auto-common-1.2.jar:/home/psotirop/.m2/repository/net/bytebuddy/byte-buddy/1.12.9/byte-buddy-1.12.9.jar:/home/psotirop/.m2/repository/org/seleniumhq/selenium/selenium-json/4.4.0/selenium-json-4.4.0.jar:/home/psotirop/.m2/repository/org/seleniumhq/selenium/selenium-remote-driver/4.4.0/selenium-remote-driver-4.4.0.jar:/home/psotirop/.m2/repository/com/beust/jcommander/1.78/jcommander-1.78.jar:/home/psotirop/.m2/repository/io/netty/netty-transport-native-epoll/4.1.78.Final/netty-transport-native-epoll-4.1.78.Final.jar:/home/psotirop/.m2/repository/io/netty/netty-transport-native-kqueue/4.1.78.Final/netty-transport-native-kqueue-4.1.78.Final.jar:/home/psotirop/.m2/repository/io/opentelemetry/opentelemetry-api/1.12.0/opentelemetry-api-1.12.0.jar:/home/psotirop/.m2/repository/io/opentelemetry/opentelemetry-context/1.12.0/opentelemetry-context-1.12.0.jar:/home/psotirop/.m2/repository/io/opentelemetry/opentelemetry-exporter-logging/1.16.0/opentelemetry-exporter-logging-1.16.0.jar:/home/psotirop/.m2/repository/io/opentelemetry/opentelemetry-sdk-metrics/1.12.0-alpha/opentelemetry-sdk-metrics-1.12.0-alpha.jar:/home/psotirop/.m2/repository/io/opentelemetry/opentelemetry-sdk-logs/1.12.0-alpha/opentelemetry-sdk-logs-1.12.0-alpha.jar:/home/psotirop/.m2/repository/io/opentelemetry/opentelemetry-sdk-common/1.12.0/opentelemetry-sdk-common-1.12.0.jar:/home/psotirop/.m2/repository/io/opentelemetry/opentelemetry-sdk-extension-autoconfigure-spi/1.16.0/opentelemetry-sdk-extension-autoconfigure-spi-1.16.0.jar:/home/psotirop/.m2/repository/io/opentelemetry/opentelemetry-sdk-extension-autoconfigure/1.16.0-alpha/opentelemetry-sdk-extension-autoconfigure-1.16.0-alpha.jar:/home/psotirop/.m2/repository/io/opentelemetry/opentelemetry-sdk-trace/1.12.0/opentelemetry-sdk-trace-1.12.0.jar:/home/psotirop/.m2/repository/io/opentelemetry/opentelemetry-sdk/1.12.0/opentelemetry-sdk-1.12.0.jar:/home/psotirop/.m2/repository/io/opentelemetry/opentelemetry-semconv/1.12.0-alpha/opentelemetry-semconv-1.12.0-alpha.jar:/home/psotirop/.m2/repository/io/ous/jtoml/2.0.0/jtoml-2.0.0.jar:/home/psotirop/.m2/repository/org/apache/commons/commons-exec/1.3/commons-exec-1.3.jar:/home/psotirop/.m2/repository/org/asynchttpclient/async-http-client/2.12.3/async-http-client-2.12.3.jar:/home/psotirop/.m2/repository/org/asynchttpclient/async-http-client-netty-utils/2.12.3/async-http-client-netty-utils-2.12.3.jar:/home/psotirop/.m2/repository/com/typesafe/netty/netty-reactive-streams/2.0.4/netty-reactive-streams-2.0.4.jar:/home/psotirop/.m2/repository/org/seleniumhq/selenium/selenium-http/4.4.0/selenium-http-4.4.0.jar:/home/psotirop/.m2/repository/dev/failsafe/failsafe/3.2.4/failsafe-3.2.4.jar:/home/psotirop/.m2/repository/org/seleniumhq/selenium/selenium-firefox-driver/4.4.0/selenium-firefox-driver-4.4.0.jar:/home/psotirop/.m2/repository/org/seleniumhq/selenium/selenium-devtools-v85/4.4.0/selenium-devtools-v85-4.4.0.jar:/home/psotirop/.m2/repository/org/jboss/resteasy/resteasy-jaxb-provider/6.2.0.Final/resteasy-jaxb-provider-6.2.0.Final.jar:/home/psotirop/.m2/repository/org/jboss/resteasy/resteasy-jackson2-provider/6.2.0.Final/resteasy-jackson2-provider-6.2.0.Final.jar:/home/psotirop/.m2/repository/com/h2database/h2/2.1.210/h2-2.1.210.jar:/home/psotirop/.m2/repository/org/dom4j/dom4j/2.1.3/dom4j-2.1.3.jar:/home/psotirop/.m2/repository/jakarta/annotation/jakarta.annotation-api/2.1.1/jakarta.annotation-api-2.1.1.jar:/home/psotirop/.m2/repository/jakarta/xml/ws/jakarta.xml.ws-api/4.0.0/jakarta.xml.ws-api-4.0.0.jar:/home/psotirop/.m2/repository/jakarta/xml/soap/jakarta.xml.soap-api/3.0.0/jakarta.xml.soap-api-3.0.0.jar:/home/psotirop/.m2/repository/org/apache/axis2/axis2-adb/1.8.2/axis2-adb-1.8.2.jar:/home/psotirop/.m2/repository/org/apache/ws/commons/axiom/axiom-dom/1.4.0/axiom-dom-1.4.0.jar:/home/psotirop/.m2/repository/com/fasterxml/woodstox/woodstox-core/6.2.8/woodstox-core-6.2.8.jar:/home/psotirop/.m2/repository/org/apache/axis2/axis2-transport-local/1.8.2/axis2-transport-local-1.8.2.jar:/home/psotirop/.m2/repository/jakarta/xml/bind/jakarta.xml.bind-api/4.0.0/jakarta.xml.bind-api-4.0.0.jar:/home/psotirop/.m2/repository/jakarta/batch/jakarta.batch-api/2.1.1/jakarta.batch-api-2.1.1.jar:/home/psotirop/.m2/repository/org/wildfly/wildfly-batch-jberet/27.0.0.Final-SNAPSHOT/wildfly-batch-jberet-27.0.0.Final-SNAPSHOT.jar:/home/psotirop/.m2/repository/org/jberet/jberet-core/2.1.1.Final/jberet-core-2.1.1.Final.jar:/home/psotirop/.m2/repository/jakarta/servlet/jakarta.servlet-api/6.0.0/jakarta.servlet-api-6.0.0.jar:/home/psotirop/.m2/repository/jakarta/servlet/jsp/jakarta.servlet.jsp-api/3.1.0/jakarta.servlet.jsp-api-3.1.0.jar:/home/psotirop/.m2/repository/jakarta/servlet/jsp/jstl/jakarta.servlet.jsp.jstl-api/3.0.0/jakarta.servlet.jsp.jstl-api-3.0.0.jar:/home/psotirop/.m2/repository/javax/enterprise/cdi-api/2.0/cdi-api-2.0.jar:/home/psotirop/.m2/repository/javax/el/javax.el-api/3.0.0/javax.el-api-3.0.0.jar:/home/psotirop/.m2/repository/javax/interceptor/javax.interceptor-api/1.2/javax.interceptor-api-1.2.jar:/home/psotirop/.m2/repository/javax/inject/javax.inject/1/javax.inject-1.jar:/home/psotirop/.m2/repository/org/jboss/jboss-ejb-client-jakarta/4.0.47.Final/jboss-ejb-client-jakarta-4.0.47.Final.jar:/home/psotirop/.m2/repository/jakarta/ejb/jakarta.ejb-api/4.0.1/jakarta.ejb-api-4.0.1.jar:/home/psotirop/.m2/repository/org/wildfly/wildfly-ejb3-jakarta/27.0.0.Final-SNAPSHOT/wildfly-ejb3-jakarta-27.0.0.Final-SNAPSHOT.jar:/home/psotirop/.m2/repository/jakarta/json/bind/jakarta.json.bind-api/3.0.0/jakarta.json.bind-api-3.0.0.jar:/home/psotirop/.m2/repository/org/apache/cxf/cxf-api/2.7.18/cxf-api-2.7.18.jar:/home/psotirop/.m2/repository/org/codehaus/woodstox/woodstox-core-asl/4.4.1/woodstox-core-asl-4.4.1.jar:/home/psotirop/.m2/repository/org/codehaus/woodstox/stax2-api/4.2.1/stax2-api-4.2.1.jar:/home/psotirop/.m2/repository/org/apache/geronimo/specs/geronimo-javamail_1.4_spec/1.7.1/geronimo-javamail_1.4_spec-1.7.1.jar:/home/psotirop/.m2/repository/wsdl4j/wsdl4j/1.6.3/wsdl4j-1.6.3.jar:/home/psotirop/.m2/repository/org/apache/cxf/cxf-rt-core/2.7.18/cxf-rt-core-2.7.18.jar:/home/psotirop/.m2/repository/com/sun/xml/bind/jaxb-impl/2.1.13/jaxb-impl-2.1.13.jar:/home/psotirop/.m2/repository/org/apache/cxf/cxf-rt-wsdl/3.5.2-jbossorg-3/cxf-rt-wsdl-3.5.2-jbossorg-3.jar:/home/psotirop/.m2/repository/org/apache/cxf/cxf-rt-bindings-soap/3.5.2-jbossorg-3/cxf-rt-bindings-soap-3.5.2-jbossorg-3.jar:/home/psotirop/.m2/repository/org/wildfly/wildfly-clustering-common/27.0.0.Final-SNAPSHOT/wildfly-clustering-common-27.0.0.Final-SNAPSHOT.jar:/home/psotirop/.m2/repository/org/wildfly/wildfly-clustering-marshalling-api/27.0.0.Final-SNAPSHOT/wildfly-clustering-marshalling-api-27.0.0.Final-SNAPSHOT.jar:/home/psotirop/.m2/repository/org/wildfly/wildfly-clustering-singleton-api/27.0.0.Final-SNAPSHOT/wildfly-clustering-singleton-api-27.0.0.Final-SNAPSHOT.jar:/home/psotirop/.m2/repository/org/wildfly/wildfly-clustering-server-api/27.0.0.Final-SNAPSHOT/wildfly-clustering-server-api-27.0.0.Final-SNAPSHOT.jar:/home/psotirop/.m2/repository/org/wildfly/wildfly-clustering-service/27.0.0.Final-SNAPSHOT/wildfly-clustering-service-27.0.0.Final-SNAPSHOT.jar:/home/psotirop/.m2/repository/org/jboss/eap/additional/testsuite/eap-additional-testsuite-source-distribution/3.0.0.Final/eap-additional-testsuite-source-distribution-3.0.0.Final.jar:/home/psotirop/.m2/repository/org/jboss/eap/additional/testsuite/eap-additional-testsuite-annotations/3.0.0.Final/eap-additional-testsuite-annotations-3.0.0.Final.jar:/home/psotirop/EAT/CI/program/wildfly/at/EAT/modules/testcases/jdkAll/WildflyJakarta/jaxrs/test-configurations/../../../../../src/config/arqWildflyJakarta:"/>
    <property name="java.vm.vendor" value="Oracle Corporation"/>
    <property name="sun.arch.data.model" value="64"/>
    <property name="java.vendor.url" value="https://openjdk.java.net/"/>
    <property name="user.timezone" value=""/>
    <property name="java.vm.specification.version" value="11"/>
    <property name="os.name" value="Linux"/>
    <property name="wildfly-jakarta" value="true"/>
    <property name="sun.java.launcher" value="SUN_STANDARD"/>
    <property name="user.country" value="US"/>
    <property name="sun.boot.library.path" value="/home/psotirop/Downloads/jdk-11.0.12_linux-x64_bin/jdk-11.0.12/lib"/>
    <property name="sun.java.command" value="/home/psotirop/EAT/CI/program/wildfly/at/EAT/modules/testcases/jdkAll/WildflyJakarta/jaxrs/test-configurations/target/surefire/surefirebooter16569307817343456948.jar /home/psotirop/EAT/CI/program/wildfly/at/EAT/modules/testcases/jdkAll/WildflyJakarta/jaxrs/test-configurations/target/surefire 2022-10-01T00-00-58_057-jvmRun1 surefire6162861626645930858tmp surefire_41102837362291380939tmp"/>
    <property name="jdk.debug" value="release"/>
    <property name="surefire.test.class.path" value="/home/psotirop/EAT/CI/program/wildfly/at/EAT/modules/testcases/jdkAll/WildflyJakarta/jaxrs/test-configurations/target/test-classes:/home/psotirop/EAT/CI/program/wildfly/at/EAT/modules/testcases/jdkAll/WildflyJakarta/jaxrs/test-configurations/target/classes:/home/psotirop/.m2/repository/org/wildfly/arquillian/wildfly-arquillian-container-managed/5.0.0.Alpha5/wildfly-arquillian-container-managed-5.0.0.Alpha5.jar:/home/psotirop/.m2/repository/org/wildfly/arquillian/wildfly-arquillian-common/5.0.0.Alpha5/wildfly-arquillian-common-5.0.0.Alpha5.jar:/home/psotirop/.m2/repository/org/jboss/arquillian/testenricher/arquillian-testenricher-cdi-jakarta/1.7.0.Alpha12/arquillian-testenricher-cdi-jakarta-1.7.0.Alpha12.jar:/home/psotirop/.m2/repository/org/jboss/arquillian/testenricher/arquillian-testenricher-ejb-jakarta/1.7.0.Alpha12/arquillian-testenricher-ejb-jakarta-1.7.0.Alpha12.jar:/home/psotirop/.m2/repository/org/jboss/arquillian/testenricher/arquillian-testenricher-initialcontext/1.7.0.Alpha12/arquillian-testenricher-initialcontext-1.7.0.Alpha12.jar:/home/psotirop/.m2/repository/org/jboss/arquillian/testenricher/arquillian-testenricher-resource-jakarta/1.7.0.Alpha12/arquillian-testenricher-resource-jakarta-1.7.0.Alpha12.jar:/home/psotirop/.m2/repository/org/jboss/arquillian/protocol/arquillian-protocol-servlet-jakarta/1.7.0.Alpha12/arquillian-protocol-servlet-jakarta-1.7.0.Alpha12.jar:/home/psotirop/.m2/repository/org/wildfly/plugins/wildfly-plugin-core/3.0.0.Final/wildfly-plugin-core-3.0.0.Final.jar:/home/psotirop/.m2/repository/org/jboss/shrinkwrap/descriptors/shrinkwrap-descriptors-impl-base/2.0.0/shrinkwrap-descriptors-impl-base-2.0.0.jar:/home/psotirop/.m2/repository/org/jboss/xnio/xnio-api/3.8.8.Final/xnio-api-3.8.8.Final.jar:/home/psotirop/.m2/repository/org/jboss/xnio/xnio-nio/3.8.8.Final/xnio-nio-3.8.8.Final.jar:/home/psotirop/.m2/repository/org/jboss/logging/jboss-logging/3.4.3.Final/jboss-logging-3.4.3.Final.jar:/home/psotirop/.m2/repository/org/jboss/marshalling/jboss-marshalling/2.1.0.Final/jboss-marshalling-2.1.0.Final.jar:/home/psotirop/.m2/repository/org/jboss/marshalling/jboss-marshalling-river/2.1.0.Final/jboss-marshalling-river-2.1.0.Final.jar:/home/psotirop/.m2/repository/org/jboss/remoting/jboss-remoting/5.0.25.Final/jboss-remoting-5.0.25.Final.jar:/home/psotirop/.m2/repository/org/wildfly/core/wildfly-launcher/19.0.0.Beta18/wildfly-launcher-19.0.0.Beta18.jar:/home/psotirop/.m2/repository/org/jboss/arquillian/core/arquillian-core-api/1.7.0.Alpha12/arquillian-core-api-1.7.0.Alpha12.jar:/home/psotirop/.m2/repository/org/wildfly/arquillian/wildfly-arquillian-protocol-jmx/5.0.0.Alpha5/wildfly-arquillian-protocol-jmx-5.0.0.Alpha5.jar:/home/psotirop/.m2/repository/org/jboss/jandex/2.2.3.Final/jandex-2.2.3.Final.jar:/home/psotirop/.m2/repository/org/wildfly/security/wildfly-elytron/2.0.0.Final/wildfly-elytron-2.0.0.Final.jar:/home/psotirop/.m2/repository/org/wildfly/arquillian/wildfly-arquillian-testenricher-msc/5.0.0.Alpha5/wildfly-arquillian-testenricher-msc-5.0.0.Alpha5.jar:/home/psotirop/.m2/repository/org/jboss/arquillian/core/arquillian-core-spi/1.7.0.Alpha12/arquillian-core-spi-1.7.0.Alpha12.jar:/home/psotirop/.m2/repository/org/jboss/arquillian/protocol/arquillian-protocol-jmx/1.7.0.Alpha12/arquillian-protocol-jmx-1.7.0.Alpha12.jar:/home/psotirop/.m2/repository/org/wildfly/core/wildfly-jmx/19.0.0.Beta18/wildfly-jmx-19.0.0.Beta18.jar:/home/psotirop/.m2/repository/org/jboss/shrinkwrap/shrinkwrap-api/1.2.6/shrinkwrap-api-1.2.6.jar:/home/psotirop/.m2/repository/org/wildfly/wildfly-testsuite-shared-jakarta/27.0.0.Final-SNAPSHOT/wildfly-testsuite-shared-jakarta-27.0.0.Final-SNAPSHOT.jar:/home/psotirop/.m2/repository/org/wildfly/wildfly-testsuite-shared/27.0.0.Final-SNAPSHOT/wildfly-testsuite-shared-27.0.0.Final-SNAPSHOT.jar:/home/psotirop/.m2/repository/jakarta/enterprise/jakarta.enterprise.cdi-api/4.0.0/jakarta.enterprise.cdi-api-4.0.0.jar:/home/psotirop/.m2/repository/com/nimbusds/nimbus-jose-jwt/9.23/nimbus-jose-jwt-9.23.jar:/home/psotirop/.m2/repository/com/github/stephenc/jcip/jcip-annotations/1.0-1/jcip-annotations-1.0-1.jar:/home/psotirop/.m2/repository/org/jboss/spec/javax/ejb/jboss-ejb-api_3.2_spec/2.0.0.Final/jboss-ejb-api_3.2_spec-2.0.0.Final.jar:/home/psotirop/.m2/repository/org/jboss/spec/javax/servlet/jboss-servlet-api_4.0_spec/2.0.0.Final/jboss-servlet-api_4.0_spec-2.0.0.Final.jar:/home/psotirop/.m2/repository/org/jboss/spec/javax/transaction/jboss-transaction-api_1.3_spec/2.0.0.Final/jboss-transaction-api_1.3_spec-2.0.0.Final.jar:/home/psotirop/.m2/repository/org/wildfly/wildfly-security/27.0.0.Final-SNAPSHOT/wildfly-security-27.0.0.Final-SNAPSHOT.jar:/home/psotirop/.m2/repository/org/apache/directory/server/apacheds-test-framework/2.0.0.AM26/apacheds-test-framework-2.0.0.AM26.jar:/home/psotirop/.m2/repository/org/apache/directory/server/apacheds-core-annotations/2.0.0.AM26/apacheds-core-annotations-2.0.0.AM26.jar:/home/psotirop/.m2/repository/org/apache/directory/server/apacheds-core-shared/2.0.0.AM26/apacheds-core-shared-2.0.0.AM26.jar:/home/psotirop/.m2/repository/org/apache/directory/server/apacheds-ldif-partition/2.0.0.AM26/apacheds-ldif-partition-2.0.0.AM26.jar:/home/psotirop/.m2/repository/org/apache/directory/server/apacheds-jdbm-partition/2.0.0.AM26/apacheds-jdbm-partition-2.0.0.AM26.jar:/home/psotirop/.m2/repository/org/apache/directory/server/apacheds-core-avl/2.0.0.AM26/apacheds-core-avl-2.0.0.AM26.jar:/home/psotirop/.m2/repository/org/apache/directory/server/apacheds-xdbm-partition/2.0.0.AM26/apacheds-xdbm-partition-2.0.0.AM26.jar:/home/psotirop/.m2/repository/org/apache/directory/mavibot/mavibot/1.0.0-M8/mavibot-1.0.0-M8.jar:/home/psotirop/.m2/repository/org/apache/directory/server/apacheds-mavibot-partition/2.0.0.AM26/apacheds-mavibot-partition-2.0.0.AM26.jar:/home/psotirop/.m2/repository/org/apache/directory/api/api-ldap-schema-data/2.0.0/api-ldap-schema-data-2.0.0.jar:/home/psotirop/.m2/repository/org/apache/directory/server/apacheds-core-api/2.0.0.AM26/apacheds-core-api-2.0.0.AM26.jar:/home/psotirop/.m2/repository/org/apache/directory/server/apacheds-core-constants/2.0.0.AM26/apacheds-core-constants-2.0.0.AM26.jar:/home/psotirop/.m2/repository/org/apache/directory/api/api-i18n/2.0.0/api-i18n-2.0.0.jar:/home/psotirop/.m2/repository/org/apache/directory/api/api-ldap-client-api/2.0.0/api-ldap-client-api-2.0.0.jar:/home/psotirop/.m2/repository/org/apache/commons/commons-pool2/2.7.0/commons-pool2-2.7.0.jar:/home/psotirop/.m2/repository/org/apache/directory/api/api-ldap-codec-core/2.0.0/api-ldap-codec-core-2.0.0.jar:/home/psotirop/.m2/repository/org/apache/directory/api/api-ldap-extras-aci/2.0.0/api-ldap-extras-aci-2.0.0.jar:/home/psotirop/.m2/repository/org/apache/directory/api/api-ldap-extras-util/2.0.0/api-ldap-extras-util-2.0.0.jar:/home/psotirop/.m2/repository/org/apache/mina/mina-core/2.1.3/mina-core-2.1.3.jar:/home/psotirop/.m2/repository/com/github/ben-manes/caffeine/caffeine/3.1.1/caffeine-3.1.1.jar:/home/psotirop/.m2/repository/org/apache/directory/server/apacheds-i18n/2.0.0.AM26/apacheds-i18n-2.0.0.AM26.jar:/home/psotirop/.m2/repository/org/apache/directory/server/apacheds-protocol-kerberos/2.0.0.AM26/apacheds-protocol-kerberos-2.0.0.AM26.jar:/home/psotirop/.m2/repository/org/apache/directory/server/apacheds-protocol-ldap/2.0.0.AM26/apacheds-protocol-ldap-2.0.0.AM26.jar:/home/psotirop/.m2/repository/org/apache/directory/jdbm/apacheds-jdbm1/2.0.0-M3/apacheds-jdbm1-2.0.0-M3.jar:/home/psotirop/.m2/repository/org/apache/directory/api/api-asn1-ber/2.0.0/api-asn1-ber-2.0.0.jar:/home/psotirop/.m2/repository/org/apache/directory/api/api-ldap-extras-codec-api/2.0.0/api-ldap-extras-codec-api-2.0.0.jar:/home/psotirop/.m2/repository/org/apache/directory/api/api-ldap-extras-codec/2.0.0/api-ldap-extras-codec-2.0.0.jar:/home/psotirop/.m2/repository/org/apache/directory/api/api-ldap-extras-sp/2.0.0/api-ldap-extras-sp-2.0.0.jar:/home/psotirop/.m2/repository/org/apache/directory/server/apacheds-protocol-shared/2.0.0.AM26/apacheds-protocol-shared-2.0.0.AM26.jar:/home/psotirop/.m2/repository/org/apache/directory/server/apacheds-server-annotations/2.0.0.AM26/apacheds-server-annotations-2.0.0.AM26.jar:/home/psotirop/.m2/repository/org/apache/directory/api/api-ldap-codec-standalone/2.0.0/api-ldap-codec-standalone-2.0.0.jar:/home/psotirop/.m2/repository/org/apache/directory/api/api-ldap-net-mina/2.0.0/api-ldap-net-mina-2.0.0.jar:/home/psotirop/.m2/repository/org/apache/directory/api/api-ldap-model/2.0.0/api-ldap-model-2.0.0.jar:/home/psotirop/.m2/repository/org/apache/servicemix/bundles/org.apache.servicemix.bundles.antlr/2.7.7_5/org.apache.servicemix.bundles.antlr-2.7.7_5.jar:/home/psotirop/.m2/repository/org/apache/directory/server/apacheds-interceptor-kerberos/2.0.0.AM26/apacheds-interceptor-kerberos-2.0.0.AM26.jar:/home/psotirop/.m2/repository/org/apache/directory/server/apacheds-core/2.0.0.AM26/apacheds-core-2.0.0.AM26.jar:/home/psotirop/.m2/repository/org/apache/directory/server/apacheds-interceptors-admin/2.0.0.AM26/apacheds-interceptors-admin-2.0.0.AM26.jar:/home/psotirop/.m2/repository/org/apache/directory/server/apacheds-interceptors-authn/2.0.0.AM26/apacheds-interceptors-authn-2.0.0.AM26.jar:/home/psotirop/.m2/repository/org/apache/directory/server/apacheds-interceptors-number/2.0.0.AM26/apacheds-interceptors-number-2.0.0.AM26.jar:/home/psotirop/.m2/repository/org/apache/directory/server/apacheds-interceptors-authz/2.0.0.AM26/apacheds-interceptors-authz-2.0.0.AM26.jar:/home/psotirop/.m2/repository/org/apache/directory/server/apacheds-interceptors-changelog/2.0.0.AM26/apacheds-interceptors-changelog-2.0.0.AM26.jar:/home/psotirop/.m2/repository/org/apache/directory/server/apacheds-interceptors-collective/2.0.0.AM26/apacheds-interceptors-collective-2.0.0.AM26.jar:/home/psotirop/.m2/repository/org/apache/directory/server/apacheds-interceptors-event/2.0.0.AM26/apacheds-interceptors-event-2.0.0.AM26.jar:/home/psotirop/.m2/repository/org/apache/directory/server/apacheds-interceptors-exception/2.0.0.AM26/apacheds-interceptors-exception-2.0.0.AM26.jar:/home/psotirop/.m2/repository/org/apache/directory/server/apacheds-interceptors-journal/2.0.0.AM26/apacheds-interceptors-journal-2.0.0.AM26.jar:/home/psotirop/.m2/repository/org/apache/directory/server/apacheds-interceptors-normalization/2.0.0.AM26/apacheds-interceptors-normalization-2.0.0.AM26.jar:/home/psotirop/.m2/repository/org/apache/directory/server/apacheds-interceptors-operational/2.0.0.AM26/apacheds-interceptors-operational-2.0.0.AM26.jar:/home/psotirop/.m2/repository/org/apache/directory/server/apacheds-interceptors-referral/2.0.0.AM26/apacheds-interceptors-referral-2.0.0.AM26.jar:/home/psotirop/.m2/repository/org/apache/directory/server/apacheds-interceptors-schema/2.0.0.AM26/apacheds-interceptors-schema-2.0.0.AM26.jar:/home/psotirop/.m2/repository/org/apache/directory/server/apacheds-interceptors-subtree/2.0.0.AM26/apacheds-interceptors-subtree-2.0.0.AM26.jar:/home/psotirop/.m2/repository/org/apache/directory/server/apacheds-interceptors-trigger/2.0.0.AM26/apacheds-interceptors-trigger-2.0.0.AM26.jar:/home/psotirop/.m2/repository/org/apache/directory/api/api-ldap-extras-trigger/2.0.0/api-ldap-extras-trigger-2.0.0.jar:/home/psotirop/.m2/repository/org/apache/directory/server/apacheds-kerberos-codec/2.0.0.AM26/apacheds-kerberos-codec-2.0.0.AM26.jar:/home/psotirop/.m2/repository/org/apache/directory/api/api-asn1-api/2.0.0/api-asn1-api-2.0.0.jar:/home/psotirop/.m2/repository/org/apache/directory/api/api-util/2.0.0/api-util-2.0.0.jar:/home/psotirop/.m2/repository/io/netty/netty-buffer/4.1.82.Final/netty-buffer-4.1.82.Final.jar:/home/psotirop/.m2/repository/io/netty/netty-resolver/4.1.82.Final/netty-resolver-4.1.82.Final.jar:/home/psotirop/.m2/repository/io/netty/netty-transport/4.1.82.Final/netty-transport-4.1.82.Final.jar:/home/psotirop/.m2/repository/io/netty/netty-handler/4.1.82.Final/netty-handler-4.1.82.Final.jar:/home/psotirop/.m2/repository/io/netty/netty-handler-proxy/4.1.82.Final/netty-handler-proxy-4.1.82.Final.jar:/home/psotirop/.m2/repository/io/netty/netty-codec/4.1.82.Final/netty-codec-4.1.82.Final.jar:/home/psotirop/.m2/repository/io/netty/netty-codec-socks/4.1.82.Final/netty-codec-socks-4.1.82.Final.jar:/home/psotirop/.m2/repository/io/netty/netty-common/4.1.82.Final/netty-common-4.1.82.Final.jar:/home/psotirop/.m2/repository/io/netty/netty-transport-native-unix-common/4.1.82.Final/netty-transport-native-unix-common-4.1.82.Final.jar:/home/psotirop/.m2/repository/io/netty/netty-transport-classes-epoll/4.1.82.Final/netty-transport-classes-epoll-4.1.82.Final.jar:/home/psotirop/.m2/repository/io/netty/netty-transport-classes-kqueue/4.1.82.Final/netty-transport-classes-kqueue-4.1.82.Final.jar:/home/psotirop/.m2/repository/io/netty/netty-codec-http/4.1.82.Final/netty-codec-http-4.1.82.Final.jar:/home/psotirop/.m2/repository/org/jboss/jboss-transaction-spi/7.6.1.Final/jboss-transaction-spi-7.6.1.Final.jar:/home/psotirop/.m2/repository/org/jboss/metadata/jboss-metadata-common/15.2.0.Beta3/jboss-metadata-common-15.2.0.Beta3.jar:/home/psotirop/.m2/repository/org/jboss/openjdk-orb/openjdk-orb/8.1.9.Final/openjdk-orb-8.1.9.Final.jar:/home/psotirop/.m2/repository/org/jboss/narayana/jts/narayana-jts-idlj/5.13.0.Final/narayana-jts-idlj-5.13.0.Final.jar:/home/psotirop/.m2/repository/org/wildfly/wildfly-naming-client/1.0.16.Final/wildfly-naming-client-1.0.16.Final.jar:/home/psotirop/.m2/repository/org/wildfly/security/wildfly-elytron-sasl-anonymous/2.0.0.Final/wildfly-elytron-sasl-anonymous-2.0.0.Final.jar:/home/psotirop/.m2/repository/org/wildfly/security/wildfly-elytron-sasl-auth-util/2.0.0.Final/wildfly-elytron-sasl-auth-util-2.0.0.Final.jar:/home/psotirop/.m2/repository/org/wildfly/security/wildfly-elytron-auth-server/2.0.0.Final/wildfly-elytron-auth-server-2.0.0.Final.jar:/home/psotirop/.m2/repository/org/wildfly/security/wildfly-elytron-x500/2.0.0.Final/wildfly-elytron-x500-2.0.0.Final.jar:/home/psotirop/.m2/repository/org/wildfly/security/wildfly-elytron-credential/2.0.0.Final/wildfly-elytron-credential-2.0.0.Final.jar:/home/psotirop/.m2/repository/org/wildfly/security/wildfly-elytron-asn1/2.0.0.Final/wildfly-elytron-asn1-2.0.0.Final.jar:/home/psotirop/.m2/repository/org/wildfly/security/wildfly-elytron-provider-util/2.0.0.Final/wildfly-elytron-provider-util-2.0.0.Final.jar:/home/psotirop/.m2/repository/org/wildfly/security/wildfly-elytron-credential-store/2.0.0.Final/wildfly-elytron-credential-store-2.0.0.Final.jar:/home/psotirop/.m2/repository/org/wildfly/security/wildfly-elytron-encryption/2.0.0.Final/wildfly-elytron-encryption-2.0.0.Final.jar:/home/psotirop/.m2/repository/org/wildfly/security/wildfly-elytron-permission/2.0.0.Final/wildfly-elytron-permission-2.0.0.Final.jar:/home/psotirop/.m2/repository/org/wildfly/security/wildfly-elytron-x500-cert/2.0.0.Final/wildfly-elytron-x500-cert-2.0.0.Final.jar:/home/psotirop/.m2/repository/org/wildfly/security/wildfly-elytron-x500-cert-util/2.0.0.Final/wildfly-elytron-x500-cert-util-2.0.0.Final.jar:/home/psotirop/.m2/repository/org/apache/sshd/sshd-common/2.8.0/sshd-common-2.8.0.jar:/home/psotirop/.m2/repository/org/testcontainers/testcontainers/1.16.0/testcontainers-1.16.0.jar:/home/psotirop/.m2/repository/org/rnorth/duct-tape/duct-tape/1.0.8/duct-tape-1.0.8.jar:/home/psotirop/.m2/repository/com/github/docker-java/docker-java-api/3.2.11/docker-java-api-3.2.11.jar:/home/psotirop/.m2/repository/com/github/docker-java/docker-java-transport-zerodep/3.2.11/docker-java-transport-zerodep-3.2.11.jar:/home/psotirop/.m2/repository/com/github/docker-java/docker-java-transport/3.2.11/docker-java-transport-3.2.11.jar:/home/psotirop/.m2/repository/net/java/dev/jna/jna/5.8.0/jna-5.8.0.jar:/home/psotirop/.m2/repository/xom/xom/1.3.7/xom-1.3.7.jar:/home/psotirop/.m2/repository/org/wildfly/core/wildfly-core-testsuite-shared/19.0.0.Beta18/wildfly-core-testsuite-shared-19.0.0.Beta18.jar:/home/psotirop/.m2/repository/org/jboss/arquillian/junit/arquillian-junit-container/1.7.0.Alpha12/arquillian-junit-container-1.7.0.Alpha12.jar:/home/psotirop/.m2/repository/org/jboss/arquillian/junit/arquillian-junit-core/1.7.0.Alpha12/arquillian-junit-core-1.7.0.Alpha12.jar:/home/psotirop/.m2/repository/org/jboss/arquillian/test/arquillian-test-api/1.7.0.Alpha12/arquillian-test-api-1.7.0.Alpha12.jar:/home/psotirop/.m2/repository/org/jboss/arquillian/test/arquillian-test-spi/1.7.0.Alpha12/arquillian-test-spi-1.7.0.Alpha12.jar:/home/psotirop/.m2/repository/org/jboss/arquillian/container/arquillian-container-test-api/1.7.0.Alpha12/arquillian-container-test-api-1.7.0.Alpha12.jar:/home/psotirop/.m2/repository/org/jboss/shrinkwrap/descriptors/shrinkwrap-descriptors-api-base/2.0.0/shrinkwrap-descriptors-api-base-2.0.0.jar:/home/psotirop/.m2/repository/org/jboss/arquillian/container/arquillian-container-test-spi/1.7.0.Alpha12/arquillian-container-test-spi-1.7.0.Alpha12.jar:/home/psotirop/.m2/repository/org/jboss/arquillian/container/arquillian-container-spi/1.7.0.Alpha12/arquillian-container-spi-1.7.0.Alpha12.jar:/home/psotirop/.m2/repository/org/jboss/arquillian/core/arquillian-core-impl-base/1.7.0.Alpha12/arquillian-core-impl-base-1.7.0.Alpha12.jar:/home/psotirop/.m2/repository/org/jboss/arquillian/test/arquillian-test-impl-base/1.7.0.Alpha12/arquillian-test-impl-base-1.7.0.Alpha12.jar:/home/psotirop/.m2/repository/org/jboss/arquillian/container/arquillian-container-impl-base/1.7.0.Alpha12/arquillian-container-impl-base-1.7.0.Alpha12.jar:/home/psotirop/.m2/repository/org/jboss/arquillian/config/arquillian-config-api/1.7.0.Alpha12/arquillian-config-api-1.7.0.Alpha12.jar:/home/psotirop/.m2/repository/org/jboss/arquillian/config/arquillian-config-impl-base/1.7.0.Alpha12/arquillian-config-impl-base-1.7.0.Alpha12.jar:/home/psotirop/.m2/repository/org/jboss/arquillian/config/arquillian-config-spi/1.7.0.Alpha12/arquillian-config-spi-1.7.0.Alpha12.jar:/home/psotirop/.m2/repository/org/jboss/shrinkwrap/descriptors/shrinkwrap-descriptors-spi/2.0.0/shrinkwrap-descriptors-spi-2.0.0.jar:/home/psotirop/.m2/repository/org/jboss/arquillian/container/arquillian-container-test-impl-base/1.7.0.Alpha12/arquillian-container-test-impl-base-1.7.0.Alpha12.jar:/home/psotirop/.m2/repository/org/jboss/shrinkwrap/shrinkwrap-impl-base/1.2.6/shrinkwrap-impl-base-1.2.6.jar:/home/psotirop/.m2/repository/org/jboss/shrinkwrap/shrinkwrap-spi/1.2.6/shrinkwrap-spi-1.2.6.jar:/home/psotirop/.m2/repository/org/apache/httpcomponents/httpclient/4.5.13/httpclient-4.5.13.jar:/home/psotirop/.m2/repository/org/apache/httpcomponents/httpcore/4.4.15/httpcore-4.4.15.jar:/home/psotirop/.m2/repository/org/jboss/spec/javax/servlet/jboss-servlet-api_3.1_spec/1.0.2.Final/jboss-servlet-api_3.1_spec-1.0.2.Final.jar:/home/psotirop/.m2/repository/org/wildfly/wildfly-weld/27.0.0.Alpha3/wildfly-weld-27.0.0.Alpha3.jar:/home/psotirop/.m2/repository/jakarta/inject/jakarta.inject-api/2.0.1/jakarta.inject-api-2.0.1.jar:/home/psotirop/.m2/repository/org/wildfly/wildfly-ee/27.0.0.Alpha3/wildfly-ee-27.0.0.Alpha3.jar:/home/psotirop/.m2/repository/org/glassfish/jakarta.enterprise.concurrent/3.0.0/jakarta.enterprise.concurrent-3.0.0.jar:/home/psotirop/.m2/repository/org/jboss/metadata/jboss-metadata-ear/15.2.0.Beta3/jboss-metadata-ear-15.2.0.Beta3.jar:/home/psotirop/.m2/repository/org/jboss/spec/javax/enterprise/concurrent/jboss-concurrency-api_1.0_spec/2.0.0.Final/jboss-concurrency-api_1.0_spec-2.0.0.Final.jar:/home/psotirop/.m2/repository/org/wildfly/core/wildfly-request-controller/19.0.0.Beta18/wildfly-request-controller-19.0.0.Beta18.jar:/home/psotirop/.m2/repository/org/jboss/invocation/jboss-invocation/1.7.0.Final/jboss-invocation-1.7.0.Final.jar:/home/psotirop/.m2/repository/org/jboss/spec/javax/interceptor/jboss-interceptors-api_1.2_spec/2.0.0.Final/jboss-interceptors-api_1.2_spec-2.0.0.Final.jar:/home/psotirop/.m2/repository/org/wildfly/wildfly-naming/27.0.0.Final-SNAPSHOT/wildfly-naming-27.0.0.Final-SNAPSHOT.jar:/home/psotirop/.m2/repository/org/wildfly/security/wildfly-elytron-security-manager/2.0.0.Final/wildfly-elytron-security-manager-2.0.0.Final.jar:/home/psotirop/.m2/repository/org/wildfly/security/wildfly-elytron-security-manager-action/2.0.0.Final/wildfly-elytron-security-manager-action-2.0.0.Final.jar:/home/psotirop/.m2/repository/org/wildfly/core/wildfly-server/19.0.0.Beta18/wildfly-server-19.0.0.Beta18.jar:/home/psotirop/.m2/repository/org/wildfly/core/wildfly-core-management-client/19.0.0.Beta18/wildfly-core-management-client-19.0.0.Beta18.jar:/home/psotirop/.m2/repository/org/wildfly/core/wildfly-domain-http-interface/19.0.0.Beta18/wildfly-domain-http-interface-19.0.0.Beta18.jar:/home/psotirop/.m2/repository/org/wildfly/core/wildfly-domain-management/19.0.0.Beta18/wildfly-domain-management-19.0.0.Beta18.jar:/home/psotirop/.m2/repository/org/wildfly/security/elytron-web/undertow-server/3.0.0.Final/undertow-server-3.0.0.Final.jar:/home/psotirop/.m2/repository/org/wildfly/core/wildfly-deployment-repository/19.0.0.Beta18/wildfly-deployment-repository-19.0.0.Beta18.jar:/home/psotirop/.m2/repository/org/wildfly/core/wildfly-platform-mbean/19.0.0.Beta18/wildfly-platform-mbean-19.0.0.Beta18.jar:/home/psotirop/.m2/repository/org/wildfly/core/wildfly-process-controller/19.0.0.Beta18/wildfly-process-controller-19.0.0.Beta18.jar:/home/psotirop/.m2/repository/org/wildfly/core/wildfly-remoting/19.0.0.Beta18/wildfly-remoting-19.0.0.Beta18.jar:/home/psotirop/.m2/repository/org/wildfly/core/wildfly-io/19.0.0.Beta18/wildfly-io-19.0.0.Beta18.jar:/home/psotirop/.m2/repository/org/wildfly/core/wildfly-version/19.0.0.Beta18/wildfly-version-19.0.0.Beta18.jar:/home/psotirop/.m2/repository/org/jboss/invocation/jboss-invocation-jakarta/1.7.0.Final/jboss-invocation-jakarta-1.7.0.Final.jar:/home/psotirop/.m2/repository/org/eclipse/jgit/org.eclipse.jgit.ssh.apache/6.2.0.202206071550-r/org.eclipse.jgit.ssh.apache-6.2.0.202206071550-r.jar:/home/psotirop/.m2/repository/org/eclipse/jgit/org.eclipse.jgit/6.2.0.202206071550-r/org.eclipse.jgit-6.2.0.202206071550-r.jar:/home/psotirop/.m2/repository/com/googlecode/javaewah/JavaEWAH/1.1.13/JavaEWAH-1.1.13.jar:/home/psotirop/.m2/repository/org/apache/sshd/sshd-core/2.8.0/sshd-core-2.8.0.jar:/home/psotirop/.m2/repository/org/wildfly/wildfly-web-common/27.0.0.Alpha3/wildfly-web-common-27.0.0.Alpha3.jar:/home/psotirop/.m2/repository/org/jboss/metadata/jboss-metadata-web/15.2.0.Beta3/jboss-metadata-web-15.2.0.Beta3.jar:/home/psotirop/.m2/repository/org/jboss/msc/jboss-msc/1.4.13.Final/jboss-msc-1.4.13.Final.jar:/home/psotirop/.m2/repository/org/jboss/threads/jboss-threads/2.4.0.Final/jboss-threads-2.4.0.Final.jar:/home/psotirop/.m2/repository/org/jboss/spec/javax/el/jboss-el-api_3.0_spec/2.0.0.Final/jboss-el-api_3.0_spec-2.0.0.Final.jar:/home/psotirop/.m2/repository/org/jboss/spec/javax/servlet/jsp/jboss-jsp-api_2.3_spec/2.0.0.Final/jboss-jsp-api_2.3_spec-2.0.0.Final.jar:/home/psotirop/.m2/repository/org/jboss/weld/module/weld-ejb/5.0.1.Final/weld-ejb-5.0.1.Final.jar:/home/psotirop/.m2/repository/org/jboss/weld/module/weld-web/5.0.1.Final/weld-web-5.0.1.Final.jar:/home/psotirop/.m2/repository/org/jboss/weld/module/weld-jta/5.0.1.Final/weld-jta-5.0.1.Final.jar:/home/psotirop/.m2/repository/org/wildfly/wildfly-weld-spi/27.0.0.Alpha3/wildfly-weld-spi-27.0.0.Alpha3.jar:/home/psotirop/.m2/repository/org/wildfly/wildfly-weld-common/27.0.0.Alpha3/wildfly-weld-common-27.0.0.Alpha3.jar:/home/psotirop/.m2/repository/org/infinispan/infinispan-core/13.0.10.Final/infinispan-core-13.0.10.Final.jar:/home/psotirop/.m2/repository/org/apache/activemq/artemis-server/2.25.0/artemis-server-2.25.0.jar:/home/psotirop/.m2/repository/org/jboss/logmanager/jboss-logmanager/2.1.18.Final/jboss-logmanager-2.1.18.Final.jar:/home/psotirop/.m2/repository/org/apache/activemq/artemis-selector/2.25.0/artemis-selector-2.25.0.jar:/home/psotirop/.m2/repository/org/apache/activemq/artemis-jdbc-store/2.25.0/artemis-jdbc-store-2.25.0.jar:/home/psotirop/.m2/repository/org/apache/activemq/artemis-quorum-api/2.25.0/artemis-quorum-api-2.25.0.jar:/home/psotirop/.m2/repository/org/apache/activemq/activemq-artemis-native/1.0.2/activemq-artemis-native-1.0.2.jar:/home/psotirop/.m2/repository/commons-beanutils/commons-beanutils/1.9.4/commons-beanutils-1.9.4.jar:/home/psotirop/.m2/repository/org/apache/activemq/artemis-service-extensions/2.22.0/artemis-service-extensions-2.22.0.jar:/home/psotirop/.m2/repository/jakarta/transaction/jakarta.transaction-api/2.0.0/jakarta.transaction-api-2.0.0.jar:/home/psotirop/.m2/repository/org/jgroups/jgroups/5.2.6.Final/jgroups-5.2.6.Final.jar:/home/psotirop/.m2/repository/org/apache/activemq/artemis-commons/2.25.0/artemis-commons-2.25.0.jar:/home/psotirop/.m2/repository/org/apache/activemq/artemis-journal/2.25.0/artemis-journal-2.25.0.jar:/home/psotirop/.m2/repository/org/jctools/jctools-core/2.1.2/jctools-core-2.1.2.jar:/home/psotirop/.m2/repository/org/apache/activemq/artemis-jms-server/2.22.0/artemis-jms-server-2.22.0.jar:/home/psotirop/.m2/repository/jakarta/jms/jakarta.jms-api/3.1.0/jakarta.jms-api-3.1.0.jar:/home/psotirop/.m2/repository/org/apache/activemq/artemis-cli/2.25.0/artemis-cli-2.25.0.jar:/home/psotirop/.m2/repository/org/apache/activemq/artemis-dto/2.25.0/artemis-dto-2.25.0.jar:/home/psotirop/.m2/repository/jakarta/activation/jakarta.activation-api/2.1.0/jakarta.activation-api-2.1.0.jar:/home/psotirop/.m2/repository/com/fasterxml/jackson/core/jackson-databind/2.13.4/jackson-databind-2.13.4.jar:/home/psotirop/.m2/repository/com/fasterxml/jackson/core/jackson-annotations/2.13.4/jackson-annotations-2.13.4.jar:/home/psotirop/.m2/repository/com/fasterxml/jackson/core/jackson-core/2.13.4/jackson-core-2.13.4.jar:/home/psotirop/.m2/repository/com/fasterxml/jackson/datatype/jackson-datatype-jsr310/2.13.4/jackson-datatype-jsr310-2.13.4.jar:/home/psotirop/.m2/repository/joda-time/joda-time/2.11.0/joda-time-2.11.0.jar:/home/psotirop/.m2/repository/org/jboss/spec/javax/jms/jboss-jms-api_2.0_spec/2.0.0.Final/jboss-jms-api_2.0_spec-2.0.0.Final.jar:/home/psotirop/.m2/repository/org/jboss/spec/javax/xml/bind/jboss-jaxb-api_2.3_spec/2.0.1.Final/jboss-jaxb-api_2.3_spec-2.0.1.Final.jar:/home/psotirop/.m2/repository/org/jboss/osgi/metadata/jbosgi-metadata/2.2.0.Final/jbosgi-metadata-2.2.0.Final.jar:/home/psotirop/.m2/repository/javax/ws/rs/javax.ws.rs-api/2.0.1/javax.ws.rs-api-2.0.1.jar:/home/psotirop/.m2/repository/javax/json/javax.json-api/1.0/javax.json-api-1.0.jar:/home/psotirop/.m2/repository/junit/junit/4.13.1/junit-4.13.1.jar:/home/psotirop/.m2/repository/org/hamcrest/hamcrest-core/1.3/hamcrest-core-1.3.jar:/home/psotirop/.m2/repository/jakarta/enterprise/concurrent/jakarta.enterprise.concurrent-api/3.0.0/jakarta.enterprise.concurrent-api-3.0.0.jar:/home/psotirop/.m2/repository/org/jboss/ws/cxf/jbossws-cxf-client/5.5.0.Final/jbossws-cxf-client-5.5.0.Final.jar:/home/psotirop/.m2/repository/javax/jws/jsr181-api/1.0-MR1/jsr181-api-1.0-MR1.jar:/home/psotirop/.m2/repository/org/apache/activemq/artemis-core-client/2.25.0/artemis-core-client-2.25.0.jar:/home/psotirop/.m2/repository/org/apache/activemq/artemis-jms-client/2.22.0/artemis-jms-client-2.22.0.jar:/home/psotirop/.m2/repository/org/apache/lucene/lucene-core/8.11.1/lucene-core-8.11.1.jar:/home/psotirop/.m2/repository/org/apache/cxf/cxf-rt-databinding-jaxb/3.5.2-jbossorg-3/cxf-rt-databinding-jaxb-3.5.2-jbossorg-3.jar:/home/psotirop/.m2/repository/org/apache/cxf/cxf-rt-frontend-jaxws/3.5.2-jbossorg-3/cxf-rt-frontend-jaxws-3.5.2-jbossorg-3.jar:/home/psotirop/.m2/repository/org/apache/cxf/cxf-rt-frontend-simple/3.5.2-jbossorg-3/cxf-rt-frontend-simple-3.5.2-jbossorg-3.jar:/home/psotirop/.m2/repository/org/apache/cxf/cxf-rt-transports-http/3.5.2/cxf-rt-transports-http-3.5.2.jar:/home/psotirop/.m2/repository/org/apache/ws/xmlschema/xmlschema-core/2.3.0/xmlschema-core-2.3.0.jar:/home/psotirop/.m2/repository/org/codehaus/jackson/jackson-core-asl/1.9.13/jackson-core-asl-1.9.13.jar:/home/psotirop/.m2/repository/org/hibernate/orm/hibernate-core/6.0.2.Final/hibernate-core-6.0.2.Final.jar:/home/psotirop/.m2/repository/org/hibernate/orm/hibernate-envers/6.0.2.Final/hibernate-envers-6.0.2.Final.jar:/home/psotirop/.m2/repository/org/hibernate/hibernate-search-engine/5.11.10.Final/hibernate-search-engine-5.11.10.Final.jar:/home/psotirop/.m2/repository/org/hibernate/common/hibernate-commons-annotations/6.0.1.Final/hibernate-commons-annotations-6.0.1.Final.jar:/home/psotirop/.m2/repository/org/apache/lucene/lucene-misc/5.5.5/lucene-misc-5.5.5.jar:/home/psotirop/.m2/repository/org/apache/lucene/lucene-analyzers-common/8.11.1/lucene-analyzers-common-8.11.1.jar:/home/psotirop/.m2/repository/org/apache/lucene/lucene-facet/8.11.1/lucene-facet-8.11.1.jar:/home/psotirop/.m2/repository/org/apache/lucene/lucene-queryparser/8.11.1/lucene-queryparser-8.11.1.jar:/home/psotirop/.m2/repository/org/hibernate/hibernate-search-orm/5.10.11.Final/hibernate-search-orm-5.10.11.Final.jar:/home/psotirop/.m2/repository/org/hibernate/validator/hibernate-validator/8.0.0.Final/hibernate-validator-8.0.0.Final.jar:/home/psotirop/.m2/repository/org/jboss/jboss-ejb-client/4.0.44.Final/jboss-ejb-client-4.0.44.Final.jar:/home/psotirop/.m2/repository/org/jboss/spec/javax/transaction/jboss-transaction-api_1.2_spec/1.0.1.Final/jboss-transaction-api_1.2_spec-1.0.1.Final.jar:/home/psotirop/.m2/repository/org/wildfly/transaction/wildfly-transaction-client/2.0.0.Final/wildfly-transaction-client-2.0.0.Final.jar:/home/psotirop/.m2/repository/org/wildfly/client/wildfly-client-config/1.0.1.Final/wildfly-client-config-1.0.1.Final.jar:/home/psotirop/.m2/repository/org/wildfly/common/wildfly-common/1.6.0.Final/wildfly-common-1.6.0.Final.jar:/home/psotirop/.m2/repository/org/wildfly/discovery/wildfly-discovery-client/1.2.1.Final/wildfly-discovery-client-1.2.1.Final.jar:/home/psotirop/.m2/repository/org/wildfly/security/wildfly-elytron-auth/2.0.0.Final/wildfly-elytron-auth-2.0.0.Final.jar:/home/psotirop/.m2/repository/org/wildfly/security/wildfly-elytron-client/2.0.0.Final/wildfly-elytron-client-2.0.0.Final.jar:/home/psotirop/.m2/repository/org/wildfly/security/wildfly-elytron-credential-source-impl/2.0.0.Final/wildfly-elytron-credential-source-impl-2.0.0.Final.jar:/home/psotirop/.m2/repository/org/wildfly/security/wildfly-elytron-mechanism/2.0.0.Final/wildfly-elytron-mechanism-2.0.0.Final.jar:/home/psotirop/.m2/repository/org/wildfly/security/wildfly-elytron-sasl/2.0.0.Final/wildfly-elytron-sasl-2.0.0.Final.jar:/home/psotirop/.m2/repository/org/wildfly/security/wildfly-elytron-ssl/2.0.0.Final/wildfly-elytron-ssl-2.0.0.Final.jar:/home/psotirop/.m2/repository/org/wildfly/security/wildfly-elytron-realm/2.0.0.Final/wildfly-elytron-realm-2.0.0.Final.jar:/home/psotirop/.m2/repository/org/wildfly/security/wildfly-elytron-sasl-localuser/2.0.0.Final/wildfly-elytron-sasl-localuser-2.0.0.Final.jar:/home/psotirop/.m2/repository/org/wildfly/security/wildfly-elytron-http-sso/2.0.0.Final/wildfly-elytron-http-sso-2.0.0.Final.jar:/home/psotirop/.m2/repository/org/wildfly/security/wildfly-elytron-http/2.0.0.Final/wildfly-elytron-http-2.0.0.Final.jar:/home/psotirop/.m2/repository/org/wildfly/security/wildfly-elytron-http-util/2.0.0.Final/wildfly-elytron-http-util-2.0.0.Final.jar:/home/psotirop/.m2/repository/org/wildfly/security/wildfly-elytron-util/2.0.0.Final/wildfly-elytron-util-2.0.0.Final.jar:/home/psotirop/.m2/repository/org/jboss/classfilewriter/jboss-classfilewriter/1.2.5.Final/jboss-classfilewriter-1.2.5.Final.jar:/home/psotirop/.m2/repository/org/jboss/ejb3/jboss-ejb3-ext-api/2.3.0.Final/jboss-ejb3-ext-api-2.3.0.Final.jar:/home/psotirop/.m2/repository/org/jboss/ironjacamar/ironjacamar-jdbc/1.5.7.Final/ironjacamar-jdbc-1.5.7.Final.jar:/home/psotirop/.m2/repository/org/jboss/ironjacamar/ironjacamar-core-api/1.5.7.Final/ironjacamar-core-api-1.5.7.Final.jar:/home/psotirop/.m2/repository/org/jboss/ironjacamar/ironjacamar-common-api/1.5.7.Final/ironjacamar-common-api-1.5.7.Final.jar:/home/psotirop/.m2/repository/org/jboss/ironjacamar/ironjacamar-deployers-common/1.5.7.Final/ironjacamar-deployers-common-1.5.7.Final.jar:/home/psotirop/.m2/repository/org/jboss/ironjacamar/ironjacamar-core-impl/1.5.7.Final/ironjacamar-core-impl-1.5.7.Final.jar:/home/psotirop/.m2/repository/org/jboss/ironjacamar/ironjacamar-api/1.5.7.Final/ironjacamar-api-1.5.7.Final.jar:/home/psotirop/.m2/repository/org/jboss/ironjacamar/ironjacamar-common-spi/1.5.7.Final/ironjacamar-common-spi-1.5.7.Final.jar:/home/psotirop/.m2/repository/org/jboss/logging/jboss-logging-processor/2.2.1.Final/jboss-logging-processor-2.2.1.Final.jar:/home/psotirop/.m2/repository/org/jboss/jdeparser/jdeparser/2.0.3.Final/jdeparser-2.0.3.Final.jar:/home/psotirop/.m2/repository/org/picketbox/picketbox/5.0.3.Final/picketbox-5.0.3.Final.jar:/home/psotirop/.m2/repository/org/jboss/ironjacamar/ironjacamar-validator/1.5.7.Final/ironjacamar-validator-1.5.7.Final.jar:/home/psotirop/.m2/repository/org/jboss/ironjacamar/ironjacamar-common-impl/1.5.7.Final/ironjacamar-common-impl-1.5.7.Final.jar:/home/psotirop/.m2/repository/jakarta/validation/jakarta.validation-api/3.0.2/jakarta.validation-api-3.0.2.jar:/home/psotirop/.m2/repository/org/jboss/spec/javax/resource/jboss-connector-api_1.7_spec/2.0.0.Final/jboss-connector-api_1.7_spec-2.0.0.Final.jar:/home/psotirop/.m2/repository/org/jboss/resteasy/resteasy-jackson-provider/3.15.1.Final/resteasy-jackson-provider-3.15.1.Final.jar:/home/psotirop/.m2/repository/org/codehaus/jackson/jackson-mapper-asl/1.9.13.redhat-00007/jackson-mapper-asl-1.9.13.redhat-00007.jar:/home/psotirop/.m2/repository/org/codehaus/jackson/jackson-jaxrs/1.9.13.redhat-00007/jackson-jaxrs-1.9.13.redhat-00007.jar:/home/psotirop/.m2/repository/org/codehaus/jackson/jackson-xc/1.9.13.redhat-00007/jackson-xc-1.9.13.redhat-00007.jar:/home/psotirop/.m2/repository/org/jboss/resteasy/resteasy-core-spi/6.2.0.Final/resteasy-core-spi-6.2.0.Final.jar:/home/psotirop/.m2/repository/org/jboss/resteasy/resteasy-client/6.2.0.Final/resteasy-client-6.2.0.Final.jar:/home/psotirop/.m2/repository/commons-codec/commons-codec/1.15/commons-codec-1.15.jar:/home/psotirop/.m2/repository/jakarta/ws/rs/jakarta.ws.rs-api/3.1.0/jakarta.ws.rs-api-3.1.0.jar:/home/psotirop/.m2/repository/org/reactivestreams/reactive-streams/1.0.4/reactive-streams-1.0.4.jar:/home/psotirop/.m2/repository/org/jboss/resteasy/resteasy-client-api/6.2.0.Final/resteasy-client-api-6.2.0.Final.jar:/home/psotirop/.m2/repository/org/jboss/resteasy/resteasy-core/6.2.0.Final/resteasy-core-6.2.0.Final.jar:/home/psotirop/.m2/repository/org/jboss/resteasy/resteasy-multipart-provider/6.2.0.Final/resteasy-multipart-provider-6.2.0.Final.jar:/home/psotirop/.m2/repository/jakarta/mail/jakarta.mail-api/2.1.0/jakarta.mail-api-2.1.0.jar:/home/psotirop/.m2/repository/org/eclipse/angus/angus-mail/1.0.0/angus-mail-1.0.0.jar:/home/psotirop/.m2/repository/org/apache/james/apache-mime4j-dom/0.8.7/apache-mime4j-dom-0.8.7.jar:/home/psotirop/.m2/repository/org/apache/james/apache-mime4j-storage/0.8.7/apache-mime4j-storage-0.8.7.jar:/home/psotirop/.m2/repository/commons-io/commons-io/2.11.0/commons-io-2.11.0.jar:/home/psotirop/.m2/repository/org/slf4j/slf4j-ext/1.7.25/slf4j-ext-1.7.25.jar:/home/psotirop/.m2/repository/org/slf4j/slf4j-api/1.7.36/slf4j-api-1.7.36.jar:/home/psotirop/.m2/repository/org/jboss/spec/javax/annotation/jboss-annotations-api_1.3_spec/2.0.1.Final/jboss-annotations-api_1.3_spec-2.0.1.Final.jar:/home/psotirop/.m2/repository/org/jboss/spec/javax/faces/jboss-jsf-api_2.3_spec/3.0.0.Final/jboss-jsf-api_2.3_spec-3.0.0.Final.jar:/home/psotirop/.m2/repository/org/jboss/spec/javax/management/j2ee/jboss-j2eemgmt-api_1.1_spec/2.0.0.Final/jboss-j2eemgmt-api_1.1_spec-2.0.0.Final.jar:/home/psotirop/.m2/repository/org/jboss/spec/javax/security/auth/message/jboss-jaspi-api_1.1_spec/2.0.1.Final/jboss-jaspi-api_1.1_spec-2.0.1.Final.jar:/home/psotirop/.m2/repository/org/jboss/spec/javax/websocket/jboss-websocket-api_1.1_spec/2.0.0.Final/jboss-websocket-api_1.1_spec-2.0.0.Final.jar:/home/psotirop/.m2/repository/org/jboss/spec/javax/ws/rs/jboss-jaxrs-api_2.1_spec/2.0.2.Final/jboss-jaxrs-api_2.1_spec-2.0.2.Final.jar:/home/psotirop/.m2/repository/org/jboss/spec/javax/xml/ws/jboss-jaxws-api_2.3_spec/2.0.0.Final/jboss-jaxws-api_2.3_spec-2.0.0.Final.jar:/home/psotirop/.m2/repository/org/jboss/spec/javax/xml/soap/jboss-saaj-api_1.4_spec/1.0.0.Final/jboss-saaj-api_1.4_spec-1.0.0.Final.jar:/home/psotirop/.m2/repository/jakarta/jws/jakarta.jws-api/2.1.0/jakarta.jws-api-2.1.0.jar:/home/psotirop/.m2/repository/org/jboss/weld/weld-api/5.0.SP2/weld-api-5.0.SP2.jar:/home/psotirop/.m2/repository/org/jboss/weld/weld-core-impl/5.0.1.Final/weld-core-impl-5.0.1.Final.jar:/home/psotirop/.m2/repository/org/jboss/weld/weld-spi/5.0.SP2/weld-spi-5.0.SP2.jar:/home/psotirop/.m2/repository/org/jsoup/jsoup/1.15.3/jsoup-1.15.3.jar:/home/psotirop/.m2/repository/org/syslog4j/syslog4j/0.9.30/syslog4j-0.9.30.jar:/home/psotirop/.m2/repository/org/wildfly/jipijapa-spi/27.0.0.Final-SNAPSHOT/jipijapa-spi-27.0.0.Final-SNAPSHOT.jar:/home/psotirop/.m2/repository/io/smallrye/jandex/3.0.0/jandex-3.0.0.jar:/home/psotirop/.m2/repository/jakarta/persistence/jakarta.persistence-api/3.1.0/jakarta.persistence-api-3.1.0.jar:/home/psotirop/.m2/repository/org/wildfly/wildfly-pojo/27.0.0.Final-SNAPSHOT/wildfly-pojo-27.0.0.Final-SNAPSHOT.jar:/home/psotirop/.m2/repository/org/jboss/jboss-vfs/3.2.17.Final/jboss-vfs-3.2.17.Final.jar:/home/psotirop/.m2/repository/org/wildfly/core/wildfly-controller/19.0.0.Beta18/wildfly-controller-19.0.0.Beta18.jar:/home/psotirop/.m2/repository/org/wildfly/core/wildfly-core-security/19.0.0.Beta18/wildfly-core-security-19.0.0.Beta18.jar:/home/psotirop/.m2/repository/org/projectodd/vdx/vdx-wildfly/1.1.6/vdx-wildfly-1.1.6.jar:/home/psotirop/.m2/repository/org/projectodd/vdx/vdx-core/1.1.6/vdx-core-1.1.6.jar:/home/psotirop/.m2/repository/org/yaml/snakeyaml/1.31/snakeyaml-1.31.jar:/home/psotirop/.m2/repository/org/jboss/common/jboss-common-beans/2.0.1.Final/jboss-common-beans-2.0.1.Final.jar:/home/psotirop/.m2/repository/org/wildfly/wildfly-system-jmx/27.0.0.Final-SNAPSHOT/wildfly-system-jmx-27.0.0.Final-SNAPSHOT.jar:/home/psotirop/.m2/repository/org/wildfly/core/wildfly-logging/19.0.0.Beta18/wildfly-logging-19.0.0.Beta18.jar:/home/psotirop/.m2/repository/org/jboss/jboss-dmr/1.6.1.Final/jboss-dmr-1.6.1.Final.jar:/home/psotirop/.m2/repository/org/jboss/modules/jboss-modules/2.0.3.Final/jboss-modules-2.0.3.Final.jar:/home/psotirop/.m2/repository/org/jboss/staxmapper/1.3.0.Final/staxmapper-1.3.0.Final.jar:/home/psotirop/.m2/repository/org/wildfly/core/wildfly-network/19.0.0.Beta18/wildfly-network-19.0.0.Beta18.jar:/home/psotirop/.m2/repository/org/jboss/stdio/jboss-stdio/1.1.0.Final/jboss-stdio-1.1.0.Final.jar:/home/psotirop/.m2/repository/xalan/xalan/2.7.1.jbossorg-5/xalan-2.7.1.jbossorg-5.jar:/home/psotirop/.m2/repository/xalan/serializer/2.7.1.jbossorg-5/serializer-2.7.1.jbossorg-5.jar:/home/psotirop/.m2/repository/org/apache/openjpa/openjpa/3.0.0/openjpa-3.0.0.jar:/home/psotirop/.m2/repository/commons-collections/commons-collections/3.2.2/commons-collections-3.2.2.jar:/home/psotirop/.m2/repository/net/sourceforge/serp/serp/1.15.1/serp-1.15.1.jar:/home/psotirop/.m2/repository/org/apache/geronimo/specs/geronimo-jms_1.1_spec/1.1.1/geronimo-jms_1.1_spec-1.1.1.jar:/home/psotirop/.m2/repository/org/apache/geronimo/specs/geronimo-jta_1.1_spec/1.1.1/geronimo-jta_1.1_spec-1.1.1.jar:/home/psotirop/.m2/repository/commons-pool/commons-pool/1.6/commons-pool-1.6.jar:/home/psotirop/.m2/repository/org/apache/xbean/xbean-asm6-shaded/4.8/xbean-asm6-shaded-4.8.jar:/home/psotirop/.m2/repository/org/apache/geronimo/specs/geronimo-jpa_2.1_spec/1.0-alpha-1/geronimo-jpa_2.1_spec-1.0-alpha-1.jar:/home/psotirop/.m2/repository/org/apache/axis2/axis2-jaxws/1.8.2/axis2-jaxws-1.8.2.jar:/home/psotirop/.m2/repository/org/apache/geronimo/specs/geronimo-annotation_1.0_spec/1.1.1/geronimo-annotation_1.0_spec-1.1.1.jar:/home/psotirop/.m2/repository/org/apache/geronimo/specs/geronimo-jaxws_2.2_spec/1.2/geronimo-jaxws_2.2_spec-1.2.jar:/home/psotirop/.m2/repository/org/apache/axis2/axis2-kernel/1.8.2/axis2-kernel-1.8.2.jar:/home/psotirop/.m2/repository/org/apache/ws/commons/axiom/axiom-api/1.4.0/axiom-api-1.4.0.jar:/home/psotirop/.m2/repository/jaxen/jaxen/1.1.6/jaxen-1.1.6.jar:/home/psotirop/.m2/repository/org/apache/james/apache-mime4j-core/0.8.7/apache-mime4j-core-0.8.7.jar:/home/psotirop/.m2/repository/org/apache/ws/commons/axiom/axiom-impl/1.4.0/axiom-impl-1.4.0.jar:/home/psotirop/.m2/repository/org/apache/geronimo/specs/geronimo-ws-metadata_2.0_spec/1.1.3/geronimo-ws-metadata_2.0_spec-1.1.3.jar:/home/psotirop/.m2/repository/javax/servlet/javax.servlet-api/3.1.0/javax.servlet-api-3.1.0.jar:/home/psotirop/.m2/repository/commons-fileupload/commons-fileupload/1.4/commons-fileupload-1.4.jar:/home/psotirop/.m2/repository/org/apache/neethi/neethi/3.1.1/neethi-3.1.1.jar:/home/psotirop/.m2/repository/org/apache/woden/woden-core/1.0M10/woden-core-1.0M10.jar:/home/psotirop/.m2/repository/javax/ws/rs/jsr311-api/1.1.1/jsr311-api-1.1.1.jar:/home/psotirop/.m2/repository/org/apache/axis2/axis2-saaj/1.8.2/axis2-saaj-1.8.2.jar:/home/psotirop/.m2/repository/org/apache/logging/log4j/log4j-jcl/2.18.0/log4j-jcl-2.18.0.jar:/home/psotirop/.m2/repository/org/apache/logging/log4j/log4j-api/2.17.2/log4j-api-2.17.2.jar:/home/psotirop/.m2/repository/org/apache/axis2/axis2-metadata/1.8.2/axis2-metadata-1.8.2.jar:/home/psotirop/.m2/repository/com/sun/xml/ws/jaxws-tools/2.1.3/jaxws-tools-2.1.3.jar:/home/psotirop/.m2/repository/com/sun/mail/jakarta.mail/1.6.7/jakarta.mail-1.6.7.jar:/home/psotirop/.m2/repository/com/sun/activation/jakarta.activation/1.2.1/jakarta.activation-1.2.1.jar:/home/psotirop/.m2/repository/xml-resolver/xml-resolver/1.2/xml-resolver-1.2.jar:/home/psotirop/.m2/repository/org/glassfish/jaxb/jaxb-runtime/4.0.1/jaxb-runtime-4.0.1.jar:/home/psotirop/.m2/repository/org/glassfish/jaxb/jaxb-core/4.0.1/jaxb-core-4.0.1.jar:/home/psotirop/.m2/repository/org/glassfish/jaxb/jaxb-xjc/4.0.1/jaxb-xjc-4.0.1.jar:/home/psotirop/.m2/repository/org/apache/axis2/axis2-transport-http/1.8.2/axis2-transport-http-1.8.2.jar:/home/psotirop/.m2/repository/org/jboss/jboss-common-core/2.5.0.Final/jboss-common-core-2.5.0.Final.jar:/home/psotirop/.m2/repository/org/jboss/logging/jboss-logging-spi/2.1.2.GA/jboss-logging-spi-2.1.2.GA.jar:/home/psotirop/.m2/repository/org/apache/axis2/axis2-transport-jms/1.8.2/axis2-transport-jms-1.8.2.jar:/home/psotirop/.m2/repository/org/apache/axis2/axis2-transport-base/1.8.2/axis2-transport-base-1.8.2.jar:/home/psotirop/.m2/repository/javax/transaction/javax.transaction-api/1.3/javax.transaction-api-1.3.jar:/home/psotirop/.m2/repository/org/jboss/remotingjmx/remoting-jmx/3.0.4.Final/remoting-jmx-3.0.4.Final.jar:/home/psotirop/.m2/repository/log4j/apache-log4j-extras/1.2.17/apache-log4j-extras-1.2.17.jar:/home/psotirop/.m2/repository/log4j/log4j/1.2.17/log4j-1.2.17.jar:/home/psotirop/.m2/repository/io/undertow/undertow-core/2.3.0.Beta1/undertow-core-2.3.0.Beta1.jar:/home/psotirop/.m2/repository/io/undertow/undertow-websockets-jsr/2.3.0.Beta1/undertow-websockets-jsr-2.3.0.Beta1.jar:/home/psotirop/.m2/repository/io/undertow/undertow-servlet/2.3.0.Beta1/undertow-servlet-2.3.0.Beta1.jar:/home/psotirop/.m2/repository/jakarta/websocket/jakarta.websocket-api/2.1.0-jbossorg-2/jakarta.websocket-api-2.1.0-jbossorg-2.jar:/home/psotirop/.m2/repository/jakarta/websocket/jakarta.websocket-client-api/2.1.0-jbossorg-2/jakarta.websocket-client-api-2.1.0-jbossorg-2.jar:/home/psotirop/.m2/repository/io/netty/netty-all/4.1.73.Final/netty-all-4.1.73.Final.jar:/home/psotirop/.m2/repository/io/netty/netty-codec-dns/4.1.73.Final/netty-codec-dns-4.1.73.Final.jar:/home/psotirop/.m2/repository/io/netty/netty-codec-haproxy/4.1.73.Final/netty-codec-haproxy-4.1.73.Final.jar:/home/psotirop/.m2/repository/io/netty/netty-codec-http2/4.1.73.Final/netty-codec-http2-4.1.73.Final.jar:/home/psotirop/.m2/repository/io/netty/netty-codec-memcache/4.1.73.Final/netty-codec-memcache-4.1.73.Final.jar:/home/psotirop/.m2/repository/io/netty/netty-codec-mqtt/4.1.73.Final/netty-codec-mqtt-4.1.73.Final.jar:/home/psotirop/.m2/repository/io/netty/netty-codec-redis/4.1.73.Final/netty-codec-redis-4.1.73.Final.jar:/home/psotirop/.m2/repository/io/netty/netty-codec-smtp/4.1.73.Final/netty-codec-smtp-4.1.73.Final.jar:/home/psotirop/.m2/repository/io/netty/netty-codec-stomp/4.1.73.Final/netty-codec-stomp-4.1.73.Final.jar:/home/psotirop/.m2/repository/io/netty/netty-codec-xml/4.1.73.Final/netty-codec-xml-4.1.73.Final.jar:/home/psotirop/.m2/repository/io/netty/netty-tcnative-classes/2.0.46.Final/netty-tcnative-classes-2.0.46.Final.jar:/home/psotirop/.m2/repository/io/netty/netty-resolver-dns/4.1.73.Final/netty-resolver-dns-4.1.73.Final.jar:/home/psotirop/.m2/repository/io/netty/netty-transport-rxtx/4.1.73.Final/netty-transport-rxtx-4.1.73.Final.jar:/home/psotirop/.m2/repository/io/netty/netty-transport-sctp/4.1.73.Final/netty-transport-sctp-4.1.73.Final.jar:/home/psotirop/.m2/repository/io/netty/netty-transport-udt/4.1.73.Final/netty-transport-udt-4.1.73.Final.jar:/home/psotirop/.m2/repository/io/netty/netty-resolver-dns-classes-macos/4.1.73.Final/netty-resolver-dns-classes-macos-4.1.73.Final.jar:/home/psotirop/.m2/repository/io/netty/netty-transport-native-epoll/4.1.82.Final/netty-transport-native-epoll-4.1.82.Final-linux-x86_64.jar:/home/psotirop/.m2/repository/io/netty/netty-transport-native-epoll/4.1.82.Final/netty-transport-native-epoll-4.1.82.Final-linux-aarch_64.jar:/home/psotirop/.m2/repository/io/netty/netty-transport-native-kqueue/4.1.82.Final/netty-transport-native-kqueue-4.1.82.Final-osx-x86_64.jar:/home/psotirop/.m2/repository/io/netty/netty-transport-native-kqueue/4.1.82.Final/netty-transport-native-kqueue-4.1.82.Final-osx-aarch_64.jar:/home/psotirop/.m2/repository/io/netty/netty-resolver-dns-native-macos/4.1.73.Final/netty-resolver-dns-native-macos-4.1.73.Final-osx-x86_64.jar:/home/psotirop/.m2/repository/io/netty/netty-resolver-dns-native-macos/4.1.73.Final/netty-resolver-dns-native-macos-4.1.73.Final-osx-aarch_64.jar:/home/psotirop/.m2/repository/commons-configuration/commons-configuration/1.10/commons-configuration-1.10.jar:/home/psotirop/.m2/repository/commons-lang/commons-lang/2.6/commons-lang-2.6.jar:/home/psotirop/.m2/repository/commons-logging/commons-logging/1.1.1/commons-logging-1.1.1.jar:/home/psotirop/.m2/repository/org/easytesting/fest-assert/1.4/fest-assert-1.4.jar:/home/psotirop/.m2/repository/org/easytesting/fest-util/1.1.6/fest-util-1.1.6.jar:/home/psotirop/.m2/repository/org/apache/httpcomponents/fluent-hc/4.5.4/fluent-hc-4.5.4.jar:/home/psotirop/.m2/repository/commons-dbcp/commons-dbcp/1.4/commons-dbcp-1.4.jar:/home/psotirop/.m2/repository/org/mock-server/mockserver-netty/5.8.1/mockserver-netty-5.8.1.jar:/home/psotirop/.m2/repository/org/mock-server/mockserver-client-java/5.8.1/mockserver-client-java-5.8.1.jar:/home/psotirop/.m2/repository/org/mock-server/mockserver-core/5.8.1/mockserver-core-5.8.1.jar:/home/psotirop/.m2/repository/com/lmax/disruptor/3.4.2/disruptor-3.4.2.jar:/home/psotirop/.m2/repository/com/jcraft/jzlib/1.1.3/jzlib-1.1.3.jar:/home/psotirop/.m2/repository/org/bouncycastle/bcprov-jdk15on/1.64/bcprov-jdk15on-1.64.jar:/home/psotirop/.m2/repository/org/bouncycastle/bcpkix-jdk15on/1.64/bcpkix-jdk15on-1.64.jar:/home/psotirop/.m2/repository/org/apache/velocity/velocity-engine-scripting/2.1/velocity-engine-scripting-2.1.jar:/home/psotirop/.m2/repository/org/apache/velocity/velocity-engine-core/2.3/velocity-engine-core-2.3.jar:/home/psotirop/.m2/repository/org/skyscreamer/jsonassert/1.5.0/jsonassert-1.5.0.jar:/home/psotirop/.m2/repository/com/vaadin/external/google/android-json/0.0.20131108.vaadin1/android-json-0.0.20131108.vaadin1.jar:/home/psotirop/.m2/repository/com/github/java-json-tools/json-schema-validator/2.2.11/json-schema-validator-2.2.11.jar:/home/psotirop/.m2/repository/com/github/java-json-tools/json-schema-core/1.2.10/json-schema-core-1.2.10.jar:/home/psotirop/.m2/repository/com/github/java-json-tools/jackson-coreutils/1.9/jackson-coreutils-1.9.jar:/home/psotirop/.m2/repository/com/github/fge/msg-simple/1.1/msg-simple-1.1.jar:/home/psotirop/.m2/repository/com/github/fge/btf/1.2/btf-1.2.jar:/home/psotirop/.m2/repository/com/github/fge/uri-template/0.9/uri-template-0.9.jar:/home/psotirop/.m2/repository/org/mozilla/rhino/1.7.7.1/rhino-1.7.7.1.jar:/home/psotirop/.m2/repository/com/sun/mail/mailapi/1.6.1/mailapi-1.6.1.jar:/home/psotirop/.m2/repository/javax/activation/activation/1.1/activation-1.1.jar:/home/psotirop/.m2/repository/com/googlecode/libphonenumber/libphonenumber/8.0.0/libphonenumber-8.0.0.jar:/home/psotirop/.m2/repository/com/google/code/findbugs/jsr305/3.0.2/jsr305-3.0.2.jar:/home/psotirop/.m2/repository/net/sf/jopt-simple/jopt-simple/5.0.3/jopt-simple-5.0.3.jar:/home/psotirop/.m2/repository/com/jayway/jsonpath/json-path/2.4.0/json-path-2.4.0.jar:/home/psotirop/.m2/repository/net/minidev/json-smart/2.3/json-smart-2.3.jar:/home/psotirop/.m2/repository/net/minidev/accessors-smart/1.2/accessors-smart-1.2.jar:/home/psotirop/.m2/repository/org/ow2/asm/asm/9.3/asm-9.3.jar:/home/psotirop/.m2/repository/javax/xml/bind/jaxb-api/2.4.0-b180830.0359/jaxb-api-2.4.0-b180830.0359.jar:/home/psotirop/.m2/repository/javax/activation/javax.activation-api/1.2.0/javax.activation-api-1.2.0.jar:/home/psotirop/.m2/repository/org/xmlunit/xmlunit-core/2.6.3/xmlunit-core-2.6.3.jar:/home/psotirop/.m2/repository/org/apache/commons/commons-collections4/4.4/commons-collections4-4.4.jar:/home/psotirop/.m2/repository/com/google/guava/guava/31.1-jre/guava-31.1-jre.jar:/home/psotirop/.m2/repository/org/jboss/logging/jboss-logging-annotations/2.2.1.Final/jboss-logging-annotations-2.2.1.Final.jar:/home/psotirop/.m2/repository/org/codehaus/plexus/plexus-utils/3.1.1/plexus-utils-3.1.1.jar:/home/psotirop/.m2/repository/org/wildfly/core/wildfly-elytron-integration/19.0.0.Beta18/wildfly-elytron-integration-19.0.0.Beta18.jar:/home/psotirop/.m2/repository/org/wildfly/core/wildfly-controller-client/19.0.0.Beta18/wildfly-controller-client-19.0.0.Beta18.jar:/home/psotirop/.m2/repository/org/wildfly/core/wildfly-protocol/19.0.0.Beta18/wildfly-protocol-19.0.0.Beta18.jar:/home/psotirop/.m2/repository/org/wildfly/security/wildfly-elytron-keystore/2.0.0.Final/wildfly-elytron-keystore-2.0.0.Final.jar:/home/psotirop/.m2/repository/org/jboss/spec/javax/security/jacc/jboss-jacc-api_1.5_spec/2.0.0.Final/jboss-jacc-api_1.5_spec-2.0.0.Final.jar:/home/psotirop/.m2/repository/org/glassfish/jakarta.json/1.1.6/jakarta.json-1.1.6.jar:/home/psotirop/.m2/repository/org/wildfly/security/wildfly-elytron-audit/2.0.0.Final/wildfly-elytron-audit-2.0.0.Final.jar:/home/psotirop/.m2/repository/org/wildfly/security/wildfly-elytron-auth-server-http/2.0.0.Final/wildfly-elytron-auth-server-http-2.0.0.Final.jar:/home/psotirop/.m2/repository/org/wildfly/security/wildfly-elytron-auth-server-deprecated/2.0.0.Final/wildfly-elytron-auth-server-deprecated-2.0.0.Final.jar:/home/psotirop/.m2/repository/org/wildfly/security/wildfly-elytron-auth-server-sasl/2.0.0.Final/wildfly-elytron-auth-server-sasl-2.0.0.Final.jar:/home/psotirop/.m2/repository/org/wildfly/security/wildfly-elytron-auth-util/2.0.0.Final/wildfly-elytron-auth-util-2.0.0.Final.jar:/home/psotirop/.m2/repository/org/wildfly/security/wildfly-elytron-mechanism-gssapi/2.0.0.Final/wildfly-elytron-mechanism-gssapi-2.0.0.Final.jar:/home/psotirop/.m2/repository/org/wildfly/security/wildfly-elytron-realm-jdbc/2.0.0.Final/wildfly-elytron-realm-jdbc-2.0.0.Final.jar:/home/psotirop/.m2/repository/org/wildfly/security/wildfly-elytron-realm-ldap/2.0.0.Final/wildfly-elytron-realm-ldap-2.0.0.Final.jar:/home/psotirop/.m2/repository/org/wildfly/security/wildfly-elytron-realm-token/2.0.0.Final/wildfly-elytron-realm-token-2.0.0.Final.jar:/home/psotirop/.m2/repository/org/wildfly/security/wildfly-elytron-json-util/2.0.0.Final/wildfly-elytron-json-util-2.0.0.Final.jar:/home/psotirop/.m2/repository/org/wildfly/security/wildfly-elytron-sasl-digest/2.0.0.Final/wildfly-elytron-sasl-digest-2.0.0.Final.jar:/home/psotirop/.m2/repository/org/wildfly/security/wildfly-elytron-mechanism-digest/2.0.0.Final/wildfly-elytron-mechanism-digest-2.0.0.Final.jar:/home/psotirop/.m2/repository/org/wildfly/security/wildfly-elytron-sasl-plain/2.0.0.Final/wildfly-elytron-sasl-plain-2.0.0.Final.jar:/home/psotirop/.m2/repository/org/wildfly/security/wildfly-elytron-sasl-scram/2.0.0.Final/wildfly-elytron-sasl-scram-2.0.0.Final.jar:/home/psotirop/.m2/repository/org/wildfly/security/wildfly-elytron-mechanism-scram/2.0.0.Final/wildfly-elytron-mechanism-scram-2.0.0.Final.jar:/home/psotirop/.m2/repository/org/wildfly/security/wildfly-elytron-x500-cert-acme/2.0.0.Final/wildfly-elytron-x500-cert-acme-2.0.0.Final.jar:/home/psotirop/.m2/repository/org/wildfly/security/wildfly-elytron-x500-principal/2.0.0.Final/wildfly-elytron-x500-principal-2.0.0.Final.jar:/home/psotirop/.m2/repository/org/wildfly/core/wildfly-cli/19.0.0.Beta18/wildfly-cli-19.0.0.Beta18.jar:/home/psotirop/.m2/repository/org/aesh/readline/2.2/readline-2.2.jar:/home/psotirop/.m2/repository/org/fusesource/jansi/jansi/1.18/jansi-1.18.jar:/home/psotirop/.m2/repository/org/aesh/aesh/2.4/aesh-2.4.jar:/home/psotirop/.m2/repository/org/aesh/aesh-extensions/1.8/aesh-extensions-1.8.jar:/home/psotirop/.m2/repository/org/wildfly/core/wildfly-embedded/19.0.0.Beta18/wildfly-embedded-19.0.0.Beta18.jar:/home/psotirop/.m2/repository/org/wildfly/security/wildfly-elytron-base/2.0.0.Final/wildfly-elytron-base-2.0.0.Final.jar:/home/psotirop/.m2/repository/org/wildfly/security/wildfly-elytron-password-impl/2.0.0.Final/wildfly-elytron-password-impl-2.0.0.Final.jar:/home/psotirop/.m2/repository/jakarta/json/jakarta.json-api/2.1.1/jakarta.json-api-2.1.1.jar:/home/psotirop/.m2/repository/org/eclipse/parsson/parsson/1.1.1/parsson-1.1.1.jar:/home/psotirop/.m2/repository/org/eclipse/yasson/3.0.1/yasson-3.0.1.jar:/home/psotirop/.m2/repository/javax/json/bind/javax.json.bind-api/1.0/javax.json.bind-api-1.0.jar:/home/psotirop/.m2/repository/net/sourceforge/htmlunit/htmlunit/2.60.0/htmlunit-2.60.0.jar:/home/psotirop/.m2/repository/org/apache/httpcomponents/httpmime/4.5.13/httpmime-4.5.13.jar:/home/psotirop/.m2/repository/net/sourceforge/htmlunit/htmlunit-core-js/2.60.0/htmlunit-core-js-2.60.0.jar:/home/psotirop/.m2/repository/net/sourceforge/htmlunit/neko-htmlunit/2.60.0/neko-htmlunit-2.60.0.jar:/home/psotirop/.m2/repository/xerces/xercesImpl/2.12.0.SP04/xercesImpl-2.12.0.SP04.jar:/home/psotirop/.m2/repository/net/sourceforge/htmlunit/htmlunit-cssparser/1.11.0/htmlunit-cssparser-1.11.0.jar:/home/psotirop/.m2/repository/org/apache/commons/commons-lang3/3.12.0/commons-lang3-3.12.0.jar:/home/psotirop/.m2/repository/org/apache/commons/commons-text/1.9/commons-text-1.9.jar:/home/psotirop/.m2/repository/commons-net/commons-net/3.8.0/commons-net-3.8.0.jar:/home/psotirop/.m2/repository/org/brotli/dec/0.1.2/dec-0.1.2.jar:/home/psotirop/.m2/repository/com/shapesecurity/salvation2/3.0.0/salvation2-3.0.0.jar:/home/psotirop/.m2/repository/org/eclipse/jetty/websocket/websocket-client/9.4.45.v20220203/websocket-client-9.4.45.v20220203.jar:/home/psotirop/.m2/repository/org/eclipse/jetty/jetty-client/9.4.45.v20220203/jetty-client-9.4.45.v20220203.jar:/home/psotirop/.m2/repository/org/eclipse/jetty/jetty-http/9.2.30.v20200428/jetty-http-9.2.30.v20200428.jar:/home/psotirop/.m2/repository/org/eclipse/jetty/jetty-util/9.2.30.v20200428/jetty-util-9.2.30.v20200428.jar:/home/psotirop/.m2/repository/org/eclipse/jetty/jetty-io/9.2.30.v20200428/jetty-io-9.2.30.v20200428.jar:/home/psotirop/.m2/repository/org/eclipse/jetty/websocket/websocket-common/9.4.45.v20220203/websocket-common-9.4.45.v20220203.jar:/home/psotirop/.m2/repository/org/eclipse/jetty/websocket/websocket-api/9.4.45.v20220203/websocket-api-9.4.45.v20220203.jar:/home/psotirop/.m2/repository/org/seleniumhq/selenium/selenium-api/4.4.0/selenium-api-4.4.0.jar:/home/psotirop/.m2/repository/org/seleniumhq/selenium/selenium-support/4.4.0/selenium-support-4.4.0.jar:/home/psotirop/.m2/repository/com/google/auto/service/auto-service-annotations/1.0.1/auto-service-annotations-1.0.1.jar:/home/psotirop/.m2/repository/com/google/auto/service/auto-service/1.0.1/auto-service-1.0.1.jar:/home/psotirop/.m2/repository/com/google/auto/auto-common/1.2/auto-common-1.2.jar:/home/psotirop/.m2/repository/net/bytebuddy/byte-buddy/1.12.9/byte-buddy-1.12.9.jar:/home/psotirop/.m2/repository/org/seleniumhq/selenium/selenium-json/4.4.0/selenium-json-4.4.0.jar:/home/psotirop/.m2/repository/org/seleniumhq/selenium/selenium-remote-driver/4.4.0/selenium-remote-driver-4.4.0.jar:/home/psotirop/.m2/repository/com/beust/jcommander/1.78/jcommander-1.78.jar:/home/psotirop/.m2/repository/io/netty/netty-transport-native-epoll/4.1.78.Final/netty-transport-native-epoll-4.1.78.Final.jar:/home/psotirop/.m2/repository/io/netty/netty-transport-native-kqueue/4.1.78.Final/netty-transport-native-kqueue-4.1.78.Final.jar:/home/psotirop/.m2/repository/io/opentelemetry/opentelemetry-api/1.12.0/opentelemetry-api-1.12.0.jar:/home/psotirop/.m2/repository/io/opentelemetry/opentelemetry-context/1.12.0/opentelemetry-context-1.12.0.jar:/home/psotirop/.m2/repository/io/opentelemetry/opentelemetry-exporter-logging/1.16.0/opentelemetry-exporter-logging-1.16.0.jar:/home/psotirop/.m2/repository/io/opentelemetry/opentelemetry-sdk-metrics/1.12.0-alpha/opentelemetry-sdk-metrics-1.12.0-alpha.jar:/home/psotirop/.m2/repository/io/opentelemetry/opentelemetry-sdk-logs/1.12.0-alpha/opentelemetry-sdk-logs-1.12.0-alpha.jar:/home/psotirop/.m2/repository/io/opentelemetry/opentelemetry-sdk-common/1.12.0/opentelemetry-sdk-common-1.12.0.jar:/home/psotirop/.m2/repository/io/opentelemetry/opentelemetry-sdk-extension-autoconfigure-spi/1.16.0/opentelemetry-sdk-extension-autoconfigure-spi-1.16.0.jar:/home/psotirop/.m2/repository/io/opentelemetry/opentelemetry-sdk-extension-autoconfigure/1.16.0-alpha/opentelemetry-sdk-extension-autoconfigure-1.16.0-alpha.jar:/home/psotirop/.m2/repository/io/opentelemetry/opentelemetry-sdk-trace/1.12.0/opentelemetry-sdk-trace-1.12.0.jar:/home/psotirop/.m2/repository/io/opentelemetry/opentelemetry-sdk/1.12.0/opentelemetry-sdk-1.12.0.jar:/home/psotirop/.m2/repository/io/opentelemetry/opentelemetry-semconv/1.12.0-alpha/opentelemetry-semconv-1.12.0-alpha.jar:/home/psotirop/.m2/repository/io/ous/jtoml/2.0.0/jtoml-2.0.0.jar:/home/psotirop/.m2/repository/org/apache/commons/commons-exec/1.3/commons-exec-1.3.jar:/home/psotirop/.m2/repository/org/asynchttpclient/async-http-client/2.12.3/async-http-client-2.12.3.jar:/home/psotirop/.m2/repository/org/asynchttpclient/async-http-client-netty-utils/2.12.3/async-http-client-netty-utils-2.12.3.jar:/home/psotirop/.m2/repository/com/typesafe/netty/netty-reactive-streams/2.0.4/netty-reactive-streams-2.0.4.jar:/home/psotirop/.m2/repository/org/seleniumhq/selenium/selenium-http/4.4.0/selenium-http-4.4.0.jar:/home/psotirop/.m2/repository/dev/failsafe/failsafe/3.2.4/failsafe-3.2.4.jar:/home/psotirop/.m2/repository/org/seleniumhq/selenium/selenium-firefox-driver/4.4.0/selenium-firefox-driver-4.4.0.jar:/home/psotirop/.m2/repository/org/seleniumhq/selenium/selenium-devtools-v85/4.4.0/selenium-devtools-v85-4.4.0.jar:/home/psotirop/.m2/repository/org/jboss/resteasy/resteasy-jaxb-provider/6.2.0.Final/resteasy-jaxb-provider-6.2.0.Final.jar:/home/psotirop/.m2/repository/org/jboss/resteasy/resteasy-jackson2-provider/6.2.0.Final/resteasy-jackson2-provider-6.2.0.Final.jar:/home/psotirop/.m2/repository/com/h2database/h2/2.1.210/h2-2.1.210.jar:/home/psotirop/.m2/repository/org/dom4j/dom4j/2.1.3/dom4j-2.1.3.jar:/home/psotirop/.m2/repository/jakarta/annotation/jakarta.annotation-api/2.1.1/jakarta.annotation-api-2.1.1.jar:/home/psotirop/.m2/repository/jakarta/xml/ws/jakarta.xml.ws-api/4.0.0/jakarta.xml.ws-api-4.0.0.jar:/home/psotirop/.m2/repository/jakarta/xml/soap/jakarta.xml.soap-api/3.0.0/jakarta.xml.soap-api-3.0.0.jar:/home/psotirop/.m2/repository/org/apache/axis2/axis2-adb/1.8.2/axis2-adb-1.8.2.jar:/home/psotirop/.m2/repository/org/apache/ws/commons/axiom/axiom-dom/1.4.0/axiom-dom-1.4.0.jar:/home/psotirop/.m2/repository/com/fasterxml/woodstox/woodstox-core/6.2.8/woodstox-core-6.2.8.jar:/home/psotirop/.m2/repository/org/apache/axis2/axis2-transport-local/1.8.2/axis2-transport-local-1.8.2.jar:/home/psotirop/.m2/repository/jakarta/xml/bind/jakarta.xml.bind-api/4.0.0/jakarta.xml.bind-api-4.0.0.jar:/home/psotirop/.m2/repository/jakarta/batch/jakarta.batch-api/2.1.1/jakarta.batch-api-2.1.1.jar:/home/psotirop/.m2/repository/org/wildfly/wildfly-batch-jberet/27.0.0.Final-SNAPSHOT/wildfly-batch-jberet-27.0.0.Final-SNAPSHOT.jar:/home/psotirop/.m2/repository/org/jberet/jberet-core/2.1.1.Final/jberet-core-2.1.1.Final.jar:/home/psotirop/.m2/repository/jakarta/servlet/jakarta.servlet-api/6.0.0/jakarta.servlet-api-6.0.0.jar:/home/psotirop/.m2/repository/jakarta/servlet/jsp/jakarta.servlet.jsp-api/3.1.0/jakarta.servlet.jsp-api-3.1.0.jar:/home/psotirop/.m2/repository/jakarta/servlet/jsp/jstl/jakarta.servlet.jsp.jstl-api/3.0.0/jakarta.servlet.jsp.jstl-api-3.0.0.jar:/home/psotirop/.m2/repository/javax/enterprise/cdi-api/2.0/cdi-api-2.0.jar:/home/psotirop/.m2/repository/javax/el/javax.el-api/3.0.0/javax.el-api-3.0.0.jar:/home/psotirop/.m2/repository/javax/interceptor/javax.interceptor-api/1.2/javax.interceptor-api-1.2.jar:/home/psotirop/.m2/repository/javax/inject/javax.inject/1/javax.inject-1.jar:/home/psotirop/.m2/repository/org/jboss/jboss-ejb-client-jakarta/4.0.47.Final/jboss-ejb-client-jakarta-4.0.47.Final.jar:/home/psotirop/.m2/repository/jakarta/ejb/jakarta.ejb-api/4.0.1/jakarta.ejb-api-4.0.1.jar:/home/psotirop/.m2/repository/org/wildfly/wildfly-ejb3-jakarta/27.0.0.Final-SNAPSHOT/wildfly-ejb3-jakarta-27.0.0.Final-SNAPSHOT.jar:/home/psotirop/.m2/repository/jakarta/json/bind/jakarta.json.bind-api/3.0.0/jakarta.json.bind-api-3.0.0.jar:/home/psotirop/.m2/repository/org/apache/cxf/cxf-api/2.7.18/cxf-api-2.7.18.jar:/home/psotirop/.m2/repository/org/codehaus/woodstox/woodstox-core-asl/4.4.1/woodstox-core-asl-4.4.1.jar:/home/psotirop/.m2/repository/org/codehaus/woodstox/stax2-api/4.2.1/stax2-api-4.2.1.jar:/home/psotirop/.m2/repository/org/apache/geronimo/specs/geronimo-javamail_1.4_spec/1.7.1/geronimo-javamail_1.4_spec-1.7.1.jar:/home/psotirop/.m2/repository/wsdl4j/wsdl4j/1.6.3/wsdl4j-1.6.3.jar:/home/psotirop/.m2/repository/org/apache/cxf/cxf-rt-core/2.7.18/cxf-rt-core-2.7.18.jar:/home/psotirop/.m2/repository/com/sun/xml/bind/jaxb-impl/2.1.13/jaxb-impl-2.1.13.jar:/home/psotirop/.m2/repository/org/apache/cxf/cxf-rt-wsdl/3.5.2-jbossorg-3/cxf-rt-wsdl-3.5.2-jbossorg-3.jar:/home/psotirop/.m2/repository/org/apache/cxf/cxf-rt-bindings-soap/3.5.2-jbossorg-3/cxf-rt-bindings-soap-3.5.2-jbossorg-3.jar:/home/psotirop/.m2/repository/org/wildfly/wildfly-clustering-common/27.0.0.Final-SNAPSHOT/wildfly-clustering-common-27.0.0.Final-SNAPSHOT.jar:/home/psotirop/.m2/repository/org/wildfly/wildfly-clustering-marshalling-api/27.0.0.Final-SNAPSHOT/wildfly-clustering-marshalling-api-27.0.0.Final-SNAPSHOT.jar:/home/psotirop/.m2/repository/org/wildfly/wildfly-clustering-singleton-api/27.0.0.Final-SNAPSHOT/wildfly-clustering-singleton-api-27.0.0.Final-SNAPSHOT.jar:/home/psotirop/.m2/repository/org/wildfly/wildfly-clustering-server-api/27.0.0.Final-SNAPSHOT/wildfly-clustering-server-api-27.0.0.Final-SNAPSHOT.jar:/home/psotirop/.m2/repository/org/wildfly/wildfly-clustering-service/27.0.0.Final-SNAPSHOT/wildfly-clustering-service-27.0.0.Final-SNAPSHOT.jar:/home/psotirop/.m2/repository/org/jboss/eap/additional/testsuite/eap-additional-testsuite-source-distribution/3.0.0.Final/eap-additional-testsuite-source-distribution-3.0.0.Final.jar:/home/psotirop/.m2/repository/org/jboss/eap/additional/testsuite/eap-additional-testsuite-annotations/3.0.0.Final/eap-additional-testsuite-annotations-3.0.0.Final.jar:/home/psotirop/EAT/CI/program/wildfly/at/EAT/modules/testcases/jdkAll/WildflyJakarta/jaxrs/test-configurations/../../../../../src/config/arqWildflyJakarta:"/>
    <property name="sun.cpu.endian" value="little"/>
    <property name="user.home" value="/home/psotirop"/>
    <property name="user.language" value="en"/>
    <property name="standalone" value="true"/>
    <property name="java.specification.vendor" value="Oracle Corporation"/>
    <property name="java.version.date" value="2021-07-20"/>
    <property name="java.home" value="/home/psotirop/Downloads/jdk-11.0.12_linux-x64_bin/jdk-11.0.12"/>
    <property name="file.separator" value="/"/>
    <property name="basedir" value="/home/psotirop/EAT/CI/program/wildfly/at/EAT/modules/testcases/jdkAll/WildflyJakarta/jaxrs/test-configurations"/>
    <property name="java.vm.compressedOopsMode" value="Zero based"/>
    <property name="line.separator" value="&#10;"/>
    <property name="java.specification.name" value="Java Platform API Specification"/>
    <property name="java.vm.specification.vendor" value="Oracle Corporation"/>
    <property name="jboss.home" value="/home/psotirop/EAT/CI/program/wildfly/at/EAT/modules/testcases/jdkAll/WildflyJakarta/jaxrs/test-configurations/../../../../../servers/wildfly/build/target/jbossas"/>
    <property name="java.awt.graphicsenv" value="sun.awt.X11GraphicsEnvironment"/>
    <property name="surefire.real.class.path" value="/home/psotirop/EAT/CI/program/wildfly/at/EAT/modules/testcases/jdkAll/WildflyJakarta/jaxrs/test-configurations/target/surefire/surefirebooter16569307817343456948.jar"/>
    <property name="sun.management.compiler" value="HotSpot 64-Bit Tiered Compilers"/>
    <property name="java.runtime.version" value="11.0.12+8-LTS-237"/>
    <property name="user.name" value="psotirop"/>
    <property name="path.separator" value=":"/>
    <property name="os.version" value="5.11.12-300.fc34.x86_64"/>
    <property name="java.runtime.name" value="Java(TM) SE Runtime Environment"/>
    <property name="file.encoding" value="UTF-8"/>
    <property name="java.vm.name" value="Java HotSpot(TM) 64-Bit Server VM"/>
    <property name="java.vendor.version" value="18.9"/>
    <property name="localRepository" value="/home/psotirop/.m2/repository"/>
    <property name="java.vendor.url.bug" value="https://bugreport.java.com/bugreport/"/>
    <property name="java.io.tmpdir" value="/home/psotirop/EAT/CI/program/wildfly/at/EAT/modules/testcases/jdkAll/WildflyJakarta/jaxrs/test-configurations/target"/>
    <property name="java.version" value="11.0.12"/>
    <property name="user.dir" value="/home/psotirop/EAT/CI/program/wildfly/at/EAT/modules/testcases/jdkAll/WildflyJakarta/jaxrs/test-configurations"/>
    <property name="os.arch" value="amd64"/>
    <property name="java.vm.specification.name" value="Java Virtual Machine Specification"/>
    <property name="java.awt.printerjob" value="sun.print.PSPrinterJob"/>
    <property name="sun.os.patch.level" value="unknown"/>
    <property name="java.library.path" value="/usr/java/packages/lib:/usr/lib64:/lib64:/lib:/usr/lib"/>
    <property name="java.vendor" value="Oracle Corporation"/>
    <property name="java.vm.info" value="mixed mode"/>
    <property name="java.vm.version" value="11.0.12+8-LTS-237"/>
    <property name="sun.io.unicode.encoding" value="UnicodeLittle"/>
    <property name="enforcer.skip" value="true"/>
    <property name="java.class.version" value="55.0"/>
  </properties>
  <testcase name="testJaxRsWithNoApplication" classname="org.jboss.additional.testsuite.jdkall.present.jaxrs.jaxb.JaxbProviderTestCase" time="0.022"/>
</testsuite>